SF:/Users/terrynoblin/Projects/harness-ultragoal-plugin-proposal/validator/src/archive.rs
FN:155,_RNCNvNtCs2P4Zpu7suSA_19ultragoal_validator7archive12read_entries0B5_
FN:25,_RNCNvNtCs2P4Zpu7suSA_19ultragoal_validator7archive13build_archive0B5_
FN:27,_RNCNvNtCs2P4Zpu7suSA_19ultragoal_validator7archive13build_archives_0B5_
FN:134,_RNCNvNtCs2P4Zpu7suSA_19ultragoal_validator7archive18path_hygiene_error0B5_
FN:140,_RNCNvNtCs2P4Zpu7suSA_19ultragoal_validator7archive18path_hygiene_errors0_0B5_
FN:137,_RNCNvNtCs2P4Zpu7suSA_19ultragoal_validator7archive18path_hygiene_errors_0B5_
FN:146,_RNvNtCs2P4Zpu7suSA_19ultragoal_validator7archive12read_entries
FN:83,_RNvNtCs2P4Zpu7suSA_19ultragoal_validator7archive13archive_paths
FN:12,_RNvNtCs2P4Zpu7suSA_19ultragoal_validator7archive13build_archive
FN:132,_RNvNtCs2P4Zpu7suSA_19ultragoal_validator7archive18path_hygiene_error
FN:74,_RNvNtCs2P4Zpu7suSA_19ultragoal_validator7archive21archive_claim_ceiling
FN:90,_RNvNtCs2P4Zpu7suSA_19ultragoal_validator7archive21archive_inputs_closed
FN:65,_RNvNtCs2P4Zpu7suSA_19ultragoal_validator7archive24validate_archive_purpose
FN:122,_RNvNtCs2P4Zpu7suSA_19ultragoal_validator7archive26file_contains_private_path
FN:146,_RNvNtCsbOKKjDYHtwk_19ultragoal_validator7archive12read_entries
FN:83,_RNvNtCsbOKKjDYHtwk_19ultragoal_validator7archive13archive_paths
FN:12,_RNvNtCsbOKKjDYHtwk_19ultragoal_validator7archive13build_archive
FN:132,_RNvNtCsbOKKjDYHtwk_19ultragoal_validator7archive18path_hygiene_error
FN:74,_RNvNtCsbOKKjDYHtwk_19ultragoal_validator7archive21archive_claim_ceiling
FN:90,_RNvNtCsbOKKjDYHtwk_19ultragoal_validator7archive21archive_inputs_closed
FN:65,_RNvNtCsbOKKjDYHtwk_19ultragoal_validator7archive24validate_archive_purpose
FN:122,_RNvNtCsbOKKjDYHtwk_19ultragoal_validator7archive26file_contains_private_path
FN:155,_RNCNvNtCsbOKKjDYHtwk_19ultragoal_validator7archive12read_entries0B5_
FN:25,_RNCNvNtCsbOKKjDYHtwk_19ultragoal_validator7archive13build_archive0B5_
FN:27,_RNCNvNtCsbOKKjDYHtwk_19ultragoal_validator7archive13build_archives_0B5_
FN:134,_RNCNvNtCsbOKKjDYHtwk_19ultragoal_validator7archive18path_hygiene_error0B5_
FN:140,_RNCNvNtCsbOKKjDYHtwk_19ultragoal_validator7archive18path_hygiene_errors0_0B5_
FN:137,_RNCNvNtCsbOKKjDYHtwk_19ultragoal_validator7archive18path_hygiene_errors_0B5_
FNDA:0,_RNCNvNtCs2P4Zpu7suSA_19ultragoal_validator7archive12read_entries0B5_
FNDA:0,_RNCNvNtCs2P4Zpu7suSA_19ultragoal_validator7archive13build_archive0B5_
FNDA:0,_RNCNvNtCs2P4Zpu7suSA_19ultragoal_validator7archive13build_archives_0B5_
FNDA:0,_RNCNvNtCs2P4Zpu7suSA_19ultragoal_validator7archive18path_hygiene_error0B5_
FNDA:0,_RNCNvNtCs2P4Zpu7suSA_19ultragoal_validator7archive18path_hygiene_errors0_0B5_
FNDA:0,_RNCNvNtCs2P4Zpu7suSA_19ultragoal_validator7archive18path_hygiene_errors_0B5_
FNDA:0,_RNvNtCs2P4Zpu7suSA_19ultragoal_validator7archive12read_entries
FNDA:0,_RNvNtCs2P4Zpu7suSA_19ultragoal_validator7archive13archive_paths
FNDA:0,_RNvNtCs2P4Zpu7suSA_19ultragoal_validator7archive13build_archive
FNDA:0,_RNvNtCs2P4Zpu7suSA_19ultragoal_validator7archive18path_hygiene_error
FNDA:0,_RNvNtCs2P4Zpu7suSA_19ultragoal_validator7archive21archive_claim_ceiling
FNDA:0,_RNvNtCs2P4Zpu7suSA_19ultragoal_validator7archive21archive_inputs_closed
FNDA:0,_RNvNtCs2P4Zpu7suSA_19ultragoal_validator7archive24validate_archive_purpose
FNDA:0,_RNvNtCs2P4Zpu7suSA_19ultragoal_validator7archive26file_contains_private_path
FNDA:1,_RNvNtCsbOKKjDYHtwk_19ultragoal_validator7archive12read_entries
FNDA:1,_RNvNtCsbOKKjDYHtwk_19ultragoal_validator7archive13archive_paths
FNDA:1,_RNvNtCsbOKKjDYHtwk_19ultragoal_validator7archive13build_archive
FNDA:3858,_RNvNtCsbOKKjDYHtwk_19ultragoal_validator7archive18path_hygiene_error
FNDA:1,_RNvNtCsbOKKjDYHtwk_19ultragoal_validator7archive21archive_claim_ceiling
FNDA:1,_RNvNtCsbOKKjDYHtwk_19ultragoal_validator7archive21archive_inputs_closed
FNDA:1,_RNvNtCsbOKKjDYHtwk_19ultragoal_validator7archive24validate_archive_purpose
FNDA:3858,_RNvNtCsbOKKjDYHtwk_19ultragoal_validator7archive26file_contains_private_path
FNDA:0,_RNCNvNtCsbOKKjDYHtwk_19ultragoal_validator7archive12read_entries0B5_
FNDA:3858,_RNCNvNtCsbOKKjDYHtwk_19ultragoal_validator7archive13build_archive0B5_
FNDA:0,_RNCNvNtCsbOKKjDYHtwk_19ultragoal_validator7archive13build_archives_0B5_
FNDA:17872,_RNCNvNtCsbOKKjDYHtwk_19ultragoal_validator7archive18path_hygiene_error0B5_
FNDA:7716,_RNCNvNtCsbOKKjDYHtwk_19ultragoal_validator7archive18path_hygiene_errors0_0B5_
FNDA:3858,_RNCNvNtCsbOKKjDYHtwk_19ultragoal_validator7archive18path_hygiene_errors_0B5_
FNF:14
FNH:12
DA:12,1
DA:13,1
DA:14,1
DA:15,1
DA:16,1
DA:17,1
DA:18,1
DA:19,1
DA:20,1
DA:21,1
DA:22,1
DA:23,1
DA:24,1
DA:25,3858
DA:26,1
DA:27,1
DA:28,1
DA:29,1
DA:30,1
DA:31,1
DA:32,1
DA:33,1
DA:34,1
DA:35,1
DA:36,1
DA:37,1
DA:38,1
DA:39,1
DA:41,1
DA:42,1
DA:43,1
DA:44,1
DA:45,1
DA:47,1
DA:48,1
DA:49,1
DA:50,1
DA:51,1
DA:52,1
DA:53,1
DA:54,1
DA:55,1
DA:57,1
DA:58,1
DA:59,1
DA:60,1
DA:63,1
DA:65,1
DA:66,1
DA:67,1
DA:68,0
DA:69,0
DA:70,0
DA:72,1
DA:74,1
DA:75,1
DA:76,1
DA:77,1
DA:79,0
DA:81,1
DA:83,1
DA:84,1
DA:85,1
DA:86,1
DA:87,1
DA:88,1
DA:90,1
DA:91,1
DA:92,3858
DA:93,3858
DA:94,0
DA:95,0
DA:96,3858
DA:97,3858
DA:98,0
DA:99,0
DA:100,3858
DA:101,3858
DA:102,3858
DA:103,0
DA:104,3858
DA:105,0
DA:106,3858
DA:107,0
DA:108,3858
DA:109,0
DA:110,3858
DA:112,1
DA:113,1
DA:115,0
DA:116,0
DA:117,0
DA:118,0
DA:120,1
DA:122,3858
DA:123,3858
DA:124,0
DA:126,3858
DA:127,0
DA:129,3858
DA:130,3858
DA:132,3858
DA:133,3858
DA:134,17872
DA:135,0
DA:136,3858
DA:137,3858
DA:138,0
DA:139,3858
DA:140,7716
DA:141,0
DA:142,3858
DA:143,3858
DA:144,3858
DA:146,1
DA:147,1
DA:148,1
DA:149,1
DA:150,1
DA:151,1
DA:152,3858
DA:153,3858
DA:154,3858
DA:155,3858
DA:156,3858
DA:157,3858
DA:158,3858
DA:159,3858
DA:163,1
DA:164,1
BRF:0
BRH:0
LF:136
LH:113
end_of_record
SF:/Users/terrynoblin/Projects/harness-ultragoal-plugin-proposal/validator/src/archive_names.rs
FN:59,_RNvNtNtCs2P4Zpu7suSA_19ultragoal_validator13archive_names5testss_27rejects_traversal_zip_roots
FN:78,_RNvNtNtCs2P4Zpu7suSA_19ultragoal_validator13archive_names5testss_29accepts_canonical_entry_paths
FN:66,_RNvNtNtCs2P4Zpu7suSA_19ultragoal_validator13archive_names5testss_29rejects_traversal_entry_paths
FN:27,_RNvNtCs2P4Zpu7suSA_19ultragoal_validator13archive_names10entry_name
FN:3,_RNvNtCs2P4Zpu7suSA_19ultragoal_validator13archive_names17validate_zip_root
FN:33,_RNvNtCs2P4Zpu7suSA_19ultragoal_validator13archive_names18validate_entry_rel
FN:21,_RNCNvNtCs2P4Zpu7suSA_19ultragoal_validator13archive_names17validate_zip_root0B5_
FN:43,_RNCNvNtCs2P4Zpu7suSA_19ultragoal_validator13archive_names18validate_entry_rel0B5_
FN:21,_RNCNvNtCsbOKKjDYHtwk_19ultragoal_validator13archive_names17validate_zip_root0B5_
FN:43,_RNCNvNtCsbOKKjDYHtwk_19ultragoal_validator13archive_names18validate_entry_rel0B5_
FN:27,_RNvNtCsbOKKjDYHtwk_19ultragoal_validator13archive_names10entry_name
FN:3,_RNvNtCsbOKKjDYHtwk_19ultragoal_validator13archive_names17validate_zip_root
FN:33,_RNvNtCsbOKKjDYHtwk_19ultragoal_validator13archive_names18validate_entry_rel
FNDA:1,_RNvNtNtCs2P4Zpu7suSA_19ultragoal_validator13archive_names5testss_27rejects_traversal_zip_roots
FNDA:1,_RNvNtNtCs2P4Zpu7suSA_19ultragoal_validator13archive_names5testss_29accepts_canonical_entry_paths
FNDA:1,_RNvNtNtCs2P4Zpu7suSA_19ultragoal_validator13archive_names5testss_29rejects_traversal_entry_paths
FNDA:5,_RNvNtCs2P4Zpu7suSA_19ultragoal_validator13archive_names10entry_name
FNDA:10,_RNvNtCs2P4Zpu7suSA_19ultragoal_validator13archive_names17validate_zip_root
FNDA:5,_RNvNtCs2P4Zpu7suSA_19ultragoal_validator13archive_names18validate_entry_rel
FNDA:165,_RNCNvNtCs2P4Zpu7suSA_19ultragoal_validator13archive_names17validate_zip_root0B5_
FNDA:42,_RNCNvNtCs2P4Zpu7suSA_19ultragoal_validator13archive_names18validate_entry_rel0B5_
FNDA:127347,_RNCNvNtCsbOKKjDYHtwk_19ultragoal_validator13archive_names17validate_zip_root0B5_
FNDA:296048,_RNCNvNtCsbOKKjDYHtwk_19ultragoal_validator13archive_names18validate_entry_rel0B5_
FNDA:3858,_RNvNtCsbOKKjDYHtwk_19ultragoal_validator13archive_names10entry_name
FNDA:3859,_RNvNtCsbOKKjDYHtwk_19ultragoal_validator13archive_names17validate_zip_root
FNDA:3858,_RNvNtCsbOKKjDYHtwk_19ultragoal_validator13archive_names18validate_entry_rel
FNF:8
FNH:8
DA:3,3869
DA:4,3869
DA:5,0
DA:6,3869
DA:7,3869
DA:8,0
DA:9,3869
DA:10,3869
DA:11,1
DA:12,3868
DA:13,3868
DA:14,0
DA:15,3868
DA:16,3868
DA:17,4
DA:18,4
DA:19,4
DA:20,3864
DA:21,127512
DA:22,0
DA:23,3864
DA:24,3864
DA:25,3869
DA:27,3863
DA:28,3863
DA:29,3863
DA:30,3859
DA:31,3863
DA:33,3863
DA:34,3863
DA:35,0
DA:36,3863
DA:37,3863
DA:38,1
DA:39,3862
DA:40,3862
DA:41,1
DA:42,3861
DA:43,296090
DA:44,0
DA:45,3861
DA:46,17877
DA:47,17877
DA:48,2
DA:49,17875
DA:51,3859
DA:52,3863
DA:59,1
DA:60,5
DA:61,5
DA:63,1
DA:66,1
DA:67,4
DA:68,1
DA:69,1
DA:70,1
DA:71,1
DA:72,1
DA:73,4
DA:75,1
DA:78,1
DA:79,1
DA:80,1
DA:82,1
DA:84,1
BRF:0
BRH:0
LF:67
LH:61
end_of_record
SF:/Users/terrynoblin/Projects/harness-ultragoal-plugin-proposal/validator/src/archive_zip.rs
FN:61,_RNCNvNtCs2P4Zpu7suSA_19ultragoal_validator11archive_zip18write_local_header0B5_
FN:63,_RNCNvNtCs2P4Zpu7suSA_19ultragoal_validator11archive_zip18write_local_headers_0B5_
FN:85,_RNCNvNtCs2P4Zpu7suSA_19ultragoal_validator11archive_zip20write_central_header0B5_
FN:107,_RNCNvNtCs2P4Zpu7suSA_19ultragoal_validator11archive_zip7pos_u320B5_
FN:108,_RNCNvNtCs2P4Zpu7suSA_19ultragoal_validator11archive_zip7pos_u32s_0B5_
FN:113,_RNCNvNtCs2P4Zpu7suSA_19ultragoal_validator11archive_zip9write_u160B5_
FN:118,_RNCNvNtCs2P4Zpu7suSA_19ultragoal_validator11archive_zip9write_u320B5_
FN:28,_RNCNvNtCs2P4Zpu7suSA_19ultragoal_validator11archive_zip9write_zip0B5_
FN:88,_RNvNtCs2P4Zpu7suSA_19ultragoal_validator11archive_zip16write_end_record
FN:48,_RNvNtCs2P4Zpu7suSA_19ultragoal_validator11archive_zip18write_local_header
FN:66,_RNvNtCs2P4Zpu7suSA_19ultragoal_validator11archive_zip20write_central_header
FN:33,_RNvNtCs2P4Zpu7suSA_19ultragoal_validator11archive_zip5crc32
FN:104,_RNvNtCs2P4Zpu7suSA_19ultragoal_validator11archive_zip7pos_u32
FN:111,_RNvNtCs2P4Zpu7suSA_19ultragoal_validator11archive_zip9write_u16
FN:116,_RNvNtCs2P4Zpu7suSA_19ultragoal_validator11archive_zip9write_u32
FN:15,_RNvNtCs2P4Zpu7suSA_19ultragoal_validator11archive_zip9write_zip
FN:61,_RNCNvNtCsbOKKjDYHtwk_19ultragoal_validator11archive_zip18write_local_header0B5_
FN:63,_RNCNvNtCsbOKKjDYHtwk_19ultragoal_validator11archive_zip18write_local_headers_0B5_
FN:85,_RNCNvNtCsbOKKjDYHtwk_19ultragoal_validator11archive_zip20write_central_header0B5_
FN:107,_RNCNvNtCsbOKKjDYHtwk_19ultragoal_validator11archive_zip7pos_u320B5_
FN:108,_RNCNvNtCsbOKKjDYHtwk_19ultragoal_validator11archive_zip7pos_u32s_0B5_
FN:113,_RNCNvNtCsbOKKjDYHtwk_19ultragoal_validator11archive_zip9write_u160B5_
FN:118,_RNCNvNtCsbOKKjDYHtwk_19ultragoal_validator11archive_zip9write_u320B5_
FN:28,_RNCNvNtCsbOKKjDYHtwk_19ultragoal_validator11archive_zip9write_zip0B5_
FN:88,_RNvNtCsbOKKjDYHtwk_19ultragoal_validator11archive_zip16write_end_record
FN:48,_RNvNtCsbOKKjDYHtwk_19ultragoal_validator11archive_zip18write_local_header
FN:66,_RNvNtCsbOKKjDYHtwk_19ultragoal_validator11archive_zip20write_central_header
FN:33,_RNvNtCsbOKKjDYHtwk_19ultragoal_validator11archive_zip5crc32
FN:104,_RNvNtCsbOKKjDYHtwk_19ultragoal_validator11archive_zip7pos_u32
FN:111,_RNvNtCsbOKKjDYHtwk_19ultragoal_validator11archive_zip9write_u16
FN:116,_RNvNtCsbOKKjDYHtwk_19ultragoal_validator11archive_zip9write_u32
FN:15,_RNvNtCsbOKKjDYHtwk_19ultragoal_validator11archive_zip9write_zip
FNDA:0,_RNCNvNtCs2P4Zpu7suSA_19ultragoal_validator11archive_zip18write_local_header0B5_
FNDA:0,_RNCNvNtCs2P4Zpu7suSA_19ultragoal_validator11archive_zip18write_local_headers_0B5_
FNDA:0,_RNCNvNtCs2P4Zpu7suSA_19ultragoal_validator11archive_zip20write_central_header0B5_
FNDA:0,_RNCNvNtCs2P4Zpu7suSA_19ultragoal_validator11archive_zip7pos_u320B5_
FNDA:0,_RNCNvNtCs2P4Zpu7suSA_19ultragoal_validator11archive_zip7pos_u32s_0B5_
FNDA:0,_RNCNvNtCs2P4Zpu7suSA_19ultragoal_validator11archive_zip9write_u160B5_
FNDA:0,_RNCNvNtCs2P4Zpu7suSA_19ultragoal_validator11archive_zip9write_u320B5_
FNDA:0,_RNCNvNtCs2P4Zpu7suSA_19ultragoal_validator11archive_zip9write_zip0B5_
FNDA:0,_RNvNtCs2P4Zpu7suSA_19ultragoal_validator11archive_zip16write_end_record
FNDA:0,_RNvNtCs2P4Zpu7suSA_19ultragoal_validator11archive_zip18write_local_header
FNDA:0,_RNvNtCs2P4Zpu7suSA_19ultragoal_validator11archive_zip20write_central_header
FNDA:0,_RNvNtCs2P4Zpu7suSA_19ultragoal_validator11archive_zip5crc32
FNDA:0,_RNvNtCs2P4Zpu7suSA_19ultragoal_validator11archive_zip7pos_u32
FNDA:0,_RNvNtCs2P4Zpu7suSA_19ultragoal_validator11archive_zip9write_u16
FNDA:0,_RNvNtCs2P4Zpu7suSA_19ultragoal_validator11archive_zip9write_u32
FNDA:0,_RNvNtCs2P4Zpu7suSA_19ultragoal_validator11archive_zip9write_zip
FNDA:0,_RNCNvNtCsbOKKjDYHtwk_19ultragoal_validator11archive_zip18write_local_header0B5_
FNDA:0,_RNCNvNtCsbOKKjDYHtwk_19ultragoal_validator11archive_zip18write_local_headers_0B5_
FNDA:0,_RNCNvNtCsbOKKjDYHtwk_19ultragoal_validator11archive_zip20write_central_header0B5_
FNDA:0,_RNCNvNtCsbOKKjDYHtwk_19ultragoal_validator11archive_zip7pos_u320B5_
FNDA:0,_RNCNvNtCsbOKKjDYHtwk_19ultragoal_validator11archive_zip7pos_u32s_0B5_
FNDA:0,_RNCNvNtCsbOKKjDYHtwk_19ultragoal_validator11archive_zip9write_u160B5_
FNDA:0,_RNCNvNtCsbOKKjDYHtwk_19ultragoal_validator11archive_zip9write_u320B5_
FNDA:0,_RNCNvNtCsbOKKjDYHtwk_19ultragoal_validator11archive_zip9write_zip0B5_
FNDA:1,_RNvNtCsbOKKjDYHtwk_19ultragoal_validator11archive_zip16write_end_record
FNDA:3858,_RNvNtCsbOKKjDYHtwk_19ultragoal_validator11archive_zip18write_local_header
FNDA:3858,_RNvNtCsbOKKjDYHtwk_19ultragoal_validator11archive_zip20write_central_header
FNDA:3858,_RNvNtCsbOKKjDYHtwk_19ultragoal_validator11archive_zip5crc32
FNDA:3860,_RNvNtCsbOKKjDYHtwk_19ultragoal_validator11archive_zip7pos_u32
FNDA:69449,_RNvNtCsbOKKjDYHtwk_19ultragoal_validator11archive_zip9write_u16
FNDA:38583,_RNvNtCsbOKKjDYHtwk_19ultragoal_validator11archive_zip9write_u32
FNDA:1,_RNvNtCsbOKKjDYHtwk_19ultragoal_validator11archive_zip9write_zip
FNF:16
FNH:8
DA:15,1
DA:16,1
DA:17,3858
DA:18,3858
DA:19,3858
DA:21,1
DA:22,3858
DA:23,3858
DA:25,1
DA:26,1
DA:27,1
DA:28,1
DA:29,1
DA:30,1
DA:31,1
DA:33,3858
DA:34,3858
DA:35,21310893
DA:36,21310893
DA:37,21310893
DA:38,170487144
DA:39,85212104
DA:41,85275040
DA:45,3858
DA:46,3858
DA:48,3858
DA:49,3858
DA:50,3858
DA:51,3858
DA:52,3858
DA:53,3858
DA:54,3858
DA:55,3858
DA:56,3858
DA:57,3858
DA:58,3858
DA:59,3858
DA:60,3858
DA:61,3858
DA:62,3858
DA:63,3858
DA:64,3858
DA:66,3858
DA:67,3858
DA:68,3858
DA:69,3858
DA:70,3858
DA:71,3858
DA:72,3858
DA:73,3858
DA:74,3858
DA:75,3858
DA:76,3858
DA:77,3858
DA:78,3858
DA:79,3858
DA:80,3858
DA:81,3858
DA:82,3858
DA:83,3858
DA:84,3858
DA:85,3858
DA:86,3858
DA:88,1
DA:89,1
DA:90,1
DA:91,1
DA:92,1
DA:93,1
DA:94,1
DA:95,1
DA:96,1
DA:97,1
DA:98,1
DA:99,1
DA:100,1
DA:101,1
DA:102,1
DA:104,3860
DA:105,3860
DA:106,3860
DA:107,3860
DA:108,3860
DA:109,3860
DA:111,69449
DA:112,69449
DA:113,69449
DA:114,69449
DA:116,38583
DA:117,38583
DA:118,38583
DA:119,38583
BRF:0
BRH:0
LF:100
LH:92
end_of_record
SF:/Users/terrynoblin/Projects/harness-ultragoal-plugin-proposal/validator/src/audit/agent/standards/enforcement.rs
FN:74,_RNCNCNvNtNtCs2P4Zpu7suSA_19ultragoal_validator5audit27agent_standards_enforcement20required_id_failures00B9_
FN:145,_RNCNvNtNtCs2P4Zpu7suSA_19ultragoal_validator5audit27agent_standards_enforcement16gate_path_exists0B7_
FN:71,_RNCNvNtNtCs2P4Zpu7suSA_19ultragoal_validator5audit27agent_standards_enforcement20required_id_failures0B7_
FN:76,_RNCNvNtNtCs2P4Zpu7suSA_19ultragoal_validator5audit27agent_standards_enforcement20required_id_failuress_0B7_
FN:80,_RNvNtNtCs2P4Zpu7suSA_19ultragoal_validator5audit27agent_standards_enforcement12row_failures
FN:51,_RNvNtNtCs2P4Zpu7suSA_19ultragoal_validator5audit27agent_standards_enforcement14value_failures
FN:141,_RNvNtNtCs2P4Zpu7suSA_19ultragoal_validator5audit27agent_standards_enforcement16gate_path_exists
FN:21,_RNvNtNtCs2P4Zpu7suSA_19ultragoal_validator5audit27agent_standards_enforcement18failures_for_paths
FN:125,_RNvNtNtCs2P4Zpu7suSA_19ultragoal_validator5audit27agent_standards_enforcement19mechanized_failures
FN:68,_RNvNtNtCs2P4Zpu7suSA_19ultragoal_validator5audit27agent_standards_enforcement20required_id_failures
FN:148,_RNvNtNtCs2P4Zpu7suSA_19ultragoal_validator5audit27agent_standards_enforcement9str_field
FN:11,_RNvNtNtCs2P4Zpu7suSA_19ultragoal_validator5audit27agent_standards_enforcement8failures
FN:80,_RNvNtNtCsbOKKjDYHtwk_19ultragoal_validator5audit27agent_standards_enforcement12row_failures
FN:51,_RNvNtNtCsbOKKjDYHtwk_19ultragoal_validator5audit27agent_standards_enforcement14value_failures
FN:141,_RNvNtNtCsbOKKjDYHtwk_19ultragoal_validator5audit27agent_standards_enforcement16gate_path_exists
FN:21,_RNvNtNtCsbOKKjDYHtwk_19ultragoal_validator5audit27agent_standards_enforcement18failures_for_paths
FN:125,_RNvNtNtCsbOKKjDYHtwk_19ultragoal_validator5audit27agent_standards_enforcement19mechanized_failures
FN:68,_RNvNtNtCsbOKKjDYHtwk_19ultragoal_validator5audit27agent_standards_enforcement20required_id_failures
FN:11,_RNvNtNtCsbOKKjDYHtwk_19ultragoal_validator5audit27agent_standards_enforcement8failures
FN:148,_RNvNtNtCsbOKKjDYHtwk_19ultragoal_validator5audit27agent_standards_enforcement9str_field
FN:74,_RNCNCNvNtNtCsbOKKjDYHtwk_19ultragoal_validator5audit27agent_standards_enforcement20required_id_failures00B9_
FN:145,_RNCNvNtNtCsbOKKjDYHtwk_19ultragoal_validator5audit27agent_standards_enforcement16gate_path_exists0B7_
FN:71,_RNCNvNtNtCsbOKKjDYHtwk_19ultragoal_validator5audit27agent_standards_enforcement20required_id_failures0B7_
FN:76,_RNCNvNtNtCsbOKKjDYHtwk_19ultragoal_validator5audit27agent_standards_enforcement20required_id_failuress_0B7_
FNDA:0,_RNCNCNvNtNtCs2P4Zpu7suSA_19ultragoal_validator5audit27agent_standards_enforcement20required_id_failures00B9_
FNDA:0,_RNCNvNtNtCs2P4Zpu7suSA_19ultragoal_validator5audit27agent_standards_enforcement16gate_path_exists0B7_
FNDA:0,_RNCNvNtNtCs2P4Zpu7suSA_19ultragoal_validator5audit27agent_standards_enforcement20required_id_failures0B7_
FNDA:0,_RNCNvNtNtCs2P4Zpu7suSA_19ultragoal_validator5audit27agent_standards_enforcement20required_id_failuress_0B7_
FNDA:0,_RNvNtNtCs2P4Zpu7suSA_19ultragoal_validator5audit27agent_standards_enforcement12row_failures
FNDA:0,_RNvNtNtCs2P4Zpu7suSA_19ultragoal_validator5audit27agent_standards_enforcement14value_failures
FNDA:0,_RNvNtNtCs2P4Zpu7suSA_19ultragoal_validator5audit27agent_standards_enforcement16gate_path_exists
FNDA:0,_RNvNtNtCs2P4Zpu7suSA_19ultragoal_validator5audit27agent_standards_enforcement18failures_for_paths
FNDA:0,_RNvNtNtCs2P4Zpu7suSA_19ultragoal_validator5audit27agent_standards_enforcement19mechanized_failures
FNDA:0,_RNvNtNtCs2P4Zpu7suSA_19ultragoal_validator5audit27agent_standards_enforcement20required_id_failures
FNDA:0,_RNvNtNtCs2P4Zpu7suSA_19ultragoal_validator5audit27agent_standards_enforcement9str_field
FNDA:0,_RNvNtNtCs2P4Zpu7suSA_19ultragoal_validator5audit27agent_standards_enforcement8failures
FNDA:3814,_RNvNtNtCsbOKKjDYHtwk_19ultragoal_validator5audit27agent_standards_enforcement12row_failures
FNDA:145,_RNvNtNtCsbOKKjDYHtwk_19ultragoal_validator5audit27agent_standards_enforcement14value_failures
FNDA:3808,_RNvNtNtCsbOKKjDYHtwk_19ultragoal_validator5audit27agent_standards_enforcement16gate_path_exists
FNDA:138,_RNvNtNtCsbOKKjDYHtwk_19ultragoal_validator5audit27agent_standards_enforcement18failures_for_paths
FNDA:3811,_RNvNtNtCsbOKKjDYHtwk_19ultragoal_validator5audit27agent_standards_enforcement19mechanized_failures
FNDA:145,_RNvNtNtCsbOKKjDYHtwk_19ultragoal_validator5audit27agent_standards_enforcement20required_id_failures
FNDA:1,_RNvNtNtCsbOKKjDYHtwk_19ultragoal_validator5audit27agent_standards_enforcement8failures
FNDA:38134,_RNvNtNtCsbOKKjDYHtwk_19ultragoal_validator5audit27agent_standards_enforcement9str_field
FNDA:290878,_RNCNCNvNtNtCsbOKKjDYHtwk_19ultragoal_validator5audit27agent_standards_enforcement20required_id_failures00B9_
FNDA:5,_RNCNvNtNtCsbOKKjDYHtwk_19ultragoal_validator5audit27agent_standards_enforcement16gate_path_exists0B7_
FNDA:15660,_RNCNvNtNtCsbOKKjDYHtwk_19ultragoal_validator5audit27agent_standards_enforcement20required_id_failures0B7_
FNDA:11846,_RNCNvNtNtCsbOKKjDYHtwk_19ultragoal_validator5audit27agent_standards_enforcement20required_id_failuress_0B7_
FNF:12
FNH:12
DA:11,1
DA:12,1
DA:13,1
DA:14,1
DA:15,1
DA:16,1
DA:17,1
DA:19,1
DA:21,138
DA:22,138
DA:23,138
DA:24,138
DA:25,138
DA:26,138
DA:27,138
DA:28,138
DA:29,552
DA:30,552
DA:31,8
DA:32,544
DA:34,138
DA:35,136
DA:36,2
DA:37,2
DA:38,2
DA:41,136
DA:42,136
DA:43,136
DA:44,136
DA:45,136
DA:46,136
DA:48,136
DA:49,138
DA:51,145
DA:52,145
DA:53,145
DA:54,0
DA:56,145
DA:57,145
DA:58,3814
DA:59,3814
DA:60,3814
DA:61,0
DA:62,3814
DA:63,3814
DA:65,145
DA:66,145
DA:68,145
DA:69,145
DA:70,145
DA:71,15660
DA:72,15660
DA:73,15660
DA:74,290878
DA:75,15660
DA:76,11846
DA:77,145
DA:78,145
DA:80,3814
DA:81,3814
DA:82,3814
DA:83,3814
DA:84,3814
DA:85,0
DA:86,3814
DA:87,15256
DA:88,3814
DA:89,3814
DA:90,3814
DA:91,3814
DA:92,3814
DA:93,15256
DA:94,0
DA:95,15256
DA:97,3814
DA:98,1
DA:99,3813
DA:100,3814
DA:101,3814
DA:102,3814
DA:103,3814
DA:104,0
DA:105,0
DA:106,3814
DA:107,3814
DA:108,3814
DA:109,3
DA:112,1
DA:113,0
DA:114,0
DA:115,0
DA:117,1
DA:118,1
DA:119,1
DA:120,0
DA:122,3814
DA:123,3814
DA:125,3811
DA:126,3811
DA:127,3811
DA:128,3811
DA:129,1
DA:130,1
DA:131,3810
DA:132,3810
DA:133,3810
DA:134,3808
DA:135,137
DA:136,137
DA:137,3673
DA:138,0
DA:139,3811
DA:141,3808
DA:142,3808
DA:143,135
DA:144,135
DA:145,135
DA:146,3808
DA:148,38134
DA:149,38134
DA:150,38134
DA:151,38134
DA:152,38134
DA:153,38134
BRF:0
BRH:0
LF:128
LH:117
end_of_record
SF:/Users/terrynoblin/Projects/harness-ultragoal-plugin-proposal/validator/src/audit/agent/standards/tsv.rs
FN:10,_RNCNvNtNtCs2P4Zpu7suSA_19ultragoal_validator5audit19agent_standards_tsv5parse0B7_
FN:20,_RNCNvNtNtCs2P4Zpu7suSA_19ultragoal_validator5audit19agent_standards_tsv5parses0_0B7_
FN:29,_RNCNvNtNtCs2P4Zpu7suSA_19ultragoal_validator5audit19agent_standards_tsv5parses1_0B7_
FN:14,_RNCNvNtNtCs2P4Zpu7suSA_19ultragoal_validator5audit19agent_standards_tsv5parses_0B7_
FN:36,_RNvNtNtCs2P4Zpu7suSA_19ultragoal_validator5audit19agent_standards_tsv5field
FN:4,_RNvNtNtCs2P4Zpu7suSA_19ultragoal_validator5audit19agent_standards_tsv5parse
FN:10,_RNCNvNtNtCsbOKKjDYHtwk_19ultragoal_validator5audit19agent_standards_tsv5parse0B7_
FN:20,_RNCNvNtNtCsbOKKjDYHtwk_19ultragoal_validator5audit19agent_standards_tsv5parses0_0B7_
FN:29,_RNCNvNtNtCsbOKKjDYHtwk_19ultragoal_validator5audit19agent_standards_tsv5parses1_0B7_
FN:14,_RNCNvNtNtCsbOKKjDYHtwk_19ultragoal_validator5audit19agent_standards_tsv5parses_0B7_
FN:36,_RNvNtNtCsbOKKjDYHtwk_19ultragoal_validator5audit19agent_standards_tsv5field
FN:4,_RNvNtNtCsbOKKjDYHtwk_19ultragoal_validator5audit19agent_standards_tsv5parse
FNDA:0,_RNCNvNtNtCs2P4Zpu7suSA_19ultragoal_validator5audit19agent_standards_tsv5parse0B7_
FNDA:0,_RNCNvNtNtCs2P4Zpu7suSA_19ultragoal_validator5audit19agent_standards_tsv5parses0_0B7_
FNDA:0,_RNCNvNtNtCs2P4Zpu7suSA_19ultragoal_validator5audit19agent_standards_tsv5parses1_0B7_
FNDA:0,_RNCNvNtNtCs2P4Zpu7suSA_19ultragoal_validator5audit19agent_standards_tsv5parses_0B7_
FNDA:0,_RNvNtNtCs2P4Zpu7suSA_19ultragoal_validator5audit19agent_standards_tsv5field
FNDA:0,_RNvNtNtCs2P4Zpu7suSA_19ultragoal_validator5audit19agent_standards_tsv5parse
FNDA:0,_RNCNvNtNtCsbOKKjDYHtwk_19ultragoal_validator5audit19agent_standards_tsv5parse0B7_
FNDA:5688,_RNCNvNtNtCsbOKKjDYHtwk_19ultragoal_validator5audit19agent_standards_tsv5parses0_0B7_
FNDA:45504,_RNCNvNtNtCsbOKKjDYHtwk_19ultragoal_validator5audit19agent_standards_tsv5parses1_0B7_
FNDA:272,_RNCNvNtNtCsbOKKjDYHtwk_19ultragoal_validator5audit19agent_standards_tsv5parses_0B7_
FNDA:95226,_RNvNtNtCsbOKKjDYHtwk_19ultragoal_validator5audit19agent_standards_tsv5field
FNDA:272,_RNvNtNtCsbOKKjDYHtwk_19ultragoal_validator5audit19agent_standards_tsv5parse
FNF:6
FNH:5
DA:4,272
DA:5,272
DA:6,272
DA:7,272
DA:8,272
DA:9,272
DA:10,272
DA:11,272
DA:12,272
DA:13,272
DA:14,272
DA:15,272
DA:16,272
DA:17,0
DA:18,272
DA:19,272
DA:20,5688
DA:21,5688
DA:22,5688
DA:23,0
DA:24,5688
DA:25,5688
DA:26,5688
DA:27,5688
DA:28,5688
DA:29,45504
DA:30,5688
DA:33,272
DA:34,272
DA:36,95226
DA:37,95226
DA:38,95226
BRF:0
BRH:0
LF:36
LH:33
end_of_record
SF:/Users/terrynoblin/Projects/harness-ultragoal-plugin-proposal/validator/src/audit/agent/standards/tsv/checks.rs
FN:126,_RNvNtNtCs2P4Zpu7suSA_19ultragoal_validator5audit26agent_standards_tsv_checks13evidence_path
FN:81,_RNvNtNtCs2P4Zpu7suSA_19ultragoal_validator5audit26agent_standards_tsv_checks14audit_failures
FN:139,_RNvNtNtCs2P4Zpu7suSA_19ultragoal_validator5audit26agent_standards_tsv_checks15json_rows_array
FN:115,_RNvNtNtCs2P4Zpu7suSA_19ultragoal_validator5audit26agent_standards_tsv_checks16evidence_invalid
FN:63,_RNvNtNtCs2P4Zpu7suSA_19ultragoal_validator5audit26agent_standards_tsv_checks18row_drift_failures
FN:164,_RNvNtNtCs2P4Zpu7suSA_19ultragoal_validator5audit26agent_standards_tsv_checks5field
FN:27,_RNvNtNtCs2P4Zpu7suSA_19ultragoal_validator5audit26agent_standards_tsv_checks8failures
FN:157,_RNvNtNtCs2P4Zpu7suSA_19ultragoal_validator5audit26agent_standards_tsv_checks8tsv_refs
FN:147,_RNvNtNtCs2P4Zpu7suSA_19ultragoal_validator5audit26agent_standards_tsv_checks9json_refs
FN:168,_RNvNtNtCs2P4Zpu7suSA_19ultragoal_validator5audit26agent_standards_tsv_checks9str_field
FN:135,_RNCNvNtNtCs2P4Zpu7suSA_19ultragoal_validator5audit26agent_standards_tsv_checks13evidence_path0B7_
FN:136,_RNCNvNtNtCs2P4Zpu7suSA_19ultragoal_validator5audit26agent_standards_tsv_checks13evidence_paths_0B7_
FN:89,_RNCNvNtNtCs2P4Zpu7suSA_19ultragoal_validator5audit26agent_standards_tsv_checks14audit_failures0B7_
FN:123,_RNCNvNtNtCs2P4Zpu7suSA_19ultragoal_validator5audit26agent_standards_tsv_checks16evidence_invalid0B7_
FN:67,_RNCNvNtNtCs2P4Zpu7suSA_19ultragoal_validator5audit26agent_standards_tsv_checks18row_drift_failures0B7_
FN:159,_RNCNvNtNtCs2P4Zpu7suSA_19ultragoal_validator5audit26agent_standards_tsv_checks8tsv_refs0B7_
FN:160,_RNCNvNtNtCs2P4Zpu7suSA_19ultragoal_validator5audit26agent_standards_tsv_checks8tsv_refss_0B7_
FN:52,_RNCNvNtNtCs2P4Zpu7suSA_19ultragoal_validator5audit26agent_standards_tsv_checks18audit_row_failures0B7_
FN:46,_RNvNtNtCs2P4Zpu7suSA_19ultragoal_validator5audit26agent_standards_tsv_checks18audit_row_failures
FN:126,_RNvNtNtCsbOKKjDYHtwk_19ultragoal_validator5audit26agent_standards_tsv_checks13evidence_path
FN:81,_RNvNtNtCsbOKKjDYHtwk_19ultragoal_validator5audit26agent_standards_tsv_checks14audit_failures
FN:139,_RNvNtNtCsbOKKjDYHtwk_19ultragoal_validator5audit26agent_standards_tsv_checks15json_rows_array
FN:115,_RNvNtNtCsbOKKjDYHtwk_19ultragoal_validator5audit26agent_standards_tsv_checks16evidence_invalid
FN:46,_RNvNtNtCsbOKKjDYHtwk_19ultragoal_validator5audit26agent_standards_tsv_checks18audit_row_failures
FN:63,_RNvNtNtCsbOKKjDYHtwk_19ultragoal_validator5audit26agent_standards_tsv_checks18row_drift_failures
FN:164,_RNvNtNtCsbOKKjDYHtwk_19ultragoal_validator5audit26agent_standards_tsv_checks5field
FN:27,_RNvNtNtCsbOKKjDYHtwk_19ultragoal_validator5audit26agent_standards_tsv_checks8failures
FN:157,_RNvNtNtCsbOKKjDYHtwk_19ultragoal_validator5audit26agent_standards_tsv_checks8tsv_refs
FN:147,_RNvNtNtCsbOKKjDYHtwk_19ultragoal_validator5audit26agent_standards_tsv_checks9json_refs
FN:168,_RNvNtNtCsbOKKjDYHtwk_19ultragoal_validator5audit26agent_standards_tsv_checks9str_field
FN:135,_RNCNvNtNtCsbOKKjDYHtwk_19ultragoal_validator5audit26agent_standards_tsv_checks13evidence_path0B7_
FN:136,_RNCNvNtNtCsbOKKjDYHtwk_19ultragoal_validator5audit26agent_standards_tsv_checks13evidence_paths_0B7_
FN:89,_RNCNvNtNtCsbOKKjDYHtwk_19ultragoal_validator5audit26agent_standards_tsv_checks14audit_failures0B7_
FN:123,_RNCNvNtNtCsbOKKjDYHtwk_19ultragoal_validator5audit26agent_standards_tsv_checks16evidence_invalid0B7_
FN:52,_RNCNvNtNtCsbOKKjDYHtwk_19ultragoal_validator5audit26agent_standards_tsv_checks18audit_row_failures0B7_
FN:67,_RNCNvNtNtCsbOKKjDYHtwk_19ultragoal_validator5audit26agent_standards_tsv_checks18row_drift_failures0B7_
FN:159,_RNCNvNtNtCsbOKKjDYHtwk_19ultragoal_validator5audit26agent_standards_tsv_checks8tsv_refs0B7_
FN:160,_RNCNvNtNtCsbOKKjDYHtwk_19ultragoal_validator5audit26agent_standards_tsv_checks8tsv_refss_0B7_
FNDA:0,_RNvNtNtCs2P4Zpu7suSA_19ultragoal_validator5audit26agent_standards_tsv_checks13evidence_path
FNDA:0,_RNvNtNtCs2P4Zpu7suSA_19ultragoal_validator5audit26agent_standards_tsv_checks14audit_failures
FNDA:0,_RNvNtNtCs2P4Zpu7suSA_19ultragoal_validator5audit26agent_standards_tsv_checks15json_rows_array
FNDA:0,_RNvNtNtCs2P4Zpu7suSA_19ultragoal_validator5audit26agent_standards_tsv_checks16evidence_invalid
FNDA:0,_RNvNtNtCs2P4Zpu7suSA_19ultragoal_validator5audit26agent_standards_tsv_checks18row_drift_failures
FNDA:0,_RNvNtNtCs2P4Zpu7suSA_19ultragoal_validator5audit26agent_standards_tsv_checks5field
FNDA:0,_RNvNtNtCs2P4Zpu7suSA_19ultragoal_validator5audit26agent_standards_tsv_checks8failures
FNDA:0,_RNvNtNtCs2P4Zpu7suSA_19ultragoal_validator5audit26agent_standards_tsv_checks8tsv_refs
FNDA:0,_RNvNtNtCs2P4Zpu7suSA_19ultragoal_validator5audit26agent_standards_tsv_checks9json_refs
FNDA:0,_RNvNtNtCs2P4Zpu7suSA_19ultragoal_validator5audit26agent_standards_tsv_checks9str_field
FNDA:0,_RNCNvNtNtCs2P4Zpu7suSA_19ultragoal_validator5audit26agent_standards_tsv_checks13evidence_path0B7_
FNDA:0,_RNCNvNtNtCs2P4Zpu7suSA_19ultragoal_validator5audit26agent_standards_tsv_checks13evidence_paths_0B7_
FNDA:0,_RNCNvNtNtCs2P4Zpu7suSA_19ultragoal_validator5audit26agent_standards_tsv_checks14audit_failures0B7_
FNDA:0,_RNCNvNtNtCs2P4Zpu7suSA_19ultragoal_validator5audit26agent_standards_tsv_checks16evidence_invalid0B7_
FNDA:0,_RNCNvNtNtCs2P4Zpu7suSA_19ultragoal_validator5audit26agent_standards_tsv_checks18row_drift_failures0B7_
FNDA:0,_RNCNvNtNtCs2P4Zpu7suSA_19ultragoal_validator5audit26agent_standards_tsv_checks8tsv_refs0B7_
FNDA:0,_RNCNvNtNtCs2P4Zpu7suSA_19ultragoal_validator5audit26agent_standards_tsv_checks8tsv_refss_0B7_
FNDA:0,_RNCNvNtNtCs2P4Zpu7suSA_19ultragoal_validator5audit26agent_standards_tsv_checks18audit_row_failures0B7_
FNDA:0,_RNvNtNtCs2P4Zpu7suSA_19ultragoal_validator5audit26agent_standards_tsv_checks18audit_row_failures
FNDA:2844,_RNvNtNtCsbOKKjDYHtwk_19ultragoal_validator5audit26agent_standards_tsv_checks13evidence_path
FNDA:136,_RNvNtNtCsbOKKjDYHtwk_19ultragoal_validator5audit26agent_standards_tsv_checks14audit_failures
FNDA:272,_RNvNtNtCsbOKKjDYHtwk_19ultragoal_validator5audit26agent_standards_tsv_checks15json_rows_array
FNDA:2845,_RNvNtNtCsbOKKjDYHtwk_19ultragoal_validator5audit26agent_standards_tsv_checks16evidence_invalid
FNDA:1,_RNvNtNtCsbOKKjDYHtwk_19ultragoal_validator5audit26agent_standards_tsv_checks18audit_row_failures
FNDA:136,_RNvNtNtCsbOKKjDYHtwk_19ultragoal_validator5audit26agent_standards_tsv_checks18row_drift_failures
FNDA:95226,_RNvNtNtCsbOKKjDYHtwk_19ultragoal_validator5audit26agent_standards_tsv_checks5field
FNDA:136,_RNvNtNtCsbOKKjDYHtwk_19ultragoal_validator5audit26agent_standards_tsv_checks8failures
FNDA:2844,_RNvNtNtCsbOKKjDYHtwk_19ultragoal_validator5audit26agent_standards_tsv_checks8tsv_refs
FNDA:2844,_RNvNtNtCsbOKKjDYHtwk_19ultragoal_validator5audit26agent_standards_tsv_checks9json_refs
FNDA:11376,_RNvNtNtCsbOKKjDYHtwk_19ultragoal_validator5audit26agent_standards_tsv_checks9str_field
FNDA:4,_RNCNvNtNtCsbOKKjDYHtwk_19ultragoal_validator5audit26agent_standards_tsv_checks13evidence_path0B7_
FNDA:4,_RNCNvNtNtCsbOKKjDYHtwk_19ultragoal_validator5audit26agent_standards_tsv_checks13evidence_paths_0B7_
FNDA:2844,_RNCNvNtNtCsbOKKjDYHtwk_19ultragoal_validator5audit26agent_standards_tsv_checks14audit_failures0B7_
FNDA:2709,_RNCNvNtNtCsbOKKjDYHtwk_19ultragoal_validator5audit26agent_standards_tsv_checks16evidence_invalid0B7_
FNDA:6,_RNCNvNtNtCsbOKKjDYHtwk_19ultragoal_validator5audit26agent_standards_tsv_checks18audit_row_failures0B7_
FNDA:2844,_RNCNvNtNtCsbOKKjDYHtwk_19ultragoal_validator5audit26agent_standards_tsv_checks18row_drift_failures0B7_
FNDA:72090,_RNCNvNtNtCsbOKKjDYHtwk_19ultragoal_validator5audit26agent_standards_tsv_checks8tsv_refs0B7_
FNDA:2844,_RNCNvNtNtCsbOKKjDYHtwk_19ultragoal_validator5audit26agent_standards_tsv_checks8tsv_refss_0B7_
FNF:19
FNH:19
DA:27,136
DA:28,136
DA:29,136
DA:30,136
DA:31,136
DA:32,136
DA:33,136
DA:34,136
DA:35,0
DA:37,136
DA:38,136
DA:39,0
DA:41,136
DA:42,136
DA:43,136
DA:44,136
DA:46,1
DA:47,1
DA:48,0
DA:50,1
DA:51,1
DA:52,6
DA:53,1
DA:54,1
DA:55,1
DA:57,1
DA:59,0
DA:60,0
DA:61,1
DA:63,136
DA:64,136
DA:65,136
DA:66,136
DA:67,2844
DA:68,136
DA:69,2844
DA:70,2844
DA:71,2844
DA:72,0
DA:73,2844
DA:74,2844
DA:75,0
DA:76,2844
DA:78,136
DA:79,136
DA:81,136
DA:82,136
DA:83,136
DA:84,136
DA:85,136
DA:86,136
DA:87,136
DA:88,136
DA:89,2844
DA:90,136
DA:91,2844
DA:92,2844
DA:93,2844
DA:94,0
DA:95,2844
DA:97,2844
DA:98,2844
DA:99,0
DA:100,0
DA:101,0
DA:102,0
DA:103,0
DA:104,2844
DA:105,2844
DA:106,381
DA:107,381
DA:108,381
DA:109,381
DA:110,2463
DA:112,136
DA:113,136
DA:115,2845
DA:116,2845
DA:117,2845
DA:118,1
DA:119,2844
DA:120,2844
DA:121,135
DA:123,2709
DA:124,2845
DA:126,2844
DA:127,2844
DA:128,2
DA:129,2842
DA:130,2842
DA:131,2842
DA:132,2709
DA:133,133
DA:134,133
DA:135,133
DA:136,133
DA:137,2844
DA:139,272
DA:140,272
DA:141,272
DA:142,272
DA:143,272
DA:144,272
DA:145,272
DA:147,2844
DA:148,2844
DA:149,2844
DA:150,2844
DA:151,2844
DA:152,2844
DA:153,2844
DA:154,2844
DA:155,2844
DA:157,2844
DA:158,2844
DA:159,72090
DA:160,2844
DA:161,2844
DA:162,2844
DA:164,95226
DA:165,95226
DA:166,95226
DA:168,11376
DA:169,11376
DA:170,11376
DA:171,11376
DA:172,11376
DA:173,11376
BRF:0
BRH:0
LF:136
LH:123
end_of_record
SF:/Users/terrynoblin/Projects/harness-ultragoal-plugin-proposal/validator/src/audit/artifacts.rs
FN:84,_RNCNCNvNtNtCs2P4Zpu7suSA_19ultragoal_validator5audit9artifacts12safe_red_idss_00B9_
FN:21,_RNCNCNvNtNtCs2P4Zpu7suSA_19ultragoal_validator5audit9artifacts9check_idss0_00B9_
FN:57,_RNCNvNtNtCs2P4Zpu7suSA_19ultragoal_validator5audit9artifacts10digest_map0B7_
FN:74,_RNCNvNtNtCs2P4Zpu7suSA_19ultragoal_validator5audit9artifacts10input_refs0B7_
FN:81,_RNCNvNtNtCs2P4Zpu7suSA_19ultragoal_validator5audit9artifacts12safe_red_ids0B7_
FN:87,_RNCNvNtNtCs2P4Zpu7suSA_19ultragoal_validator5audit9artifacts12safe_red_idss0_0B7_
FN:82,_RNCNvNtNtCs2P4Zpu7suSA_19ultragoal_validator5audit9artifacts12safe_red_idss_0B7_
FN:35,_RNCNvNtNtCs2P4Zpu7suSA_19ultragoal_validator5audit9artifacts19validator_artifacts0B7_
FN:50,_RNCNvNtNtCs2P4Zpu7suSA_19ultragoal_validator5audit9artifacts19validator_artifactss0_0B7_
FN:40,_RNCNvNtNtCs2P4Zpu7suSA_19ultragoal_validator5audit9artifacts19validator_artifactss_0B7_
FN:13,_RNCNvNtNtCs2P4Zpu7suSA_19ultragoal_validator5audit9artifacts9check_ids0B7_
FN:21,_RNCNvNtNtCs2P4Zpu7suSA_19ultragoal_validator5audit9artifacts9check_idss0_0B7_
FN:15,_RNCNvNtNtCs2P4Zpu7suSA_19ultragoal_validator5audit9artifacts9check_idss_0B7_
FN:54,_RNvNtNtCs2P4Zpu7suSA_19ultragoal_validator5audit9artifacts10digest_map
FN:66,_RNvNtNtCs2P4Zpu7suSA_19ultragoal_validator5audit9artifacts10input_refs
FN:90,_RNvNtNtCs2P4Zpu7suSA_19ultragoal_validator5audit9artifacts12artifact_ref
FN:78,_RNvNtNtCs2P4Zpu7suSA_19ultragoal_validator5audit9artifacts12safe_red_ids
FN:24,_RNvNtNtCs2P4Zpu7suSA_19ultragoal_validator5audit9artifacts19validator_artifacts
FN:9,_RNvNtNtCs2P4Zpu7suSA_19ultragoal_validator5audit9artifacts9check_ids
FN:54,_RNvNtNtCsbOKKjDYHtwk_19ultragoal_validator5audit9artifacts10digest_map
FN:66,_RNvNtNtCsbOKKjDYHtwk_19ultragoal_validator5audit9artifacts10input_refs
FN:90,_RNvNtNtCsbOKKjDYHtwk_19ultragoal_validator5audit9artifacts12artifact_ref
FN:78,_RNvNtNtCsbOKKjDYHtwk_19ultragoal_validator5audit9artifacts12safe_red_ids
FN:24,_RNvNtNtCsbOKKjDYHtwk_19ultragoal_validator5audit9artifacts19validator_artifacts
FN:9,_RNvNtNtCsbOKKjDYHtwk_19ultragoal_validator5audit9artifacts9check_ids
FN:84,_RNCNCNvNtNtCsbOKKjDYHtwk_19ultragoal_validator5audit9artifacts12safe_red_idss_00B9_
FN:21,_RNCNCNvNtNtCsbOKKjDYHtwk_19ultragoal_validator5audit9artifacts9check_idss0_00B9_
FN:57,_RNCNvNtNtCsbOKKjDYHtwk_19ultragoal_validator5audit9artifacts10digest_map0B7_
FN:74,_RNCNvNtNtCsbOKKjDYHtwk_19ultragoal_validator5audit9artifacts10input_refs0B7_
FN:81,_RNCNvNtNtCsbOKKjDYHtwk_19ultragoal_validator5audit9artifacts12safe_red_ids0B7_
FN:87,_RNCNvNtNtCsbOKKjDYHtwk_19ultragoal_validator5audit9artifacts12safe_red_idss0_0B7_
FN:82,_RNCNvNtNtCsbOKKjDYHtwk_19ultragoal_validator5audit9artifacts12safe_red_idss_0B7_
FN:35,_RNCNvNtNtCsbOKKjDYHtwk_19ultragoal_validator5audit9artifacts19validator_artifacts0B7_
FN:50,_RNCNvNtNtCsbOKKjDYHtwk_19ultragoal_validator5audit9artifacts19validator_artifactss0_0B7_
FN:40,_RNCNvNtNtCsbOKKjDYHtwk_19ultragoal_validator5audit9artifacts19validator_artifactss_0B7_
FN:13,_RNCNvNtNtCsbOKKjDYHtwk_19ultragoal_validator5audit9artifacts9check_ids0B7_
FN:21,_RNCNvNtNtCsbOKKjDYHtwk_19ultragoal_validator5audit9artifacts9check_idss0_0B7_
FN:15,_RNCNvNtNtCsbOKKjDYHtwk_19ultragoal_validator5audit9artifacts9check_idss_0B7_
FNDA:0,_RNCNCNvNtNtCs2P4Zpu7suSA_19ultragoal_validator5audit9artifacts12safe_red_idss_00B9_
FNDA:0,_RNCNCNvNtNtCs2P4Zpu7suSA_19ultragoal_validator5audit9artifacts9check_idss0_00B9_
FNDA:0,_RNCNvNtNtCs2P4Zpu7suSA_19ultragoal_validator5audit9artifacts10digest_map0B7_
FNDA:0,_RNCNvNtNtCs2P4Zpu7suSA_19ultragoal_validator5audit9artifacts10input_refs0B7_
FNDA:0,_RNCNvNtNtCs2P4Zpu7suSA_19ultragoal_validator5audit9artifacts12safe_red_ids0B7_
FNDA:0,_RNCNvNtNtCs2P4Zpu7suSA_19ultragoal_validator5audit9artifacts12safe_red_idss0_0B7_
FNDA:0,_RNCNvNtNtCs2P4Zpu7suSA_19ultragoal_validator5audit9artifacts12safe_red_idss_0B7_
FNDA:0,_RNCNvNtNtCs2P4Zpu7suSA_19ultragoal_validator5audit9artifacts19validator_artifacts0B7_
FNDA:0,_RNCNvNtNtCs2P4Zpu7suSA_19ultragoal_validator5audit9artifacts19validator_artifactss0_0B7_
FNDA:0,_RNCNvNtNtCs2P4Zpu7suSA_19ultragoal_validator5audit9artifacts19validator_artifactss_0B7_
FNDA:0,_RNCNvNtNtCs2P4Zpu7suSA_19ultragoal_validator5audit9artifacts9check_ids0B7_
FNDA:0,_RNCNvNtNtCs2P4Zpu7suSA_19ultragoal_validator5audit9artifacts9check_idss0_0B7_
FNDA:0,_RNCNvNtNtCs2P4Zpu7suSA_19ultragoal_validator5audit9artifacts9check_idss_0B7_
FNDA:0,_RNvNtNtCs2P4Zpu7suSA_19ultragoal_validator5audit9artifacts10digest_map
FNDA:0,_RNvNtNtCs2P4Zpu7suSA_19ultragoal_validator5audit9artifacts10input_refs
FNDA:0,_RNvNtNtCs2P4Zpu7suSA_19ultragoal_validator5audit9artifacts12artifact_ref
FNDA:0,_RNvNtNtCs2P4Zpu7suSA_19ultragoal_validator5audit9artifacts12safe_red_ids
FNDA:0,_RNvNtNtCs2P4Zpu7suSA_19ultragoal_validator5audit9artifacts19validator_artifacts
FNDA:0,_RNvNtNtCs2P4Zpu7suSA_19ultragoal_validator5audit9artifacts9check_ids
FNDA:1,_RNvNtNtCsbOKKjDYHtwk_19ultragoal_validator5audit9artifacts10digest_map
FNDA:2,_RNvNtNtCsbOKKjDYHtwk_19ultragoal_validator5audit9artifacts10input_refs
FNDA:7880,_RNvNtNtCsbOKKjDYHtwk_19ultragoal_validator5audit9artifacts12artifact_ref
FNDA:1,_RNvNtNtCsbOKKjDYHtwk_19ultragoal_validator5audit9artifacts12safe_red_ids
FNDA:48,_RNvNtNtCsbOKKjDYHtwk_19ultragoal_validator5audit9artifacts19validator_artifacts
FNDA:1,_RNvNtNtCsbOKKjDYHtwk_19ultragoal_validator5audit9artifacts9check_ids
FNDA:1157,_RNCNCNvNtNtCsbOKKjDYHtwk_19ultragoal_validator5audit9artifacts12safe_red_idss_00B9_
FNDA:0,_RNCNCNvNtNtCsbOKKjDYHtwk_19ultragoal_validator5audit9artifacts9check_idss0_00B9_
FNDA:164,_RNCNvNtNtCsbOKKjDYHtwk_19ultragoal_validator5audit9artifacts10digest_map0B7_
FNDA:8,_RNCNvNtNtCsbOKKjDYHtwk_19ultragoal_validator5audit9artifacts10input_refs0B7_
FNDA:1,_RNCNvNtNtCsbOKKjDYHtwk_19ultragoal_validator5audit9artifacts12safe_red_ids0B7_
FNDA:0,_RNCNvNtNtCsbOKKjDYHtwk_19ultragoal_validator5audit9artifacts12safe_red_idss0_0B7_
FNDA:1,_RNCNvNtNtCsbOKKjDYHtwk_19ultragoal_validator5audit9artifacts12safe_red_idss_0B7_
FNDA:7728,_RNCNvNtNtCsbOKKjDYHtwk_19ultragoal_validator5audit9artifacts19validator_artifacts0B7_
FNDA:7872,_RNCNvNtNtCsbOKKjDYHtwk_19ultragoal_validator5audit9artifacts19validator_artifactss0_0B7_
FNDA:0,_RNCNvNtNtCsbOKKjDYHtwk_19ultragoal_validator5audit9artifacts19validator_artifactss_0B7_
FNDA:1,_RNCNvNtNtCsbOKKjDYHtwk_19ultragoal_validator5audit9artifacts9check_ids0B7_
FNDA:0,_RNCNvNtNtCsbOKKjDYHtwk_19ultragoal_validator5audit9artifacts9check_idss0_0B7_
FNDA:1,_RNCNvNtNtCsbOKKjDYHtwk_19ultragoal_validator5audit9artifacts9check_idss_0B7_
FNF:19
FNH:15
DA:9,1
DA:10,1
DA:11,1
DA:12,1
DA:13,1
DA:14,1
DA:15,1
DA:16,1
DA:17,1
DA:18,1
DA:19,1
DA:20,1
DA:21,1
DA:22,1
DA:24,48
DA:25,48
DA:26,48
DA:27,48
DA:28,48
DA:30,8064
DA:31,48
DA:32,48
DA:34,8064
DA:35,7728
DA:37,7728
DA:38,7728
DA:39,7728
DA:40,7728
DA:41,7728
DA:42,7728
DA:43,7728
DA:44,336
DA:46,48
DA:47,48
DA:48,48
DA:49,48
DA:50,7872
DA:51,48
DA:52,48
DA:54,1
DA:55,1
DA:56,1
DA:57,164
DA:59,164
DA:60,164
DA:62,164
DA:63,1
DA:64,1
DA:66,2
DA:67,2
DA:68,2
DA:69,2
DA:70,2
DA:71,2
DA:72,2
DA:73,2
DA:74,8
DA:75,2
DA:76,2
DA:78,1
DA:79,1
DA:80,1
DA:81,1
DA:82,1
DA:83,1
DA:84,1157
DA:85,1
DA:86,1
DA:87,1
DA:88,1
DA:90,7880
DA:91,7880
DA:92,7880
DA:93,7880
DA:95,0
DA:97,7880
DA:98,7880
BRF:0
BRH:0
LF:90
LH:85
end_of_record
SF:/Users/terrynoblin/Projects/harness-ultragoal-plugin-proposal/validator/src/audit/coverage/scope.rs
FN:163,_RNCNvNtNtCs2P4Zpu7suSA_19ultragoal_validator5audit14coverage_scope24scope_authority_failures0B7_
FN:169,_RNCNvNtNtCs2P4Zpu7suSA_19ultragoal_validator5audit14coverage_scope24scope_authority_failuress_0B7_
FN:11,_RNvNtNtCs2P4Zpu7suSA_19ultragoal_validator5audit14coverage_scope16package_failures
FN:71,_RNvNtNtCs2P4Zpu7suSA_19ultragoal_validator5audit14coverage_scope23policy_section_failures
FN:149,_RNvNtNtCs2P4Zpu7suSA_19ultragoal_validator5audit14coverage_scope24scope_authority_failures
FN:43,_RNvNtNtCs2P4Zpu7suSA_19ultragoal_validator5audit14coverage_scope24value_failures_with_root
FN:194,_RNvNtNtCs2P4Zpu7suSA_19ultragoal_validator5audit14coverage_scope28dimension_authority_failures
FN:236,_RNvNtNtCs2P4Zpu7suSA_19ultragoal_validator5audit14coverage_scope7strings
FN:228,_RNvNtNtCs2P4Zpu7suSA_19ultragoal_validator5audit14coverage_scope9str_field
FN:163,_RNCNvNtNtCsbOKKjDYHtwk_19ultragoal_validator5audit14coverage_scope24scope_authority_failures0B7_
FN:169,_RNCNvNtNtCsbOKKjDYHtwk_19ultragoal_validator5audit14coverage_scope24scope_authority_failuress_0B7_
FN:11,_RNvNtNtCsbOKKjDYHtwk_19ultragoal_validator5audit14coverage_scope16package_failures
FN:71,_RNvNtNtCsbOKKjDYHtwk_19ultragoal_validator5audit14coverage_scope23policy_section_failures
FN:149,_RNvNtNtCsbOKKjDYHtwk_19ultragoal_validator5audit14coverage_scope24scope_authority_failures
FN:43,_RNvNtNtCsbOKKjDYHtwk_19ultragoal_validator5audit14coverage_scope24value_failures_with_root
FN:194,_RNvNtNtCsbOKKjDYHtwk_19ultragoal_validator5audit14coverage_scope28dimension_authority_failures
FN:236,_RNvNtNtCsbOKKjDYHtwk_19ultragoal_validator5audit14coverage_scope7strings
FN:228,_RNvNtNtCsbOKKjDYHtwk_19ultragoal_validator5audit14coverage_scope9str_field
FNDA:0,_RNCNvNtNtCs2P4Zpu7suSA_19ultragoal_validator5audit14coverage_scope24scope_authority_failures0B7_
FNDA:0,_RNCNvNtNtCs2P4Zpu7suSA_19ultragoal_validator5audit14coverage_scope24scope_authority_failuress_0B7_
FNDA:0,_RNvNtNtCs2P4Zpu7suSA_19ultragoal_validator5audit14coverage_scope16package_failures
FNDA:0,_RNvNtNtCs2P4Zpu7suSA_19ultragoal_validator5audit14coverage_scope23policy_section_failures
FNDA:0,_RNvNtNtCs2P4Zpu7suSA_19ultragoal_validator5audit14coverage_scope24scope_authority_failures
FNDA:0,_RNvNtNtCs2P4Zpu7suSA_19ultragoal_validator5audit14coverage_scope24value_failures_with_root
FNDA:0,_RNvNtNtCs2P4Zpu7suSA_19ultragoal_validator5audit14coverage_scope28dimension_authority_failures
FNDA:0,_RNvNtNtCs2P4Zpu7suSA_19ultragoal_validator5audit14coverage_scope7strings
FNDA:0,_RNvNtNtCs2P4Zpu7suSA_19ultragoal_validator5audit14coverage_scope9str_field
FNDA:104,_RNCNvNtNtCsbOKKjDYHtwk_19ultragoal_validator5audit14coverage_scope24scope_authority_failures0B7_
FNDA:105,_RNCNvNtNtCsbOKKjDYHtwk_19ultragoal_validator5audit14coverage_scope24scope_authority_failuress_0B7_
FNDA:1,_RNvNtNtCsbOKKjDYHtwk_19ultragoal_validator5audit14coverage_scope16package_failures
FNDA:7,_RNvNtNtCsbOKKjDYHtwk_19ultragoal_validator5audit14coverage_scope23policy_section_failures
FNDA:7,_RNvNtNtCsbOKKjDYHtwk_19ultragoal_validator5audit14coverage_scope24scope_authority_failures
FNDA:7,_RNvNtNtCsbOKKjDYHtwk_19ultragoal_validator5audit14coverage_scope24value_failures_with_root
FNDA:7,_RNvNtNtCsbOKKjDYHtwk_19ultragoal_validator5audit14coverage_scope28dimension_authority_failures
FNDA:21,_RNvNtNtCsbOKKjDYHtwk_19ultragoal_validator5audit14coverage_scope7strings
FNDA:25,_RNvNtNtCsbOKKjDYHtwk_19ultragoal_validator5audit14coverage_scope9str_field
FNF:9
FNH:9
DA:11,1
DA:12,1
DA:13,5
DA:14,1
DA:15,1
DA:16,1
DA:17,1
DA:18,1
DA:19,1
DA:20,5
DA:21,0
DA:22,5
DA:24,1
DA:25,1
DA:26,0
DA:27,0
DA:28,0
DA:31,1
DA:32,1
DA:33,1
DA:35,1
DA:36,1
DA:37,1
DA:38,1
DA:40,1
DA:41,1
DA:43,7
DA:44,7
DA:45,7
DA:46,0
DA:47,7
DA:48,7
DA:49,0
DA:50,7
DA:51,7
DA:52,7
DA:53,7
DA:54,7
DA:55,0
DA:56,0
DA:57,7
DA:58,7
DA:59,7
DA:60,7
DA:61,7
DA:62,7
DA:63,7
DA:64,0
DA:65,0
DA:66,7
DA:67,7
DA:68,7
DA:69,7
DA:71,7
DA:72,7
DA:73,70
DA:74,7
DA:75,7
DA:76,7
DA:77,7
DA:78,7
DA:79,7
DA:80,7
DA:81,7
DA:82,7
DA:83,7
DA:84,7
DA:85,7
DA:86,7
DA:87,7
DA:88,7
DA:89,7
DA:90,7
DA:91,7
DA:92,7
DA:93,7
DA:94,7
DA:95,7
DA:96,7
DA:97,7
DA:98,7
DA:99,7
DA:100,7
DA:101,7
DA:102,7
DA:103,7
DA:104,7
DA:105,7
DA:106,7
DA:107,7
DA:108,7
DA:109,7
DA:110,7
DA:111,7
DA:112,7
DA:113,7
DA:114,7
DA:115,70
DA:116,1
DA:117,69
DA:119,7
DA:120,0
DA:121,0
DA:122,7
DA:123,56
DA:124,7
DA:125,7
DA:126,7
DA:127,7
DA:128,7
DA:129,7
DA:130,7
DA:131,7
DA:132,7
DA:133,56
DA:134,56
DA:135,56
DA:136,56
DA:137,0
DA:138,0
DA:139,56
DA:141,34
DA:142,34
DA:143,0
DA:144,34
DA:146,7
DA:147,7
DA:149,7
DA:150,7
DA:151,7
DA:152,7
DA:153,7
DA:154,7
DA:156,0
DA:157,0
DA:158,0
DA:159,0
DA:160,0
DA:161,7
DA:162,35
DA:163,104
DA:164,1
DA:165,34
DA:167,7
DA:168,35
DA:169,105
DA:170,0
DA:171,35
DA:173,7
DA:174,0
DA:175,7
DA:176,7
DA:177,7
DA:178,7
DA:179,7
DA:180,7
DA:182,7
DA:183,7
DA:184,4
DA:185,7
DA:187,0
DA:188,0
DA:189,0
DA:190,7
DA:191,7
DA:192,7
DA:194,7
DA:195,7
DA:196,35
DA:197,7
DA:198,7
DA:199,7
DA:200,7
DA:202,76
DA:203,35
DA:204,35
DA:205,35
DA:206,35
DA:207,35
DA:208,76
DA:209,76
DA:210,76
DA:212,7
DA:213,35
DA:214,35
DA:215,1
DA:216,1
DA:217,1
DA:218,0
DA:219,0
DA:221,1
DA:223,34
DA:225,7
DA:226,7
DA:228,25
DA:229,25
DA:230,25
DA:231,25
DA:232,25
DA:233,25
DA:234,25
DA:236,21
DA:237,21
DA:238,21
DA:239,21
DA:240,21
DA:241,21
DA:242,21
DA:243,21
DA:244,21
DA:245,21
BRF:0
BRH:0
LF:213
LH:186
end_of_record
SF:/Users/terrynoblin/Projects/harness-ultragoal-plugin-proposal/validator/src/audit/coverage/scope/changed_files.rs
FN:4,_RNvNtNtCs2P4Zpu7suSA_19ultragoal_validator5audit28coverage_scope_changed_files8failures
FN:4,_RNvNtNtCsbOKKjDYHtwk_19ultragoal_validator5audit28coverage_scope_changed_files8failures
FNDA:0,_RNvNtNtCs2P4Zpu7suSA_19ultragoal_validator5audit28coverage_scope_changed_files8failures
FNDA:7,_RNvNtNtCsbOKKjDYHtwk_19ultragoal_validator5audit28coverage_scope_changed_files8failures
FNF:1
FNH:1
DA:4,7
DA:5,7
DA:6,1
DA:8,6
DA:9,0
DA:11,6
DA:12,14
DA:13,14
DA:14,0
DA:15,0
DA:17,14
DA:18,1
DA:19,1
DA:20,13
DA:21,13
DA:22,13
DA:23,1
DA:24,12
DA:26,6
DA:27,7
BRF:0
BRH:0
LF:20
LH:17
end_of_record
SF:/Users/terrynoblin/Projects/harness-ultragoal-plugin-proposal/validator/src/audit/coverage/scope/exclusions.rs
FN:35,_RNvNtNtCs2P4Zpu7suSA_19ultragoal_validator5audit25coverage_scope_exclusions15repo_owned_path
FN:3,_RNvNtNtCs2P4Zpu7suSA_19ultragoal_validator5audit25coverage_scope_exclusions8failures
FN:27,_RNvNtNtCs2P4Zpu7suSA_19ultragoal_validator5audit25coverage_scope_exclusions9str_field
FN:38,_RNCNvNtNtCs2P4Zpu7suSA_19ultragoal_validator5audit25coverage_scope_exclusions15repo_owned_path0B7_
FN:35,_RNvNtNtCsbOKKjDYHtwk_19ultragoal_validator5audit25coverage_scope_exclusions15repo_owned_path
FN:3,_RNvNtNtCsbOKKjDYHtwk_19ultragoal_validator5audit25coverage_scope_exclusions8failures
FN:27,_RNvNtNtCsbOKKjDYHtwk_19ultragoal_validator5audit25coverage_scope_exclusions9str_field
FN:38,_RNCNvNtNtCsbOKKjDYHtwk_19ultragoal_validator5audit25coverage_scope_exclusions15repo_owned_path0B7_
FNDA:2,_RNvNtNtCs2P4Zpu7suSA_19ultragoal_validator5audit25coverage_scope_exclusions15repo_owned_path
FNDA:1,_RNvNtNtCs2P4Zpu7suSA_19ultragoal_validator5audit25coverage_scope_exclusions8failures
FNDA:4,_RNvNtNtCs2P4Zpu7suSA_19ultragoal_validator5audit25coverage_scope_exclusions9str_field
FNDA:8,_RNCNvNtNtCs2P4Zpu7suSA_19ultragoal_validator5audit25coverage_scope_exclusions15repo_owned_path0B7_
FNDA:0,_RNvNtNtCsbOKKjDYHtwk_19ultragoal_validator5audit25coverage_scope_exclusions15repo_owned_path
FNDA:7,_RNvNtNtCsbOKKjDYHtwk_19ultragoal_validator5audit25coverage_scope_exclusions8failures
FNDA:0,_RNvNtNtCsbOKKjDYHtwk_19ultragoal_validator5audit25coverage_scope_exclusions9str_field
FNDA:0,_RNCNvNtNtCsbOKKjDYHtwk_19ultragoal_validator5audit25coverage_scope_exclusions15repo_owned_path0B7_
FNF:4
FNH:4
DA:3,8
DA:4,8
DA:5,8
DA:6,8
DA:7,8
DA:8,8
DA:9,8
DA:11,2
DA:12,2
DA:13,2
DA:14,2
DA:15,2
DA:16,2
DA:17,2
DA:18,1
DA:19,1
DA:20,2
DA:21,1
DA:22,1
DA:24,8
DA:25,8
DA:27,4
DA:28,4
DA:29,4
DA:30,4
DA:31,4
DA:32,4
DA:33,4
DA:35,2
DA:36,2
DA:37,2
DA:38,8
DA:39,2
BRF:0
BRH:0
LF:34
LH:34
end_of_record
SF:/Users/terrynoblin/Projects/harness-ultragoal-plugin-proposal/validator/src/audit/coverage/scope/scripts.rs
FN:23,_RNCNvNtNtCs2P4Zpu7suSA_19ultragoal_validator5audit22coverage_scope_scripts23required_token_failures0B7_
FN:24,_RNCNvNtNtCs2P4Zpu7suSA_19ultragoal_validator5audit22coverage_scope_scripts23required_token_failuress_0B7_
FN:28,_RNvNtNtCs2P4Zpu7suSA_19ultragoal_validator5audit22coverage_scope_scripts15required_tokens
FN:20,_RNvNtNtCs2P4Zpu7suSA_19ultragoal_validator5audit22coverage_scope_scripts23required_token_failures
FN:3,_RNvNtNtCs2P4Zpu7suSA_19ultragoal_validator5audit22coverage_scope_scripts8failures
FN:23,_RNCNvNtNtCsbOKKjDYHtwk_19ultragoal_validator5audit22coverage_scope_scripts23required_token_failures0B7_
FN:24,_RNCNvNtNtCsbOKKjDYHtwk_19ultragoal_validator5audit22coverage_scope_scripts23required_token_failuress_0B7_
FN:28,_RNvNtNtCsbOKKjDYHtwk_19ultragoal_validator5audit22coverage_scope_scripts15required_tokens
FN:20,_RNvNtNtCsbOKKjDYHtwk_19ultragoal_validator5audit22coverage_scope_scripts23required_token_failures
FN:3,_RNvNtNtCsbOKKjDYHtwk_19ultragoal_validator5audit22coverage_scope_scripts8failures
FNDA:0,_RNCNvNtNtCs2P4Zpu7suSA_19ultragoal_validator5audit22coverage_scope_scripts23required_token_failures0B7_
FNDA:0,_RNCNvNtNtCs2P4Zpu7suSA_19ultragoal_validator5audit22coverage_scope_scripts23required_token_failuress_0B7_
FNDA:0,_RNvNtNtCs2P4Zpu7suSA_19ultragoal_validator5audit22coverage_scope_scripts15required_tokens
FNDA:0,_RNvNtNtCs2P4Zpu7suSA_19ultragoal_validator5audit22coverage_scope_scripts23required_token_failures
FNDA:0,_RNvNtNtCs2P4Zpu7suSA_19ultragoal_validator5audit22coverage_scope_scripts8failures
FNDA:42,_RNCNvNtNtCsbOKKjDYHtwk_19ultragoal_validator5audit22coverage_scope_scripts23required_token_failures0B7_
FNDA:0,_RNCNvNtNtCsbOKKjDYHtwk_19ultragoal_validator5audit22coverage_scope_scripts23required_token_failuress_0B7_
FNDA:2,_RNvNtNtCsbOKKjDYHtwk_19ultragoal_validator5audit22coverage_scope_scripts15required_tokens
FNDA:2,_RNvNtNtCsbOKKjDYHtwk_19ultragoal_validator5audit22coverage_scope_scripts23required_token_failures
FNDA:2,_RNvNtNtCsbOKKjDYHtwk_19ultragoal_validator5audit22coverage_scope_scripts8failures
FNF:5
FNH:4
DA:3,2
DA:4,2
DA:5,0
DA:7,2
DA:8,2
DA:9,0
DA:10,2
DA:11,2
DA:12,0
DA:13,2
DA:14,2
DA:15,0
DA:16,2
DA:17,2
DA:18,2
DA:20,2
DA:21,2
DA:22,2
DA:23,42
DA:24,2
DA:25,2
DA:26,2
DA:28,2
DA:29,2
DA:30,2
DA:31,2
DA:32,2
DA:33,2
DA:34,2
DA:35,2
DA:36,2
DA:37,2
DA:38,2
DA:39,2
DA:40,2
DA:41,2
DA:42,2
DA:43,2
DA:44,2
DA:45,2
DA:46,2
DA:47,2
DA:48,2
DA:49,2
DA:50,2
DA:51,2
DA:52,2
BRF:0
BRH:0
LF:49
LH:44
end_of_record
SF:/Users/terrynoblin/Projects/harness-ultragoal-plugin-proposal/validator/src/audit/fit_repo_receipt.rs
FN:130,_RNCNCNvNtNtCs2P4Zpu7suSA_19ultragoal_validator5audit16fit_repo_receipt23check_artifact_failures00B9_
FN:143,_RNCNvNtNtCs2P4Zpu7suSA_19ultragoal_validator5audit16fit_repo_receipt16artifact_failure0B7_
FN:152,_RNCNvNtNtCs2P4Zpu7suSA_19ultragoal_validator5audit16fit_repo_receipt16blocker_failures0B7_
FN:153,_RNCNvNtNtCs2P4Zpu7suSA_19ultragoal_validator5audit16fit_repo_receipt16blocker_failuress_0B7_
FN:127,_RNCNvNtNtCs2P4Zpu7suSA_19ultragoal_validator5audit16fit_repo_receipt23check_artifact_failures0B7_
FN:132,_RNCNvNtNtCs2P4Zpu7suSA_19ultragoal_validator5audit16fit_repo_receipt23check_artifact_failuress_0B7_
FN:25,_RNvNtNtCs2P4Zpu7suSA_19ultragoal_validator5audit16fit_repo_receipt13base_failures
FN:136,_RNvNtNtCs2P4Zpu7suSA_19ultragoal_validator5audit16fit_repo_receipt16artifact_failure
FN:146,_RNvNtNtCs2P4Zpu7suSA_19ultragoal_validator5audit16fit_repo_receipt16blocker_failures
FN:14,_RNvNtNtCs2P4Zpu7suSA_19ultragoal_validator5audit16fit_repo_receipt16canonical_digest
FN:60,_RNvNtNtCs2P4Zpu7suSA_19ultragoal_validator5audit16fit_repo_receipt16version_failures
FN:77,_RNvNtNtCs2P4Zpu7suSA_19ultragoal_validator5audit16fit_repo_receipt18authority_failures
FN:121,_RNvNtNtCs2P4Zpu7suSA_19ultragoal_validator5audit16fit_repo_receipt23check_artifact_failures
FN:93,_RNvNtNtCs2P4Zpu7suSA_19ultragoal_validator5audit16fit_repo_receipt23classification_failures
FN:6,_RNvNtNtCs2P4Zpu7suSA_19ultragoal_validator5audit16fit_repo_receipt8failures
FN:157,_RNvNtNtCs2P4Zpu7suSA_19ultragoal_validator5audit16fit_repo_receipt9str_field
FN:130,_RNCNCNvNtNtCsbOKKjDYHtwk_19ultragoal_validator5audit16fit_repo_receipt23check_artifact_failures00B9_
FN:143,_RNCNvNtNtCsbOKKjDYHtwk_19ultragoal_validator5audit16fit_repo_receipt16artifact_failure0B7_
FN:152,_RNCNvNtNtCsbOKKjDYHtwk_19ultragoal_validator5audit16fit_repo_receipt16blocker_failures0B7_
FN:153,_RNCNvNtNtCsbOKKjDYHtwk_19ultragoal_validator5audit16fit_repo_receipt16blocker_failuress_0B7_
FN:127,_RNCNvNtNtCsbOKKjDYHtwk_19ultragoal_validator5audit16fit_repo_receipt23check_artifact_failures0B7_
FN:132,_RNCNvNtNtCsbOKKjDYHtwk_19ultragoal_validator5audit16fit_repo_receipt23check_artifact_failuress_0B7_
FN:25,_RNvNtNtCsbOKKjDYHtwk_19ultragoal_validator5audit16fit_repo_receipt13base_failures
FN:136,_RNvNtNtCsbOKKjDYHtwk_19ultragoal_validator5audit16fit_repo_receipt16artifact_failure
FN:146,_RNvNtNtCsbOKKjDYHtwk_19ultragoal_validator5audit16fit_repo_receipt16blocker_failures
FN:14,_RNvNtNtCsbOKKjDYHtwk_19ultragoal_validator5audit16fit_repo_receipt16canonical_digest
FN:60,_RNvNtNtCsbOKKjDYHtwk_19ultragoal_validator5audit16fit_repo_receipt16version_failures
FN:77,_RNvNtNtCsbOKKjDYHtwk_19ultragoal_validator5audit16fit_repo_receipt18authority_failures
FN:121,_RNvNtNtCsbOKKjDYHtwk_19ultragoal_validator5audit16fit_repo_receipt23check_artifact_failures
FN:93,_RNvNtNtCsbOKKjDYHtwk_19ultragoal_validator5audit16fit_repo_receipt23classification_failures
FN:6,_RNvNtNtCsbOKKjDYHtwk_19ultragoal_validator5audit16fit_repo_receipt8failures
FN:157,_RNvNtNtCsbOKKjDYHtwk_19ultragoal_validator5audit16fit_repo_receipt9str_field
FNDA:0,_RNCNCNvNtNtCs2P4Zpu7suSA_19ultragoal_validator5audit16fit_repo_receipt23check_artifact_failures00B9_
FNDA:0,_RNCNvNtNtCs2P4Zpu7suSA_19ultragoal_validator5audit16fit_repo_receipt16artifact_failure0B7_
FNDA:0,_RNCNvNtNtCs2P4Zpu7suSA_19ultragoal_validator5audit16fit_repo_receipt16blocker_failures0B7_
FNDA:0,_RNCNvNtNtCs2P4Zpu7suSA_19ultragoal_validator5audit16fit_repo_receipt16blocker_failuress_0B7_
FNDA:0,_RNCNvNtNtCs2P4Zpu7suSA_19ultragoal_validator5audit16fit_repo_receipt23check_artifact_failures0B7_
FNDA:0,_RNCNvNtNtCs2P4Zpu7suSA_19ultragoal_validator5audit16fit_repo_receipt23check_artifact_failuress_0B7_
FNDA:0,_RNvNtNtCs2P4Zpu7suSA_19ultragoal_validator5audit16fit_repo_receipt13base_failures
FNDA:0,_RNvNtNtCs2P4Zpu7suSA_19ultragoal_validator5audit16fit_repo_receipt16artifact_failure
FNDA:0,_RNvNtNtCs2P4Zpu7suSA_19ultragoal_validator5audit16fit_repo_receipt16blocker_failures
FNDA:0,_RNvNtNtCs2P4Zpu7suSA_19ultragoal_validator5audit16fit_repo_receipt16canonical_digest
FNDA:0,_RNvNtNtCs2P4Zpu7suSA_19ultragoal_validator5audit16fit_repo_receipt16version_failures
FNDA:0,_RNvNtNtCs2P4Zpu7suSA_19ultragoal_validator5audit16fit_repo_receipt18authority_failures
FNDA:0,_RNvNtNtCs2P4Zpu7suSA_19ultragoal_validator5audit16fit_repo_receipt23check_artifact_failures
FNDA:0,_RNvNtNtCs2P4Zpu7suSA_19ultragoal_validator5audit16fit_repo_receipt23classification_failures
FNDA:0,_RNvNtNtCs2P4Zpu7suSA_19ultragoal_validator5audit16fit_repo_receipt8failures
FNDA:0,_RNvNtNtCs2P4Zpu7suSA_19ultragoal_validator5audit16fit_repo_receipt9str_field
FNDA:14,_RNCNCNvNtNtCsbOKKjDYHtwk_19ultragoal_validator5audit16fit_repo_receipt23check_artifact_failures00B9_
FNDA:0,_RNCNvNtNtCsbOKKjDYHtwk_19ultragoal_validator5audit16fit_repo_receipt16artifact_failure0B7_
FNDA:1,_RNCNvNtNtCsbOKKjDYHtwk_19ultragoal_validator5audit16fit_repo_receipt16blocker_failures0B7_
FNDA:0,_RNCNvNtNtCsbOKKjDYHtwk_19ultragoal_validator5audit16fit_repo_receipt16blocker_failuress_0B7_
FNDA:7,_RNCNvNtNtCsbOKKjDYHtwk_19ultragoal_validator5audit16fit_repo_receipt23check_artifact_failures0B7_
FNDA:14,_RNCNvNtNtCsbOKKjDYHtwk_19ultragoal_validator5audit16fit_repo_receipt23check_artifact_failuress_0B7_
FNDA:8,_RNvNtNtCsbOKKjDYHtwk_19ultragoal_validator5audit16fit_repo_receipt13base_failures
FNDA:14,_RNvNtNtCsbOKKjDYHtwk_19ultragoal_validator5audit16fit_repo_receipt16artifact_failure
FNDA:8,_RNvNtNtCsbOKKjDYHtwk_19ultragoal_validator5audit16fit_repo_receipt16blocker_failures
FNDA:8,_RNvNtNtCsbOKKjDYHtwk_19ultragoal_validator5audit16fit_repo_receipt16canonical_digest
FNDA:8,_RNvNtNtCsbOKKjDYHtwk_19ultragoal_validator5audit16fit_repo_receipt16version_failures
FNDA:8,_RNvNtNtCsbOKKjDYHtwk_19ultragoal_validator5audit16fit_repo_receipt18authority_failures
FNDA:8,_RNvNtNtCsbOKKjDYHtwk_19ultragoal_validator5audit16fit_repo_receipt23check_artifact_failures
FNDA:8,_RNvNtNtCsbOKKjDYHtwk_19ultragoal_validator5audit16fit_repo_receipt23classification_failures
FNDA:8,_RNvNtNtCsbOKKjDYHtwk_19ultragoal_validator5audit16fit_repo_receipt8failures
FNDA:151,_RNvNtNtCsbOKKjDYHtwk_19ultragoal_validator5audit16fit_repo_receipt9str_field
FNF:16
FNH:14
DA:6,8
DA:7,8
DA:8,8
DA:9,8
DA:10,8
DA:11,8
DA:12,8
DA:14,8
DA:15,8
DA:16,8
DA:17,8
DA:18,8
DA:19,8
DA:20,8
DA:21,8
DA:22,8
DA:23,8
DA:25,8
DA:26,8
DA:27,8
DA:28,0
DA:29,8
DA:30,8
DA:31,8
DA:32,8
DA:33,8
DA:34,0
DA:35,0
DA:36,8
DA:37,8
DA:38,0
DA:39,8
DA:40,8
DA:41,8
DA:42,8
DA:43,8
DA:44,0
DA:46,24
DA:47,8
DA:48,8
DA:49,8
DA:50,8
DA:51,24
DA:52,1
DA:53,23
DA:55,8
DA:56,8
DA:57,8
DA:58,8
DA:60,8
DA:61,8
DA:63,0
DA:65,8
DA:66,8
DA:67,8
DA:68,2
DA:69,6
DA:70,8
DA:71,8
DA:72,2
DA:73,6
DA:74,8
DA:75,8
DA:77,8
DA:78,8
DA:79,8
DA:80,8
DA:81,0
DA:82,0
DA:83,8
DA:84,8
DA:85,1
DA:86,7
DA:87,8
DA:88,7
DA:89,7
DA:90,8
DA:91,8
DA:93,8
DA:94,8
DA:95,8
DA:96,8
DA:97,1
DA:98,1
DA:99,7
DA:100,8
DA:101,0
DA:102,8
DA:103,8
DA:104,8
DA:105,1
DA:106,1
DA:107,7
DA:108,8
DA:109,8
DA:110,8
DA:111,8
DA:112,1
DA:113,1
DA:114,7
DA:115,8
DA:116,0
DA:117,8
DA:118,8
DA:119,8
DA:121,8
DA:122,8
DA:123,8
DA:124,8
DA:125,8
DA:126,8
DA:127,8
DA:128,7
DA:129,7
DA:130,14
DA:131,7
DA:132,14
DA:133,8
DA:134,8
DA:136,14
DA:137,14
DA:138,14
DA:139,1
DA:140,13
DA:141,13
DA:142,13
DA:143,13
DA:144,14
DA:146,8
DA:147,8
DA:148,8
DA:149,8
DA:150,8
DA:151,8
DA:152,8
DA:153,8
DA:154,8
DA:155,8
DA:157,151
DA:158,151
DA:159,151
DA:160,151
DA:161,151
DA:162,151
DA:163,151
BRF:0
BRH:0
LF:151
LH:139
end_of_record
SF:/Users/terrynoblin/Projects/harness-ultragoal-plugin-proposal/validator/src/audit/foundational_law_trace.rs
FN:32,_RNCNvNtNtCs2P4Zpu7suSA_19ultragoal_validator5audit22foundational_law_trace14value_failures0B7_
FN:132,_RNCNvNtNtCs2P4Zpu7suSA_19ultragoal_validator5audit22foundational_law_trace15red_fixture_ids0B7_
FN:135,_RNCNvNtNtCs2P4Zpu7suSA_19ultragoal_validator5audit22foundational_law_trace15red_fixture_idss_0B7_
FN:122,_RNCNvNtNtCs2P4Zpu7suSA_19ultragoal_validator5audit22foundational_law_trace17standards_row_ids0B7_
FN:125,_RNCNvNtNtCs2P4Zpu7suSA_19ultragoal_validator5audit22foundational_law_trace17standards_row_idss_0B7_
FN:115,_RNCNvNtNtCs2P4Zpu7suSA_19ultragoal_validator5audit22foundational_law_trace21matrix_obligation_ids0B7_
FN:105,_RNCNvNtNtCs2P4Zpu7suSA_19ultragoal_validator5audit22foundational_law_trace21source_artifact_valid0B7_
FN:106,_RNCNvNtNtCs2P4Zpu7suSA_19ultragoal_validator5audit22foundational_law_trace21source_artifact_valids_0B7_
FN:52,_RNvNtNtCs2P4Zpu7suSA_19ultragoal_validator5audit22foundational_law_trace12row_failures
FN:16,_RNvNtNtCs2P4Zpu7suSA_19ultragoal_validator5audit22foundational_law_trace14value_failures
FN:129,_RNvNtNtCs2P4Zpu7suSA_19ultragoal_validator5audit22foundational_law_trace15red_fixture_ids
FN:119,_RNvNtNtCs2P4Zpu7suSA_19ultragoal_validator5audit22foundational_law_trace17standards_row_ids
FN:109,_RNvNtNtCs2P4Zpu7suSA_19ultragoal_validator5audit22foundational_law_trace21matrix_obligation_ids
FN:94,_RNvNtNtCs2P4Zpu7suSA_19ultragoal_validator5audit22foundational_law_trace21source_artifact_valid
FN:8,_RNvNtNtCs2P4Zpu7suSA_19ultragoal_validator5audit22foundational_law_trace8failures
FN:139,_RNvNtNtCs2P4Zpu7suSA_19ultragoal_validator5audit22foundational_law_trace9str_field
FN:32,_RNCNvNtNtCsbOKKjDYHtwk_19ultragoal_validator5audit22foundational_law_trace14value_failures0B7_
FN:132,_RNCNvNtNtCsbOKKjDYHtwk_19ultragoal_validator5audit22foundational_law_trace15red_fixture_ids0B7_
FN:135,_RNCNvNtNtCsbOKKjDYHtwk_19ultragoal_validator5audit22foundational_law_trace15red_fixture_idss_0B7_
FN:122,_RNCNvNtNtCsbOKKjDYHtwk_19ultragoal_validator5audit22foundational_law_trace17standards_row_ids0B7_
FN:125,_RNCNvNtNtCsbOKKjDYHtwk_19ultragoal_validator5audit22foundational_law_trace17standards_row_idss_0B7_
FN:115,_RNCNvNtNtCsbOKKjDYHtwk_19ultragoal_validator5audit22foundational_law_trace21matrix_obligation_ids0B7_
FN:105,_RNCNvNtNtCsbOKKjDYHtwk_19ultragoal_validator5audit22foundational_law_trace21source_artifact_valid0B7_
FN:106,_RNCNvNtNtCsbOKKjDYHtwk_19ultragoal_validator5audit22foundational_law_trace21source_artifact_valids_0B7_
FN:52,_RNvNtNtCsbOKKjDYHtwk_19ultragoal_validator5audit22foundational_law_trace12row_failures
FN:16,_RNvNtNtCsbOKKjDYHtwk_19ultragoal_validator5audit22foundational_law_trace14value_failures
FN:129,_RNvNtNtCsbOKKjDYHtwk_19ultragoal_validator5audit22foundational_law_trace15red_fixture_ids
FN:119,_RNvNtNtCsbOKKjDYHtwk_19ultragoal_validator5audit22foundational_law_trace17standards_row_ids
FN:109,_RNvNtNtCsbOKKjDYHtwk_19ultragoal_validator5audit22foundational_law_trace21matrix_obligation_ids
FN:94,_RNvNtNtCsbOKKjDYHtwk_19ultragoal_validator5audit22foundational_law_trace21source_artifact_valid
FN:8,_RNvNtNtCsbOKKjDYHtwk_19ultragoal_validator5audit22foundational_law_trace8failures
FN:139,_RNvNtNtCsbOKKjDYHtwk_19ultragoal_validator5audit22foundational_law_trace9str_field
FNDA:0,_RNCNvNtNtCs2P4Zpu7suSA_19ultragoal_validator5audit22foundational_law_trace14value_failures0B7_
FNDA:0,_RNCNvNtNtCs2P4Zpu7suSA_19ultragoal_validator5audit22foundational_law_trace15red_fixture_ids0B7_
FNDA:0,_RNCNvNtNtCs2P4Zpu7suSA_19ultragoal_validator5audit22foundational_law_trace15red_fixture_idss_0B7_
FNDA:0,_RNCNvNtNtCs2P4Zpu7suSA_19ultragoal_validator5audit22foundational_law_trace17standards_row_ids0B7_
FNDA:0,_RNCNvNtNtCs2P4Zpu7suSA_19ultragoal_validator5audit22foundational_law_trace17standards_row_idss_0B7_
FNDA:0,_RNCNvNtNtCs2P4Zpu7suSA_19ultragoal_validator5audit22foundational_law_trace21matrix_obligation_ids0B7_
FNDA:0,_RNCNvNtNtCs2P4Zpu7suSA_19ultragoal_validator5audit22foundational_law_trace21source_artifact_valid0B7_
FNDA:0,_RNCNvNtNtCs2P4Zpu7suSA_19ultragoal_validator5audit22foundational_law_trace21source_artifact_valids_0B7_
FNDA:0,_RNvNtNtCs2P4Zpu7suSA_19ultragoal_validator5audit22foundational_law_trace12row_failures
FNDA:0,_RNvNtNtCs2P4Zpu7suSA_19ultragoal_validator5audit22foundational_law_trace14value_failures
FNDA:0,_RNvNtNtCs2P4Zpu7suSA_19ultragoal_validator5audit22foundational_law_trace15red_fixture_ids
FNDA:0,_RNvNtNtCs2P4Zpu7suSA_19ultragoal_validator5audit22foundational_law_trace17standards_row_ids
FNDA:0,_RNvNtNtCs2P4Zpu7suSA_19ultragoal_validator5audit22foundational_law_trace21matrix_obligation_ids
FNDA:0,_RNvNtNtCs2P4Zpu7suSA_19ultragoal_validator5audit22foundational_law_trace21source_artifact_valid
FNDA:0,_RNvNtNtCs2P4Zpu7suSA_19ultragoal_validator5audit22foundational_law_trace8failures
FNDA:0,_RNvNtNtCs2P4Zpu7suSA_19ultragoal_validator5audit22foundational_law_trace9str_field
FNDA:15452,_RNCNvNtNtCsbOKKjDYHtwk_19ultragoal_validator5audit22foundational_law_trace14value_failures0B7_
FNDA:3,_RNCNvNtNtCsbOKKjDYHtwk_19ultragoal_validator5audit22foundational_law_trace15red_fixture_ids0B7_
FNDA:3471,_RNCNvNtNtCsbOKKjDYHtwk_19ultragoal_validator5audit22foundational_law_trace15red_fixture_idss_0B7_
FNDA:3,_RNCNvNtNtCsbOKKjDYHtwk_19ultragoal_validator5audit22foundational_law_trace17standards_row_ids0B7_
FNDA:324,_RNCNvNtNtCsbOKKjDYHtwk_19ultragoal_validator5audit22foundational_law_trace17standards_row_idss_0B7_
FNDA:303,_RNCNvNtNtCsbOKKjDYHtwk_19ultragoal_validator5audit22foundational_law_trace21matrix_obligation_ids0B7_
FNDA:302,_RNCNvNtNtCsbOKKjDYHtwk_19ultragoal_validator5audit22foundational_law_trace21source_artifact_valid0B7_
FNDA:302,_RNCNvNtNtCsbOKKjDYHtwk_19ultragoal_validator5audit22foundational_law_trace21source_artifact_valids_0B7_
FNDA:302,_RNvNtNtCsbOKKjDYHtwk_19ultragoal_validator5audit22foundational_law_trace12row_failures
FNDA:3,_RNvNtNtCsbOKKjDYHtwk_19ultragoal_validator5audit22foundational_law_trace14value_failures
FNDA:3,_RNvNtNtCsbOKKjDYHtwk_19ultragoal_validator5audit22foundational_law_trace15red_fixture_ids
FNDA:3,_RNvNtNtCsbOKKjDYHtwk_19ultragoal_validator5audit22foundational_law_trace17standards_row_ids
FNDA:3,_RNvNtNtCsbOKKjDYHtwk_19ultragoal_validator5audit22foundational_law_trace21matrix_obligation_ids
FNDA:302,_RNvNtNtCsbOKKjDYHtwk_19ultragoal_validator5audit22foundational_law_trace21source_artifact_valid
FNDA:1,_RNvNtNtCsbOKKjDYHtwk_19ultragoal_validator5audit22foundational_law_trace8failures
FNDA:18170,_RNvNtNtCsbOKKjDYHtwk_19ultragoal_validator5audit22foundational_law_trace9str_field
FNF:16
FNH:16
DA:8,1
DA:9,1
DA:10,1
DA:11,0
DA:13,1
DA:14,1
DA:16,3
DA:17,3
DA:18,0
DA:20,3
DA:21,3
DA:22,3
DA:23,3
DA:24,3
DA:25,3
DA:26,3
DA:27,3
DA:28,3
DA:29,303
DA:30,303
DA:31,303
DA:32,15452
DA:33,1
DA:34,1
DA:35,302
DA:37,302
DA:38,302
DA:39,302
DA:40,0
DA:41,302
DA:42,0
DA:43,302
DA:44,302
DA:45,0
DA:46,302
DA:47,302
DA:49,3
DA:50,3
DA:52,302
DA:53,302
DA:54,302
DA:55,302
DA:56,302
DA:57,302
DA:58,302
DA:59,302
DA:60,302
DA:61,302
DA:62,0
DA:63,302
DA:64,906
DA:65,906
DA:66,0
DA:67,906
DA:69,302
DA:70,302
DA:71,0
DA:72,0
DA:73,0
DA:74,302
DA:75,302
DA:76,302
DA:77,0
DA:78,302
DA:79,302
DA:80,302
DA:81,1
DA:82,1
DA:83,1
DA:84,301
DA:85,302
DA:86,302
DA:87,0
DA:88,0
DA:89,0
DA:90,302
DA:91,302
DA:92,302
DA:94,302
DA:95,302
DA:96,0
DA:98,302
DA:99,302
DA:100,302
DA:101,0
DA:102,302
DA:103,302
DA:104,302
DA:105,302
DA:106,302
DA:107,302
DA:109,3
DA:110,3
DA:111,3
DA:112,3
DA:113,3
DA:114,3
DA:115,303
DA:116,3
DA:117,3
DA:119,3
DA:120,3
DA:121,3
DA:122,3
DA:123,3
DA:124,3
DA:125,324
DA:126,3
DA:127,3
DA:129,3
DA:130,3
DA:131,3
DA:132,3
DA:133,3
DA:134,3
DA:135,3471
DA:136,3
DA:137,3
DA:139,18170
DA:140,18170
DA:141,18170
DA:142,18170
DA:143,18170
DA:144,18170
BRF:0
BRH:0
LF:132
LH:116
end_of_record
SF:/Users/terrynoblin/Projects/harness-ultragoal-plugin-proposal/validator/src/audit/law/surface/receipt/helpers.rs
FN:33,_RNCNvNtNtCs2P4Zpu7suSA_19ultragoal_validator5audit27law_surface_receipt_helpers14array_contains0B7_
FN:19,_RNCNvNtNtCs2P4Zpu7suSA_19ultragoal_validator5audit27law_surface_receipt_helpers16require_nonempty0B7_
FN:27,_RNvNtNtCs2P4Zpu7suSA_19ultragoal_validator5audit27law_surface_receipt_helpers14array_contains
FN:4,_RNvNtNtCs2P4Zpu7suSA_19ultragoal_validator5audit27law_surface_receipt_helpers14require_schema
FN:10,_RNvNtNtCs2P4Zpu7suSA_19ultragoal_validator5audit27law_surface_receipt_helpers16require_nonempty
FN:36,_RNvNtNtCs2P4Zpu7suSA_19ultragoal_validator5audit27law_surface_receipt_helpers24artifact_digest_failures
FN:33,_RNCNvNtNtCsbOKKjDYHtwk_19ultragoal_validator5audit27law_surface_receipt_helpers14array_contains0B7_
FN:19,_RNCNvNtNtCsbOKKjDYHtwk_19ultragoal_validator5audit27law_surface_receipt_helpers16require_nonempty0B7_
FN:27,_RNvNtNtCsbOKKjDYHtwk_19ultragoal_validator5audit27law_surface_receipt_helpers14array_contains
FN:4,_RNvNtNtCsbOKKjDYHtwk_19ultragoal_validator5audit27law_surface_receipt_helpers14require_schema
FN:10,_RNvNtNtCsbOKKjDYHtwk_19ultragoal_validator5audit27law_surface_receipt_helpers16require_nonempty
FN:36,_RNvNtNtCsbOKKjDYHtwk_19ultragoal_validator5audit27law_surface_receipt_helpers24artifact_digest_failures
FNDA:0,_RNCNvNtNtCs2P4Zpu7suSA_19ultragoal_validator5audit27law_surface_receipt_helpers14array_contains0B7_
FNDA:0,_RNCNvNtNtCs2P4Zpu7suSA_19ultragoal_validator5audit27law_surface_receipt_helpers16require_nonempty0B7_
FNDA:0,_RNvNtNtCs2P4Zpu7suSA_19ultragoal_validator5audit27law_surface_receipt_helpers14array_contains
FNDA:0,_RNvNtNtCs2P4Zpu7suSA_19ultragoal_validator5audit27law_surface_receipt_helpers14require_schema
FNDA:0,_RNvNtNtCs2P4Zpu7suSA_19ultragoal_validator5audit27law_surface_receipt_helpers16require_nonempty
FNDA:0,_RNvNtNtCs2P4Zpu7suSA_19ultragoal_validator5audit27law_surface_receipt_helpers24artifact_digest_failures
FNDA:90,_RNCNvNtNtCsbOKKjDYHtwk_19ultragoal_validator5audit27law_surface_receipt_helpers14array_contains0B7_
FNDA:28,_RNCNvNtNtCsbOKKjDYHtwk_19ultragoal_validator5audit27law_surface_receipt_helpers16require_nonempty0B7_
FNDA:35,_RNvNtNtCsbOKKjDYHtwk_19ultragoal_validator5audit27law_surface_receipt_helpers14array_contains
FNDA:32,_RNvNtNtCsbOKKjDYHtwk_19ultragoal_validator5audit27law_surface_receipt_helpers14require_schema
FNDA:32,_RNvNtNtCsbOKKjDYHtwk_19ultragoal_validator5audit27law_surface_receipt_helpers16require_nonempty
FNDA:49,_RNvNtNtCsbOKKjDYHtwk_19ultragoal_validator5audit27law_surface_receipt_helpers24artifact_digest_failures
FNF:6
FNH:6
DA:4,32
DA:5,32
DA:6,0
DA:7,32
DA:8,32
DA:10,32
DA:11,32
DA:12,32
DA:13,32
DA:14,32
DA:15,32
DA:16,32
DA:17,32
DA:18,32
DA:19,32
DA:20,32
DA:21,32
DA:22,4
DA:23,28
DA:24,32
DA:25,32
DA:27,35
DA:28,35
DA:29,35
DA:30,35
DA:31,35
DA:32,35
DA:33,90
DA:34,35
DA:36,49
DA:37,49
DA:38,49
DA:39,49
DA:40,49
DA:41,49
DA:42,49
DA:43,65
DA:44,49
DA:45,49
DA:46,49
DA:47,49
DA:49,65
DA:50,0
DA:51,0
DA:53,65
DA:54,0
DA:55,0
DA:57,65
DA:58,65
DA:59,3
DA:62,49
BRF:0
BRH:0
LF:53
LH:48
end_of_record
SF:/Users/terrynoblin/Projects/harness-ultragoal-plugin-proposal/validator/src/audit/law/surface/receipt/runtime.rs
FN:37,_RNCNvNtNtCs2P4Zpu7suSA_19ultragoal_validator5audit27law_surface_receipt_runtime36runtime_tool_identity_value_failures0B7_
FN:89,_RNvNtNtCs2P4Zpu7suSA_19ultragoal_validator5audit27law_surface_receipt_runtime33transcript_quality_value_failures
FN:55,_RNvNtNtCs2P4Zpu7suSA_19ultragoal_validator5audit27law_surface_receipt_runtime35product_live_surface_value_failures
FN:9,_RNvNtNtCs2P4Zpu7suSA_19ultragoal_validator5audit27law_surface_receipt_runtime36runtime_tool_identity_value_failures
FN:37,_RNCNvNtNtCsbOKKjDYHtwk_19ultragoal_validator5audit27law_surface_receipt_runtime36runtime_tool_identity_value_failures0B7_
FN:89,_RNvNtNtCsbOKKjDYHtwk_19ultragoal_validator5audit27law_surface_receipt_runtime33transcript_quality_value_failures
FN:55,_RNvNtNtCsbOKKjDYHtwk_19ultragoal_validator5audit27law_surface_receipt_runtime35product_live_surface_value_failures
FN:9,_RNvNtNtCsbOKKjDYHtwk_19ultragoal_validator5audit27law_surface_receipt_runtime36runtime_tool_identity_value_failures
FNDA:0,_RNCNvNtNtCs2P4Zpu7suSA_19ultragoal_validator5audit27law_surface_receipt_runtime36runtime_tool_identity_value_failures0B7_
FNDA:0,_RNvNtNtCs2P4Zpu7suSA_19ultragoal_validator5audit27law_surface_receipt_runtime33transcript_quality_value_failures
FNDA:0,_RNvNtNtCs2P4Zpu7suSA_19ultragoal_validator5audit27law_surface_receipt_runtime35product_live_surface_value_failures
FNDA:0,_RNvNtNtCs2P4Zpu7suSA_19ultragoal_validator5audit27law_surface_receipt_runtime36runtime_tool_identity_value_failures
FNDA:6,_RNCNvNtNtCsbOKKjDYHtwk_19ultragoal_validator5audit27law_surface_receipt_runtime36runtime_tool_identity_value_failures0B7_
FNDA:4,_RNvNtNtCsbOKKjDYHtwk_19ultragoal_validator5audit27law_surface_receipt_runtime33transcript_quality_value_failures
FNDA:5,_RNvNtNtCsbOKKjDYHtwk_19ultragoal_validator5audit27law_surface_receipt_runtime35product_live_surface_value_failures
FNDA:6,_RNvNtNtCsbOKKjDYHtwk_19ultragoal_validator5audit27law_surface_receipt_runtime36runtime_tool_identity_value_failures
FNF:4
FNH:4
DA:9,6
DA:10,6
DA:11,6
DA:12,6
DA:13,6
DA:14,6
DA:15,6
DA:17,6
DA:18,6
DA:19,6
DA:20,6
DA:21,6
DA:22,6
DA:23,6
DA:25,6
DA:26,1
DA:27,5
DA:28,6
DA:29,6
DA:30,6
DA:31,6
DA:32,6
DA:34,6
DA:35,6
DA:36,6
DA:37,6
DA:38,1
DA:39,1
DA:40,5
DA:41,6
DA:42,6
DA:43,6
DA:44,6
DA:45,6
DA:46,6
DA:48,6
DA:49,0
DA:50,0
DA:51,6
DA:52,6
DA:53,6
DA:55,5
DA:56,5
DA:57,5
DA:58,5
DA:59,5
DA:60,5
DA:61,5
DA:63,5
DA:64,5
DA:65,5
DA:66,5
DA:67,5
DA:68,5
DA:70,25
DA:71,5
DA:72,5
DA:73,5
DA:74,5
DA:75,5
DA:76,5
DA:77,25
DA:78,2
DA:79,2
DA:80,2
DA:81,23
DA:83,5
DA:84,1
DA:85,4
DA:86,5
DA:87,5
DA:89,4
DA:90,4
DA:91,4
DA:92,4
DA:93,4
DA:94,4
DA:95,4
DA:97,4
DA:98,4
DA:99,4
DA:100,4
DA:101,1
DA:102,1
DA:103,3
DA:104,4
DA:105,1
DA:106,3
DA:107,4
DA:108,4
DA:109,4
DA:110,4
DA:111,1
DA:112,1
DA:113,3
DA:114,4
DA:115,0
DA:116,4
DA:117,4
DA:118,4
BRF:0
BRH:0
LF:101
LH:98
end_of_record
SF:/Users/terrynoblin/Projects/harness-ultragoal-plugin-proposal/validator/src/audit/law/surface/receipt/workflow.rs
FN:136,_RNCNvNtNtCs2P4Zpu7suSA_19ultragoal_validator5audit28law_surface_receipt_workflow16command_failures0B7_
FN:119,_RNvNtNtCs2P4Zpu7suSA_19ultragoal_validator5audit28law_surface_receipt_workflow16command_failures
FN:7,_RNvNtNtCs2P4Zpu7suSA_19ultragoal_validator5audit28law_surface_receipt_workflow29clean_checkout_value_failures
FN:81,_RNvNtNtCs2P4Zpu7suSA_19ultragoal_validator5audit28law_surface_receipt_workflow29memory_context_value_failures
FN:43,_RNvNtNtCs2P4Zpu7suSA_19ultragoal_validator5audit28law_surface_receipt_workflow35restartable_execplan_value_failures
FN:119,_RNvNtNtCsbOKKjDYHtwk_19ultragoal_validator5audit28law_surface_receipt_workflow16command_failures
FN:7,_RNvNtNtCsbOKKjDYHtwk_19ultragoal_validator5audit28law_surface_receipt_workflow29clean_checkout_value_failures
FN:81,_RNvNtNtCsbOKKjDYHtwk_19ultragoal_validator5audit28law_surface_receipt_workflow29memory_context_value_failures
FN:43,_RNvNtNtCsbOKKjDYHtwk_19ultragoal_validator5audit28law_surface_receipt_workflow35restartable_execplan_value_failures
FN:136,_RNCNvNtNtCsbOKKjDYHtwk_19ultragoal_validator5audit28law_surface_receipt_workflow16command_failures0B7_
FNDA:0,_RNCNvNtNtCs2P4Zpu7suSA_19ultragoal_validator5audit28law_surface_receipt_workflow16command_failures0B7_
FNDA:0,_RNvNtNtCs2P4Zpu7suSA_19ultragoal_validator5audit28law_surface_receipt_workflow16command_failures
FNDA:0,_RNvNtNtCs2P4Zpu7suSA_19ultragoal_validator5audit28law_surface_receipt_workflow29clean_checkout_value_failures
FNDA:0,_RNvNtNtCs2P4Zpu7suSA_19ultragoal_validator5audit28law_surface_receipt_workflow29memory_context_value_failures
FNDA:0,_RNvNtNtCs2P4Zpu7suSA_19ultragoal_validator5audit28law_surface_receipt_workflow35restartable_execplan_value_failures
FNDA:7,_RNvNtNtCsbOKKjDYHtwk_19ultragoal_validator5audit28law_surface_receipt_workflow16command_failures
FNDA:7,_RNvNtNtCsbOKKjDYHtwk_19ultragoal_validator5audit28law_surface_receipt_workflow29clean_checkout_value_failures
FNDA:5,_RNvNtNtCsbOKKjDYHtwk_19ultragoal_validator5audit28law_surface_receipt_workflow29memory_context_value_failures
FNDA:5,_RNvNtNtCsbOKKjDYHtwk_19ultragoal_validator5audit28law_surface_receipt_workflow35restartable_execplan_value_failures
FNDA:28,_RNCNvNtNtCsbOKKjDYHtwk_19ultragoal_validator5audit28law_surface_receipt_workflow16command_failures0B7_
FNF:5
FNH:5
DA:7,7
DA:8,7
DA:9,7
DA:10,7
DA:11,7
DA:12,7
DA:13,7
DA:15,7
DA:16,7
DA:17,7
DA:18,7
DA:19,7
DA:21,7
DA:22,7
DA:23,7
DA:24,7
DA:25,7
DA:27,7
DA:28,7
DA:29,7
DA:30,7
DA:31,1
DA:32,1
DA:33,6
DA:34,7
DA:35,7
DA:36,0
DA:37,0
DA:38,7
DA:39,7
DA:40,7
DA:41,7
DA:43,5
DA:44,5
DA:45,5
DA:46,5
DA:47,5
DA:48,5
DA:49,5
DA:51,5
DA:52,50
DA:53,5
DA:54,5
DA:55,5
DA:56,5
DA:57,5
DA:58,5
DA:59,5
DA:60,5
DA:61,5
DA:62,5
DA:63,5
DA:64,50
DA:65,2
DA:66,48
DA:68,5
DA:69,1
DA:70,4
DA:71,5
DA:72,1
DA:73,4
DA:74,5
DA:75,0
DA:76,0
DA:77,5
DA:78,5
DA:79,5
DA:81,5
DA:82,5
DA:83,5
DA:84,5
DA:85,5
DA:86,5
DA:87,5
DA:89,5
DA:90,1
DA:91,4
DA:92,10
DA:93,10
DA:94,2
DA:95,8
DA:97,5
DA:98,5
DA:99,5
DA:100,5
DA:101,5
DA:102,5
DA:104,5
DA:105,5
DA:106,5
DA:107,5
DA:108,5
DA:109,5
DA:111,5
DA:112,5
DA:113,0
DA:114,0
DA:115,5
DA:116,5
DA:117,5
DA:119,7
DA:120,7
DA:121,7
DA:122,7
DA:123,7
DA:124,7
DA:125,7
DA:126,0
DA:127,7
DA:128,28
DA:129,28
DA:130,28
DA:131,28
DA:132,28
DA:133,28
DA:134,28
DA:135,28
DA:136,28
DA:137,28
DA:138,28
DA:139,1
DA:140,1
DA:141,27
DA:142,28
DA:143,1
DA:144,27
DA:145,28
DA:146,28
DA:147,28
DA:148,28
DA:149,1
DA:150,1
DA:151,27
DA:152,28
DA:153,28
DA:154,28
DA:155,28
DA:156,28
DA:157,28
DA:160,7
BRF:0
BRH:0
LF:141
LH:134
end_of_record
SF:/Users/terrynoblin/Projects/harness-ultragoal-plugin-proposal/validator/src/audit/law/surface/receipts.rs
FN:47,_RNCNvNtNtCs2P4Zpu7suSA_19ultragoal_validator5audit20law_surface_receipts16package_failures0B7_
FN:40,_RNvNtNtCs2P4Zpu7suSA_19ultragoal_validator5audit20law_surface_receipts16package_failures
FN:40,_RNvNtNtCsbOKKjDYHtwk_19ultragoal_validator5audit20law_surface_receipts16package_failures
FN:47,_RNCNvNtNtCsbOKKjDYHtwk_19ultragoal_validator5audit20law_surface_receipts16package_failures0B7_
FNDA:0,_RNCNvNtNtCs2P4Zpu7suSA_19ultragoal_validator5audit20law_surface_receipts16package_failures0B7_
FNDA:0,_RNvNtNtCs2P4Zpu7suSA_19ultragoal_validator5audit20law_surface_receipts16package_failures
FNDA:1,_RNvNtNtCsbOKKjDYHtwk_19ultragoal_validator5audit20law_surface_receipts16package_failures
FNDA:0,_RNCNvNtNtCsbOKKjDYHtwk_19ultragoal_validator5audit20law_surface_receipts16package_failures0B7_
FNF:2
FNH:1
DA:40,1
DA:41,1
DA:42,6
DA:43,6
DA:44,6
DA:45,6
DA:46,6
DA:47,6
DA:49,0
DA:52,1
DA:53,1
BRF:0
BRH:0
LF:12
LH:10
end_of_record
SF:/Users/terrynoblin/Projects/harness-ultragoal-plugin-proposal/validator/src/audit/mandatory/law/surfaces.rs
FN:45,_RNCNvNtNtCs2P4Zpu7suSA_19ultragoal_validator5audit22mandatory_law_surfaces14value_failures0B7_
FN:187,_RNCNvNtNtCs2P4Zpu7suSA_19ultragoal_validator5audit22mandatory_law_surfaces15red_fixture_ids0B7_
FN:190,_RNCNvNtNtCs2P4Zpu7suSA_19ultragoal_validator5audit22mandatory_law_surfaces15red_fixture_idss_0B7_
FN:177,_RNCNvNtNtCs2P4Zpu7suSA_19ultragoal_validator5audit22mandatory_law_surfaces18contains_weak_term0B7_
FN:181,_RNCNvNtNtCs2P4Zpu7suSA_19ultragoal_validator5audit22mandatory_law_surfaces18contains_weak_terms_0B7_
FN:209,_RNCNvNtNtCs2P4Zpu7suSA_19ultragoal_validator5audit22mandatory_law_surfaces18trace_entry_exists0B7_
FN:197,_RNCNvNtNtCs2P4Zpu7suSA_19ultragoal_validator5audit22mandatory_law_surfaces20standards_row_exists0B7_
FN:116,_RNCNvNtNtCs2P4Zpu7suSA_19ultragoal_validator5audit22mandatory_law_surfaces22receipt_value_failures0B7_
FN:203,_RNCNvNtNtCs2P4Zpu7suSA_19ultragoal_validator5audit22mandatory_law_surfaces24source_obligation_exists0B7_
FN:215,_RNCNvNtNtCs2P4Zpu7suSA_19ultragoal_validator5audit22mandatory_law_surfaces9json_rows0B7_
FN:38,_RNvNtNtCs2P4Zpu7suSA_19ultragoal_validator5audit22mandatory_law_surfaces14value_failures
FN:184,_RNvNtNtCs2P4Zpu7suSA_19ultragoal_validator5audit22mandatory_law_surfaces15red_fixture_ids
FN:21,_RNvNtNtCs2P4Zpu7suSA_19ultragoal_validator5audit22mandatory_law_surfaces16package_failures
FN:168,_RNvNtNtCs2P4Zpu7suSA_19ultragoal_validator5audit22mandatory_law_surfaces18contains_weak_term
FN:206,_RNvNtNtCs2P4Zpu7suSA_19ultragoal_validator5audit22mandatory_law_surfaces18trace_entry_exists
FN:194,_RNvNtNtCs2P4Zpu7suSA_19ultragoal_validator5audit22mandatory_law_surfaces20standards_row_exists
FN:90,_RNvNtNtCs2P4Zpu7suSA_19ultragoal_validator5audit22mandatory_law_surfaces22receipt_value_failures
[...]
FN:49,_RNCNvNtNtCsbOKKjDYHtwk_19ultragoal_validator11target_repo7receipt21canonical_fingerprint0B7_
FNDA:0,_RNvNtNtCs2P4Zpu7suSA_19ultragoal_validator11target_repo7receipt14overall_status
FNDA:0,_RNvNtNtCs2P4Zpu7suSA_19ultragoal_validator11target_repo7receipt14target_receipt
FNDA:1,_RNvNtNtCs2P4Zpu7suSA_19ultragoal_validator11target_repo7receipt21canonical_fingerprint
FNDA:0,_RNvNtNtCs2P4Zpu7suSA_19ultragoal_validator11target_repo7receipt3row
FNDA:0,_RNvNtNtCs2P4Zpu7suSA_19ultragoal_validator11target_repo7receipt8artifact
FNDA:0,_RNCNvNtNtCs2P4Zpu7suSA_19ultragoal_validator11target_repo7receipt14overall_status0B7_
FNDA:0,_RNCNvNtNtCs2P4Zpu7suSA_19ultragoal_validator11target_repo7receipt14overall_statuss_0B7_
FNDA:0,_RNCNvNtNtCs2P4Zpu7suSA_19ultragoal_validator11target_repo7receipt21canonical_fingerprint0B7_
FNDA:137,_RNvNtNtCsbOKKjDYHtwk_19ultragoal_validator11target_repo7receipt14overall_status
FNDA:137,_RNvNtNtCsbOKKjDYHtwk_19ultragoal_validator11target_repo7receipt14target_receipt
FNDA:229,_RNvNtNtCsbOKKjDYHtwk_19ultragoal_validator11target_repo7receipt21canonical_fingerprint
FNDA:6165,_RNvNtNtCsbOKKjDYHtwk_19ultragoal_validator11target_repo7receipt3row
FNDA:6165,_RNvNtNtCsbOKKjDYHtwk_19ultragoal_validator11target_repo7receipt8artifact
FNDA:5287,_RNCNvNtNtCsbOKKjDYHtwk_19ultragoal_validator11target_repo7receipt14overall_status0B7_
FNDA:394,_RNCNvNtNtCsbOKKjDYHtwk_19ultragoal_validator11target_repo7receipt14overall_statuss_0B7_
FNDA:0,_RNCNvNtNtCsbOKKjDYHtwk_19ultragoal_validator11target_repo7receipt21canonical_fingerprint0B7_
FNF:8
FNH:7
DA:19,137
DA:20,137
DA:21,137
DA:22,137
DA:23,137
DA:24,137
DA:25,137
DA:26,137
DA:27,137
DA:28,137
DA:29,137
DA:31,137
DA:32,137
DA:33,137
DA:34,137
DA:35,137
DA:36,137
DA:38,137
DA:39,137
DA:40,137
DA:41,137
DA:43,230
DA:44,230
DA:45,230
DA:46,230
DA:47,230
DA:48,230
DA:49,230
DA:50,230
DA:52,6165
DA:53,6165
DA:54,6165
DA:56,6165
DA:57,6165
DA:58,620
DA:60,5545
DA:61,4290
DA:62,1255
DA:63,1255
DA:64,1152
DA:65,103
DA:66,103
DA:67,6165
DA:69,137
DA:70,137
DA:71,137
DA:72,5287
DA:74,128
DA:75,9
DA:76,9
DA:77,394
DA:79,3
DA:81,6
DA:83,137
BRF:0
BRH:0
LF:57
LH:56
end_of_record
SF:/Users/terrynoblin/Projects/harness-ultragoal-plugin-proposal/validator/src/target_repo/safe_fs.rs
FN:33,_RNvNtNtCs2P4Zpu7suSA_19ultragoal_validator11target_repo7safe_fs12regular_path
FN:27,_RNvNtNtCs2P4Zpu7suSA_19ultragoal_validator11target_repo7safe_fs13file_metadata
FN:16,_RNvNtNtCs2P4Zpu7suSA_19ultragoal_validator11target_repo7safe_fs14read_to_string
FN:4,_RNvNtNtCs2P4Zpu7suSA_19ultragoal_validator11target_repo7safe_fs15is_regular_file
FN:8,_RNvNtNtCs2P4Zpu7suSA_19ultragoal_validator11target_repo7safe_fs16is_nonempty_file
FN:74,_RNvNtNtCs2P4Zpu7suSA_19ultragoal_validator11target_repo7safe_fs25reject_symlink_components
FN:22,_RNvNtNtCs2P4Zpu7suSA_19ultragoal_validator11target_repo7safe_fs4read
FN:12,_RNvNtNtCs2P4Zpu7suSA_19ultragoal_validator11target_repo7safe_fs6is_dir
FN:43,_RNvNtNtCs2P4Zpu7suSA_19ultragoal_validator11target_repo7safe_fs8dir_path
FN:55,_RNvNtNtCs2P4Zpu7suSA_19ultragoal_validator11target_repo7safe_fs9contained
FN:29,_RNCNCNvNtNtCs2P4Zpu7suSA_19ultragoal_validator11target_repo7safe_fs13file_metadata00B9_
FN:36,_RNCNvNtNtCs2P4Zpu7suSA_19ultragoal_validator11target_repo7safe_fs12regular_path0B7_
FN:28,_RNCNvNtNtCs2P4Zpu7suSA_19ultragoal_validator11target_repo7safe_fs13file_metadata0B7_
FN:19,_RNCNvNtNtCs2P4Zpu7suSA_19ultragoal_validator11target_repo7safe_fs14read_to_string0B7_
FN:9,_RNCNvNtNtCs2P4Zpu7suSA_19ultragoal_validator11target_repo7safe_fs16is_nonempty_file0B7_
FN:46,_RNCNvNtNtCs2P4Zpu7suSA_19ultragoal_validator11target_repo7safe_fs8dir_path0B7_
FN:60,_RNCNvNtNtCs2P4Zpu7suSA_19ultragoal_validator11target_repo7safe_fs9contained0B7_
FN:64,_RNCNvNtNtCs2P4Zpu7suSA_19ultragoal_validator11target_repo7safe_fs9containeds_0B7_
FN:29,_RNCNCNvNtNtCsbOKKjDYHtwk_19ultragoal_validator11target_repo7safe_fs13file_metadata00B9_
FN:36,_RNCNvNtNtCsbOKKjDYHtwk_19ultragoal_validator11target_repo7safe_fs12regular_path0B7_
FN:28,_RNCNvNtNtCsbOKKjDYHtwk_19ultragoal_validator11target_repo7safe_fs13file_metadata0B7_
FN:19,_RNCNvNtNtCsbOKKjDYHtwk_19ultragoal_validator11target_repo7safe_fs14read_to_string0B7_
FN:9,_RNCNvNtNtCsbOKKjDYHtwk_19ultragoal_validator11target_repo7safe_fs16is_nonempty_file0B7_
FN:46,_RNCNvNtNtCsbOKKjDYHtwk_19ultragoal_validator11target_repo7safe_fs8dir_path0B7_
FN:60,_RNCNvNtNtCsbOKKjDYHtwk_19ultragoal_validator11target_repo7safe_fs9contained0B7_
FN:64,_RNCNvNtNtCsbOKKjDYHtwk_19ultragoal_validator11target_repo7safe_fs9containeds_0B7_
FN:33,_RNvNtNtCsbOKKjDYHtwk_19ultragoal_validator11target_repo7safe_fs12regular_path
FN:27,_RNvNtNtCsbOKKjDYHtwk_19ultragoal_validator11target_repo7safe_fs13file_metadata
FN:16,_RNvNtNtCsbOKKjDYHtwk_19ultragoal_validator11target_repo7safe_fs14read_to_string
FN:4,_RNvNtNtCsbOKKjDYHtwk_19ultragoal_validator11target_repo7safe_fs15is_regular_file
FN:8,_RNvNtNtCsbOKKjDYHtwk_19ultragoal_validator11target_repo7safe_fs16is_nonempty_file
FN:74,_RNvNtNtCsbOKKjDYHtwk_19ultragoal_validator11target_repo7safe_fs25reject_symlink_components
FN:22,_RNvNtNtCsbOKKjDYHtwk_19ultragoal_validator11target_repo7safe_fs4read
FN:12,_RNvNtNtCsbOKKjDYHtwk_19ultragoal_validator11target_repo7safe_fs6is_dir
FN:43,_RNvNtNtCsbOKKjDYHtwk_19ultragoal_validator11target_repo7safe_fs8dir_path
FN:55,_RNvNtNtCsbOKKjDYHtwk_19ultragoal_validator11target_repo7safe_fs9contained
FNDA:0,_RNvNtNtCs2P4Zpu7suSA_19ultragoal_validator11target_repo7safe_fs12regular_path
FNDA:0,_RNvNtNtCs2P4Zpu7suSA_19ultragoal_validator11target_repo7safe_fs13file_metadata
FNDA:0,_RNvNtNtCs2P4Zpu7suSA_19ultragoal_validator11target_repo7safe_fs14read_to_string
FNDA:0,_RNvNtNtCs2P4Zpu7suSA_19ultragoal_validator11target_repo7safe_fs15is_regular_file
FNDA:0,_RNvNtNtCs2P4Zpu7suSA_19ultragoal_validator11target_repo7safe_fs16is_nonempty_file
FNDA:0,_RNvNtNtCs2P4Zpu7suSA_19ultragoal_validator11target_repo7safe_fs25reject_symlink_components
FNDA:0,_RNvNtNtCs2P4Zpu7suSA_19ultragoal_validator11target_repo7safe_fs4read
FNDA:0,_RNvNtNtCs2P4Zpu7suSA_19ultragoal_validator11target_repo7safe_fs6is_dir
FNDA:0,_RNvNtNtCs2P4Zpu7suSA_19ultragoal_validator11target_repo7safe_fs8dir_path
FNDA:0,_RNvNtNtCs2P4Zpu7suSA_19ultragoal_validator11target_repo7safe_fs9contained
FNDA:0,_RNCNCNvNtNtCs2P4Zpu7suSA_19ultragoal_validator11target_repo7safe_fs13file_metadata00B9_
FNDA:0,_RNCNvNtNtCs2P4Zpu7suSA_19ultragoal_validator11target_repo7safe_fs12regular_path0B7_
FNDA:0,_RNCNvNtNtCs2P4Zpu7suSA_19ultragoal_validator11target_repo7safe_fs13file_metadata0B7_
FNDA:0,_RNCNvNtNtCs2P4Zpu7suSA_19ultragoal_validator11target_repo7safe_fs14read_to_string0B7_
FNDA:0,_RNCNvNtNtCs2P4Zpu7suSA_19ultragoal_validator11target_repo7safe_fs16is_nonempty_file0B7_
FNDA:0,_RNCNvNtNtCs2P4Zpu7suSA_19ultragoal_validator11target_repo7safe_fs8dir_path0B7_
FNDA:0,_RNCNvNtNtCs2P4Zpu7suSA_19ultragoal_validator11target_repo7safe_fs9contained0B7_
FNDA:0,_RNCNvNtNtCs2P4Zpu7suSA_19ultragoal_validator11target_repo7safe_fs9containeds_0B7_
FNDA:0,_RNCNCNvNtNtCsbOKKjDYHtwk_19ultragoal_validator11target_repo7safe_fs13file_metadata00B9_
FNDA:923,_RNCNvNtNtCsbOKKjDYHtwk_19ultragoal_validator11target_repo7safe_fs12regular_path0B7_
FNDA:354,_RNCNvNtNtCsbOKKjDYHtwk_19ultragoal_validator11target_repo7safe_fs13file_metadata0B7_
FNDA:0,_RNCNvNtNtCsbOKKjDYHtwk_19ultragoal_validator11target_repo7safe_fs14read_to_string0B7_
FNDA:354,_RNCNvNtNtCsbOKKjDYHtwk_19ultragoal_validator11target_repo7safe_fs16is_nonempty_file0B7_
FNDA:121,_RNCNvNtNtCsbOKKjDYHtwk_19ultragoal_validator11target_repo7safe_fs8dir_path0B7_
FNDA:0,_RNCNvNtNtCsbOKKjDYHtwk_19ultragoal_validator11target_repo7safe_fs9contained0B7_
FNDA:0,_RNCNvNtNtCsbOKKjDYHtwk_19ultragoal_validator11target_repo7safe_fs9containeds_0B7_
FNDA:13996,_RNvNtNtCsbOKKjDYHtwk_19ultragoal_validator11target_repo7safe_fs12regular_path
FNDA:1064,_RNvNtNtCsbOKKjDYHtwk_19ultragoal_validator11target_repo7safe_fs13file_metadata
FNDA:4287,_RNvNtNtCsbOKKjDYHtwk_19ultragoal_validator11target_repo7safe_fs14read_to_string
FNDA:3058,_RNvNtNtCsbOKKjDYHtwk_19ultragoal_validator11target_repo7safe_fs15is_regular_file
FNDA:1064,_RNvNtNtCsbOKKjDYHtwk_19ultragoal_validator11target_repo7safe_fs16is_nonempty_file
FNDA:17126,_RNvNtNtCsbOKKjDYHtwk_19ultragoal_validator11target_repo7safe_fs25reject_symlink_components
FNDA:5587,_RNvNtNtCsbOKKjDYHtwk_19ultragoal_validator11target_repo7safe_fs4read
FNDA:1875,_RNvNtNtCsbOKKjDYHtwk_19ultragoal_validator11target_repo7safe_fs6is_dir
FNDA:3130,_RNvNtNtCsbOKKjDYHtwk_19ultragoal_validator11target_repo7safe_fs8dir_path
FNDA:17126,_RNvNtNtCsbOKKjDYHtwk_19ultragoal_validator11target_repo7safe_fs9contained
FNF:18
FNH:14
DA:4,3058
DA:5,3058
DA:6,3058
DA:8,1064
DA:9,1064
DA:10,1064
DA:12,1875
DA:13,1875
DA:14,1875
DA:16,4287
DA:17,4287
DA:18,4200
DA:19,4200
DA:20,4287
DA:22,5587
DA:23,5587
DA:24,4332
DA:25,5587
DA:27,1064
DA:28,1064
DA:29,354
DA:30,354
DA:31,1064
DA:33,13996
DA:34,13996
DA:35,13994
DA:36,13994
DA:37,13071
DA:38,1152
DA:39,11919
DA:40,11919
DA:41,13996
DA:43,3130
DA:44,3130
DA:45,3130
DA:46,3130
DA:47,3009
DA:48,0
DA:49,0
DA:50,0
DA:51,3009
DA:52,3009
DA:53,3130
DA:55,17126
DA:56,17126
DA:57,17126
DA:58,17126
DA:59,17126
DA:60,33793
DA:62,0
DA:63,17126
DA:64,17126
DA:65,17126
DA:66,17126
DA:67,17124
DA:68,17124
DA:69,0
DA:70,17124
DA:71,17124
DA:72,17126
DA:74,17126
DA:75,17126
DA:76,33793
DA:77,33793
DA:78,0
DA:80,33793
DA:81,33793
DA:82,1599
DA:84,32194
DA:85,2
DA:86,32192
DA:88,17124
DA:89,17126
BRF:0
BRH:0
LF:81
LH:72
end_of_record
SF:/Users/terrynoblin/Projects/harness-ultragoal-plugin-proposal/validator/src/target_repo/worktree_env_contract.rs
FN:94,_RNCNCNvNtNtCs2P4Zpu7suSA_19ultragoal_validator11target_repo21worktree_env_contract15action_sections00B9_
FN:23,_RNCNvNtNtCs2P4Zpu7suSA_19ultragoal_validator11target_repo21worktree_env_contract11has_section0B7_
FN:27,_RNCNvNtNtCs2P4Zpu7suSA_19ultragoal_validator11target_repo21worktree_env_contract12action_count0B7_
FN:77,_RNCNvNtNtCs2P4Zpu7suSA_19ultragoal_validator11target_repo21worktree_env_contract13section_after0B7_
FN:82,_RNCNvNtNtCs2P4Zpu7suSA_19ultragoal_validator11target_repo21worktree_env_contract13section_afters_0B7_
FN:90,_RNCNvNtNtCs2P4Zpu7suSA_19ultragoal_validator11target_repo21worktree_env_contract15action_sections0B7_
FN:63,_RNCNvNtNtCs2P4Zpu7suSA_19ultragoal_validator11target_repo21worktree_env_contract20fast_check_action_ok0B7_
FN:18,_RNCNvNtNtCs2P4Zpu7suSA_19ultragoal_validator11target_repo21worktree_env_contract21meaningful_toml_lines0B7_
FN:33,_RNCNvNtNtCs2P4Zpu7suSA_19ultragoal_validator11target_repo21worktree_env_contract24autogenerated_comment_ok0B7_
FN:37,_RNCNvNtNtCs2P4Zpu7suSA_19ultragoal_validator11target_repo21worktree_env_contract9header_ok0B7_
FN:38,_RNCNvNtNtCs2P4Zpu7suSA_19ultragoal_validator11target_repo21worktree_env_contract9header_oks_0B7_
FN:22,_RNvNtNtCs2P4Zpu7suSA_19ultragoal_validator11target_repo21worktree_env_contract11has_section
FN:26,_RNvNtNtCs2P4Zpu7suSA_19ultragoal_validator11target_repo21worktree_env_contract12action_count
FN:72,_RNvNtNtCs2P4Zpu7suSA_19ultragoal_validator11target_repo21worktree_env_contract13section_after
FN:88,_RNvNtNtCs2P4Zpu7suSA_19ultragoal_validator11target_repo21worktree_env_contract15action_sections
FN:41,_RNvNtNtCs2P4Zpu7suSA_19ultragoal_validator11target_repo21worktree_env_contract15setup_script_ok
FN:50,_RNvNtNtCs2P4Zpu7suSA_19ultragoal_validator11target_repo21worktree_env_contract17cleanup_script_ok
FN:62,_RNvNtNtCs2P4Zpu7suSA_19ultragoal_validator11target_repo21worktree_env_contract20fast_check_action_ok
FN:15,_RNvNtNtCs2P4Zpu7suSA_19ultragoal_validator11target_repo21worktree_env_contract21meaningful_toml_lines
FN:30,_RNvNtNtCs2P4Zpu7suSA_19ultragoal_validator11target_repo21worktree_env_contract24autogenerated_comment_ok
FN:1,_RNvNtNtCs2P4Zpu7suSA_19ultragoal_validator11target_repo21worktree_env_contract7text_ok
FN:36,_RNvNtNtCs2P4Zpu7suSA_19ultragoal_validator11target_repo21worktree_env_contract9header_ok
FN:22,_RNvNtNtCsbOKKjDYHtwk_19ultragoal_validator11target_repo21worktree_env_contract11has_section
FN:26,_RNvNtNtCsbOKKjDYHtwk_19ultragoal_validator11target_repo21worktree_env_contract12action_count
FN:72,_RNvNtNtCsbOKKjDYHtwk_19ultragoal_validator11target_repo21worktree_env_contract13section_after
FN:88,_RNvNtNtCsbOKKjDYHtwk_19ultragoal_validator11target_repo21worktree_env_contract15action_sections
FN:41,_RNvNtNtCsbOKKjDYHtwk_19ultragoal_validator11target_repo21worktree_env_contract15setup_script_ok
FN:50,_RNvNtNtCsbOKKjDYHtwk_19ultragoal_validator11target_repo21worktree_env_contract17cleanup_script_ok
FN:62,_RNvNtNtCsbOKKjDYHtwk_19ultragoal_validator11target_repo21worktree_env_contract20fast_check_action_ok
FN:15,_RNvNtNtCsbOKKjDYHtwk_19ultragoal_validator11target_repo21worktree_env_contract21meaningful_toml_lines
FN:30,_RNvNtNtCsbOKKjDYHtwk_19ultragoal_validator11target_repo21worktree_env_contract24autogenerated_comment_ok
FN:1,_RNvNtNtCsbOKKjDYHtwk_19ultragoal_validator11target_repo21worktree_env_contract7text_ok
FN:36,_RNvNtNtCsbOKKjDYHtwk_19ultragoal_validator11target_repo21worktree_env_contract9header_ok
FN:94,_RNCNCNvNtNtCsbOKKjDYHtwk_19ultragoal_validator11target_repo21worktree_env_contract15action_sections00B9_
FN:23,_RNCNvNtNtCsbOKKjDYHtwk_19ultragoal_validator11target_repo21worktree_env_contract11has_section0B7_
FN:27,_RNCNvNtNtCsbOKKjDYHtwk_19ultragoal_validator11target_repo21worktree_env_contract12action_count0B7_
FN:77,_RNCNvNtNtCsbOKKjDYHtwk_19ultragoal_validator11target_repo21worktree_env_contract13section_after0B7_
FN:82,_RNCNvNtNtCsbOKKjDYHtwk_19ultragoal_validator11target_repo21worktree_env_contract13section_afters_0B7_
FN:90,_RNCNvNtNtCsbOKKjDYHtwk_19ultragoal_validator11target_repo21worktree_env_contract15action_sections0B7_
FN:63,_RNCNvNtNtCsbOKKjDYHtwk_19ultragoal_validator11target_repo21worktree_env_contract20fast_check_action_ok0B7_
FN:18,_RNCNvNtNtCsbOKKjDYHtwk_19ultragoal_validator11target_repo21worktree_env_contract21meaningful_toml_lines0B7_
FN:33,_RNCNvNtNtCsbOKKjDYHtwk_19ultragoal_validator11target_repo21worktree_env_contract24autogenerated_comment_ok0B7_
FN:37,_RNCNvNtNtCsbOKKjDYHtwk_19ultragoal_validator11target_repo21worktree_env_contract9header_ok0B7_
FN:38,_RNCNvNtNtCsbOKKjDYHtwk_19ultragoal_validator11target_repo21worktree_env_contract9header_oks_0B7_
FNDA:0,_RNCNCNvNtNtCs2P4Zpu7suSA_19ultragoal_validator11target_repo21worktree_env_contract15action_sections00B9_
FNDA:0,_RNCNvNtNtCs2P4Zpu7suSA_19ultragoal_validator11target_repo21worktree_env_contract11has_section0B7_
FNDA:0,_RNCNvNtNtCs2P4Zpu7suSA_19ultragoal_validator11target_repo21worktree_env_contract12action_count0B7_
FNDA:0,_RNCNvNtNtCs2P4Zpu7suSA_19ultragoal_validator11target_repo21worktree_env_contract13section_after0B7_
FNDA:0,_RNCNvNtNtCs2P4Zpu7suSA_19ultragoal_validator11target_repo21worktree_env_contract13section_afters_0B7_
FNDA:0,_RNCNvNtNtCs2P4Zpu7suSA_19ultragoal_validator11target_repo21worktree_env_contract15action_sections0B7_
FNDA:0,_RNCNvNtNtCs2P4Zpu7suSA_19ultragoal_validator11target_repo21worktree_env_contract20fast_check_action_ok0B7_
FNDA:0,_RNCNvNtNtCs2P4Zpu7suSA_19ultragoal_validator11target_repo21worktree_env_contract21meaningful_toml_lines0B7_
FNDA:0,_RNCNvNtNtCs2P4Zpu7suSA_19ultragoal_validator11target_repo21worktree_env_contract24autogenerated_comment_ok0B7_
FNDA:0,_RNCNvNtNtCs2P4Zpu7suSA_19ultragoal_validator11target_repo21worktree_env_contract9header_ok0B7_
FNDA:0,_RNCNvNtNtCs2P4Zpu7suSA_19ultragoal_validator11target_repo21worktree_env_contract9header_oks_0B7_
FNDA:0,_RNvNtNtCs2P4Zpu7suSA_19ultragoal_validator11target_repo21worktree_env_contract11has_section
FNDA:0,_RNvNtNtCs2P4Zpu7suSA_19ultragoal_validator11target_repo21worktree_env_contract12action_count
FNDA:0,_RNvNtNtCs2P4Zpu7suSA_19ultragoal_validator11target_repo21worktree_env_contract13section_after
FNDA:0,_RNvNtNtCs2P4Zpu7suSA_19ultragoal_validator11target_repo21worktree_env_contract15action_sections
FNDA:0,_RNvNtNtCs2P4Zpu7suSA_19ultragoal_validator11target_repo21worktree_env_contract15setup_script_ok
FNDA:0,_RNvNtNtCs2P4Zpu7suSA_19ultragoal_validator11target_repo21worktree_env_contract17cleanup_script_ok
FNDA:0,_RNvNtNtCs2P4Zpu7suSA_19ultragoal_validator11target_repo21worktree_env_contract20fast_check_action_ok
FNDA:0,_RNvNtNtCs2P4Zpu7suSA_19ultragoal_validator11target_repo21worktree_env_contract21meaningful_toml_lines
FNDA:0,_RNvNtNtCs2P4Zpu7suSA_19ultragoal_validator11target_repo21worktree_env_contract24autogenerated_comment_ok
FNDA:0,_RNvNtNtCs2P4Zpu7suSA_19ultragoal_validator11target_repo21worktree_env_contract7text_ok
FNDA:0,_RNvNtNtCs2P4Zpu7suSA_19ultragoal_validator11target_repo21worktree_env_contract9header_ok
FNDA:267,_RNvNtNtCsbOKKjDYHtwk_19ultragoal_validator11target_repo21worktree_env_contract11has_section
FNDA:132,_RNvNtNtCsbOKKjDYHtwk_19ultragoal_validator11target_repo21worktree_env_contract12action_count
FNDA:258,_RNvNtNtCsbOKKjDYHtwk_19ultragoal_validator11target_repo21worktree_env_contract13section_after
FNDA:129,_RNvNtNtCsbOKKjDYHtwk_19ultragoal_validator11target_repo21worktree_env_contract15action_sections
FNDA:129,_RNvNtNtCsbOKKjDYHtwk_19ultragoal_validator11target_repo21worktree_env_contract15setup_script_ok
FNDA:129,_RNvNtNtCsbOKKjDYHtwk_19ultragoal_validator11target_repo21worktree_env_contract17cleanup_script_ok
FNDA:129,_RNvNtNtCsbOKKjDYHtwk_19ultragoal_validator11target_repo21worktree_env_contract20fast_check_action_ok
FNDA:135,_RNvNtNtCsbOKKjDYHtwk_19ultragoal_validator11target_repo21worktree_env_contract21meaningful_toml_lines
FNDA:135,_RNvNtNtCsbOKKjDYHtwk_19ultragoal_validator11target_repo21worktree_env_contract24autogenerated_comment_ok
FNDA:135,_RNvNtNtCsbOKKjDYHtwk_19ultragoal_validator11target_repo21worktree_env_contract7text_ok
FNDA:135,_RNvNtNtCsbOKKjDYHtwk_19ultragoal_validator11target_repo21worktree_env_contract9header_ok
FNDA:387,_RNCNCNvNtNtCsbOKKjDYHtwk_19ultragoal_validator11target_repo21worktree_env_contract15action_sections00B9_
FNDA:1458,_RNCNvNtNtCsbOKKjDYHtwk_19ultragoal_validator11target_repo21worktree_env_contract11has_section0B7_
FNDA:7665,_RNCNvNtNtCsbOKKjDYHtwk_19ultragoal_validator11target_repo21worktree_env_contract12action_count0B7_
FNDA:2709,_RNCNvNtNtCsbOKKjDYHtwk_19ultragoal_validator11target_repo21worktree_env_contract13section_after0B7_
FNDA:2709,_RNCNvNtNtCsbOKKjDYHtwk_19ultragoal_validator11target_repo21worktree_env_contract13section_afters_0B7_
FNDA:516,_RNCNvNtNtCsbOKKjDYHtwk_19ultragoal_validator11target_repo21worktree_env_contract15action_sections0B7_
FNDA:387,_RNCNvNtNtCsbOKKjDYHtwk_19ultragoal_validator11target_repo21worktree_env_contract20fast_check_action_ok0B7_
FNDA:8652,_RNCNvNtNtCsbOKKjDYHtwk_19ultragoal_validator11target_repo21worktree_env_contract21meaningful_toml_lines0B7_
FNDA:135,_RNCNvNtNtCsbOKKjDYHtwk_19ultragoal_validator11target_repo21worktree_env_contract24autogenerated_comment_ok0B7_
FNDA:135,_RNCNvNtNtCsbOKKjDYHtwk_19ultragoal_validator11target_repo21worktree_env_contract9header_ok0B7_
FNDA:270,_RNCNvNtNtCsbOKKjDYHtwk_19ultragoal_validator11target_repo21worktree_env_contract9header_oks_0B7_
FNF:22
FNH:22
DA:1,135
DA:2,135
DA:3,135
DA:4,135
DA:5,135
DA:6,132
DA:7,132
DA:8,129
DA:9,129
DA:10,129
DA:11,129
DA:12,129
DA:13,135
DA:15,135
DA:16,135
DA:17,135
DA:18,8652
DA:19,135
DA:20,135
DA:22,267
DA:23,1458
DA:24,267
DA:26,132
DA:27,7665
DA:28,132
DA:30,135
DA:31,135
DA:32,135
DA:33,135
DA:34,135
DA:36,135
DA:37,135
DA:38,270
DA:39,135
DA:41,129
DA:42,129
DA:43,0
DA:45,129
DA:46,129
DA:47,129
DA:48,129
DA:50,129
DA:51,129
DA:52,0
DA:54,129
DA:55,129
DA:56,129
DA:57,129
DA:58,129
DA:59,129
DA:60,129
DA:62,129
DA:63,387
DA:64,387
DA:65,129
DA:66,129
DA:67,129
DA:68,129
DA:69,387
DA:70,129
DA:72,258
DA:73,258
DA:74,258
DA:75,258
DA:76,258
DA:77,2709
DA:78,2709
DA:79,2709
DA:80,2709
DA:81,2709
DA:82,2709
DA:83,258
DA:84,258
DA:85,258
DA:86,258
DA:88,129
DA:89,129
DA:90,516
DA:91,516
DA:92,516
DA:93,516
DA:94,516
DA:95,516
DA:96,516
DA:97,516
DA:98,129
DA:99,129
BRF:0
BRH:0
LF:98
LH:96
end_of_record