SF:/Users/terrynoblin/Projects/harness-ultragoal-plugin-proposal/validator/src/archive.rs
FN:142,_RNvNtCsjFvUV6zAvgn_19ultragoal_validator7archive12read_entries
FN:81,_RNvNtCsjFvUV6zAvgn_19ultragoal_validator7archive13archive_paths
FN:12,_RNvNtCsjFvUV6zAvgn_19ultragoal_validator7archive13build_archive
FN:77,_RNvNtCsjFvUV6zAvgn_19ultragoal_validator7archive17entry_list_digest
FN:128,_RNvNtCsjFvUV6zAvgn_19ultragoal_validator7archive18path_hygiene_error
FN:73,_RNvNtCsjFvUV6zAvgn_19ultragoal_validator7archive21archive_claim_ceiling
FN:88,_RNvNtCsjFvUV6zAvgn_19ultragoal_validator7archive21archive_inputs_closed
FN:64,_RNvNtCsjFvUV6zAvgn_19ultragoal_validator7archive24validate_archive_purpose
FN:118,_RNvNtCsjFvUV6zAvgn_19ultragoal_validator7archive26file_contains_private_path
FN:151,_RNCNvNtCsjFvUV6zAvgn_19ultragoal_validator7archive12read_entries0B5_
FN:25,_RNCNvNtCsjFvUV6zAvgn_19ultragoal_validator7archive13build_archive0B5_
FN:130,_RNCNvNtCsjFvUV6zAvgn_19ultragoal_validator7archive18path_hygiene_error0B5_
FN:136,_RNCNvNtCsjFvUV6zAvgn_19ultragoal_validator7archive18path_hygiene_errors0_0B5_
FN:133,_RNCNvNtCsjFvUV6zAvgn_19ultragoal_validator7archive18path_hygiene_errors_0B5_
FN:151,_RNCNvNtCsOcjJYSb0hf_19ultragoal_validator7archive12read_entries0B5_
FN:25,_RNCNvNtCsOcjJYSb0hf_19ultragoal_validator7archive13build_archive0B5_
FN:130,_RNCNvNtCsOcjJYSb0hf_19ultragoal_validator7archive18path_hygiene_error0B5_
FN:136,_RNCNvNtCsOcjJYSb0hf_19ultragoal_validator7archive18path_hygiene_errors0_0B5_
FN:133,_RNCNvNtCsOcjJYSb0hf_19ultragoal_validator7archive18path_hygiene_errors_0B5_
FN:142,_RNvNtCsOcjJYSb0hf_19ultragoal_validator7archive12read_entries
FN:81,_RNvNtCsOcjJYSb0hf_19ultragoal_validator7archive13archive_paths
FN:12,_RNvNtCsOcjJYSb0hf_19ultragoal_validator7archive13build_archive
FN:77,_RNvNtCsOcjJYSb0hf_19ultragoal_validator7archive17entry_list_digest
FN:128,_RNvNtCsOcjJYSb0hf_19ultragoal_validator7archive18path_hygiene_error
FN:73,_RNvNtCsOcjJYSb0hf_19ultragoal_validator7archive21archive_claim_ceiling
FN:88,_RNvNtCsOcjJYSb0hf_19ultragoal_validator7archive21archive_inputs_closed
FN:64,_RNvNtCsOcjJYSb0hf_19ultragoal_validator7archive24validate_archive_purpose
FN:118,_RNvNtCsOcjJYSb0hf_19ultragoal_validator7archive26file_contains_private_path
FNDA:1,_RNvNtCsjFvUV6zAvgn_19ultragoal_validator7archive12read_entries
FNDA:1,_RNvNtCsjFvUV6zAvgn_19ultragoal_validator7archive13archive_paths
FNDA:1,_RNvNtCsjFvUV6zAvgn_19ultragoal_validator7archive13build_archive
FNDA:1,_RNvNtCsjFvUV6zAvgn_19ultragoal_validator7archive17entry_list_digest
FNDA:3931,_RNvNtCsjFvUV6zAvgn_19ultragoal_validator7archive18path_hygiene_error
FNDA:1,_RNvNtCsjFvUV6zAvgn_19ultragoal_validator7archive21archive_claim_ceiling
FNDA:1,_RNvNtCsjFvUV6zAvgn_19ultragoal_validator7archive21archive_inputs_closed
FNDA:1,_RNvNtCsjFvUV6zAvgn_19ultragoal_validator7archive24validate_archive_purpose
FNDA:3931,_RNvNtCsjFvUV6zAvgn_19ultragoal_validator7archive26file_contains_private_path
FNDA:0,_RNCNvNtCsjFvUV6zAvgn_19ultragoal_validator7archive12read_entries0B5_
FNDA:3931,_RNCNvNtCsjFvUV6zAvgn_19ultragoal_validator7archive13build_archive0B5_
FNDA:18096,_RNCNvNtCsjFvUV6zAvgn_19ultragoal_validator7archive18path_hygiene_error0B5_
FNDA:7862,_RNCNvNtCsjFvUV6zAvgn_19ultragoal_validator7archive18path_hygiene_errors0_0B5_
FNDA:3931,_RNCNvNtCsjFvUV6zAvgn_19ultragoal_validator7archive18path_hygiene_errors_0B5_
FNDA:1,_RNCNvNtCsOcjJYSb0hf_19ultragoal_validator7archive12read_entries0B5_
FNDA:5,_RNCNvNtCsOcjJYSb0hf_19ultragoal_validator7archive13build_archive0B5_
FNDA:21,_RNCNvNtCsOcjJYSb0hf_19ultragoal_validator7archive18path_hygiene_error0B5_
FNDA:19,_RNCNvNtCsOcjJYSb0hf_19ultragoal_validator7archive18path_hygiene_errors0_0B5_
FNDA:11,_RNCNvNtCsOcjJYSb0hf_19ultragoal_validator7archive18path_hygiene_errors_0B5_
FNDA:6,_RNvNtCsOcjJYSb0hf_19ultragoal_validator7archive12read_entries
FNDA:14,_RNvNtCsOcjJYSb0hf_19ultragoal_validator7archive13archive_paths
FNDA:16,_RNvNtCsOcjJYSb0hf_19ultragoal_validator7archive13build_archive
FNDA:5,_RNvNtCsOcjJYSb0hf_19ultragoal_validator7archive17entry_list_digest
FNDA:12,_RNvNtCsOcjJYSb0hf_19ultragoal_validator7archive18path_hygiene_error
FNDA:5,_RNvNtCsOcjJYSb0hf_19ultragoal_validator7archive21archive_claim_ceiling
FNDA:14,_RNvNtCsOcjJYSb0hf_19ultragoal_validator7archive21archive_inputs_closed
FNDA:16,_RNvNtCsOcjJYSb0hf_19ultragoal_validator7archive24validate_archive_purpose
FNDA:7,_RNvNtCsOcjJYSb0hf_19ultragoal_validator7archive26file_contains_private_path
FNF:14
FNH:14
DA:12,17
DA:13,17
DA:14,17
DA:15,17
DA:16,17
DA:17,17
DA:18,17
DA:19,17
DA:20,15
DA:21,15
DA:22,15
DA:23,7
DA:24,6
DA:25,3936
DA:26,6
DA:27,6
DA:28,6
DA:29,6
DA:30,6
DA:31,6
DA:32,6
DA:33,6
DA:34,6
DA:35,6
DA:36,6
DA:37,6
DA:38,6
DA:40,6
DA:41,6
DA:42,6
DA:43,6
DA:44,6
DA:46,6
DA:47,6
DA:48,6
DA:49,6
DA:50,6
DA:51,6
DA:52,6
DA:53,6
DA:54,6
DA:56,6
DA:57,6
DA:58,6
DA:59,6
DA:62,17
DA:64,17
DA:65,17
DA:66,17
DA:67,2
DA:68,2
DA:69,2
DA:71,17
DA:73,6
DA:74,6
DA:75,6
DA:77,6
DA:78,6
DA:79,6
DA:81,15
DA:82,15
DA:83,15
DA:84,15
DA:85,15
DA:86,15
DA:88,15
DA:89,15
DA:90,3945
DA:91,3945
DA:92,2
DA:93,2
DA:94,3943
DA:95,3943
DA:96,3
DA:97,3
DA:98,3940
DA:99,3940
DA:100,3940
DA:101,1
DA:102,3939
DA:103,1
DA:104,3938
DA:105,1
DA:106,3937
DA:108,15
DA:109,7
DA:111,8
DA:112,8
DA:113,8
DA:114,8
DA:116,15
DA:118,3938
DA:119,3938
DA:120,1
DA:122,3937
DA:123,1
DA:125,3936
DA:126,3938
DA:128,3943
DA:129,3943
DA:130,18117
DA:131,1
DA:132,3942
DA:133,3942
DA:134,1
DA:135,3941
DA:136,7881
DA:137,1
DA:138,3940
DA:139,3940
DA:140,3943
DA:142,7
DA:143,7
DA:144,7
DA:145,7
DA:146,7
DA:147,7
DA:148,3937
DA:149,3937
DA:150,3937
DA:151,3937
DA:152,3936
DA:153,3936
DA:154,3936
DA:155,3936
DA:159,6
DA:160,7
BRF:0
BRH:0
LF:132
LH:132
end_of_record
SF:/Users/terrynoblin/Projects/harness-ultragoal-plugin-proposal/validator/src/archive_names.rs
FN:21,_RNCNvNtCsjFvUV6zAvgn_19ultragoal_validator13archive_names17validate_zip_root0B5_
FN:43,_RNCNvNtCsjFvUV6zAvgn_19ultragoal_validator13archive_names18validate_entry_rel0B5_
FN:27,_RNvNtCsjFvUV6zAvgn_19ultragoal_validator13archive_names10entry_name
FN:3,_RNvNtCsjFvUV6zAvgn_19ultragoal_validator13archive_names17validate_zip_root
FN:33,_RNvNtCsjFvUV6zAvgn_19ultragoal_validator13archive_names18validate_entry_rel
FN:21,_RNCNvNtCsOcjJYSb0hf_19ultragoal_validator13archive_names17validate_zip_root0B5_
FN:43,_RNCNvNtCsOcjJYSb0hf_19ultragoal_validator13archive_names18validate_entry_rel0B5_
FN:27,_RNvNtCsOcjJYSb0hf_19ultragoal_validator13archive_names10entry_name
FN:3,_RNvNtCsOcjJYSb0hf_19ultragoal_validator13archive_names17validate_zip_root
FN:33,_RNvNtCsOcjJYSb0hf_19ultragoal_validator13archive_names18validate_entry_rel
FN:59,_RNvNtNtCsOcjJYSb0hf_19ultragoal_validator13archive_names5testss_27rejects_traversal_zip_roots
FN:78,_RNvNtNtCsOcjJYSb0hf_19ultragoal_validator13archive_names5testss_29accepts_canonical_entry_paths
FN:66,_RNvNtNtCsOcjJYSb0hf_19ultragoal_validator13archive_names5testss_29rejects_traversal_entry_paths
FN:87,_RNvNtNtCsOcjJYSb0hf_19ultragoal_validator13archive_names5testss_55rejects_empty_junk_whitespace_and_control_archive_names
FNDA:129756,_RNCNvNtCsjFvUV6zAvgn_19ultragoal_validator13archive_names17validate_zip_root0B5_
FNDA:300101,_RNCNvNtCsjFvUV6zAvgn_19ultragoal_validator13archive_names18validate_entry_rel0B5_
FNDA:3931,_RNvNtCsjFvUV6zAvgn_19ultragoal_validator13archive_names10entry_name
FNDA:3932,_RNvNtCsjFvUV6zAvgn_19ultragoal_validator13archive_names17validate_zip_root
FNDA:3931,_RNvNtCsjFvUV6zAvgn_19ultragoal_validator13archive_names18validate_entry_rel
FNDA:689,_RNCNvNtCsOcjJYSb0hf_19ultragoal_validator13archive_names17validate_zip_root0B5_
FNDA:115,_RNCNvNtCsOcjJYSb0hf_19ultragoal_validator13archive_names18validate_entry_rel0B5_
FNDA:14,_RNvNtCsOcjJYSb0hf_19ultragoal_validator13archive_names10entry_name
FNDA:39,_RNvNtCsOcjJYSb0hf_19ultragoal_validator13archive_names17validate_zip_root
FNDA:14,_RNvNtCsOcjJYSb0hf_19ultragoal_validator13archive_names18validate_entry_rel
FNDA:1,_RNvNtNtCsOcjJYSb0hf_19ultragoal_validator13archive_names5testss_27rejects_traversal_zip_roots
FNDA:1,_RNvNtNtCsOcjJYSb0hf_19ultragoal_validator13archive_names5testss_29accepts_canonical_entry_paths
FNDA:1,_RNvNtNtCsOcjJYSb0hf_19ultragoal_validator13archive_names5testss_29rejects_traversal_entry_paths
FNDA:1,_RNvNtNtCsOcjJYSb0hf_19ultragoal_validator13archive_names5testss_55rejects_empty_junk_whitespace_and_control_archive_names
FNF:9
FNH:9
DA:3,3971
DA:4,3971
DA:5,1
DA:6,3970
DA:7,3970
DA:8,1
DA:9,3969
DA:10,3969
DA:11,1
DA:12,3968
DA:13,3968
DA:14,1
DA:15,3967
DA:16,3967
DA:17,4
DA:18,4
DA:19,4
DA:20,3963
DA:21,130445
DA:22,1
DA:23,3962
DA:24,3962
DA:25,3971
DA:27,3945
DA:28,3945
DA:29,3945
DA:30,3937
DA:31,3945
DA:33,3945
DA:34,3945
DA:35,1
DA:36,3944
DA:37,3944
DA:38,2
DA:39,3942
DA:40,3942
DA:41,2
DA:42,3940
DA:43,300216
DA:44,1
DA:45,3939
DA:46,18111
DA:47,18111
DA:48,2
DA:49,18109
DA:51,3937
DA:52,3945
DA:59,1
DA:60,5
DA:61,5
DA:63,1
DA:66,1
DA:67,4
DA:68,1
DA:69,1
DA:70,1
DA:71,1
DA:72,1
DA:73,4
DA:75,1
DA:78,1
DA:79,1
DA:80,1
DA:82,1
DA:84,1
DA:87,1
DA:88,4
DA:89,4
DA:91,4
DA:92,4
DA:94,1
BRF:0
BRH:0
LF:73
LH:73
end_of_record
SF:/Users/terrynoblin/Projects/harness-ultragoal-plugin-proposal/validator/src/archive_zip.rs
FN:96,_RNvNtCsjFvUV6zAvgn_19ultragoal_validator11archive_zip16write_end_record
FN:28,_RNvNtCsjFvUV6zAvgn_19ultragoal_validator11archive_zip16write_zip_stream
FN:56,_RNvNtCsjFvUV6zAvgn_19ultragoal_validator11archive_zip18write_local_header
FN:74,_RNvNtCsjFvUV6zAvgn_19ultragoal_validator11archive_zip20write_central_header
FN:41,_RNvNtCsjFvUV6zAvgn_19ultragoal_validator11archive_zip5crc32
FN:112,_RNvNtCsjFvUV6zAvgn_19ultragoal_validator11archive_zip7pos_u32
FN:119,_RNvNtCsjFvUV6zAvgn_19ultragoal_validator11archive_zip9write_u16
FN:124,_RNvNtCsjFvUV6zAvgn_19ultragoal_validator11archive_zip9write_u32
FN:19,_RNvNtCsjFvUV6zAvgn_19ultragoal_validator11archive_zip9write_zip
FN:69,_RNCNvNtCsjFvUV6zAvgn_19ultragoal_validator11archive_zip18write_local_header0B5_
FN:71,_RNCNvNtCsjFvUV6zAvgn_19ultragoal_validator11archive_zip18write_local_headers_0B5_
FN:93,_RNCNvNtCsjFvUV6zAvgn_19ultragoal_validator11archive_zip20write_central_header0B5_
FN:115,_RNCNvNtCsjFvUV6zAvgn_19ultragoal_validator11archive_zip7pos_u320B5_
FN:116,_RNCNvNtCsjFvUV6zAvgn_19ultragoal_validator11archive_zip7pos_u32s_0B5_
FN:121,_RNCNvNtCsjFvUV6zAvgn_19ultragoal_validator11archive_zip9write_u160B5_
FN:126,_RNCNvNtCsjFvUV6zAvgn_19ultragoal_validator11archive_zip9write_u320B5_
FN:23,_RNCNvNtCsjFvUV6zAvgn_19ultragoal_validator11archive_zip9write_zip0B5_
FN:176,_RNvNtNtCsOcjJYSb0hf_19ultragoal_validator11archive_zip5tests5entry
FN:187,_RNvNtNtCsOcjJYSb0hf_19ultragoal_validator11archive_zip5testss_47zip_stream_writes_success_and_injected_failures
FN:150,_RNvXNtNtCsOcjJYSb0hf_19ultragoal_validator11archive_zip5testsNtB2_9FailAfterNtNtCsg55jX0GwzBC_3std2io5Write5flush
FN:141,_RNvXNtNtCsOcjJYSb0hf_19ultragoal_validator11archive_zip5testsNtB2_9FailAfterNtNtCsg55jX0GwzBC_3std2io5Write5write
FN:170,_RNvXs0_NtNtCsOcjJYSb0hf_19ultragoal_validator11archive_zip5testsNtB5_7BadSeekNtNtCsg55jX0GwzBC_3std2io4Seek4seek
FN:164,_RNvXs_NtNtCsOcjJYSb0hf_19ultragoal_validator11archive_zip5testsNtB4_7BadSeekNtNtCsg55jX0GwzBC_3std2io5Write5flush
FN:160,_RNvXs_NtNtCsOcjJYSb0hf_19ultragoal_validator11archive_zip5testsNtB4_7BadSeekNtNtCsg55jX0GwzBC_3std2io5Write5write
FN:96,_RNvNtCsOcjJYSb0hf_19ultragoal_validator11archive_zip16write_end_record
FN:28,_RNvNtCsOcjJYSb0hf_19ultragoal_validator11archive_zip16write_zip_stream
FN:56,_RNvNtCsOcjJYSb0hf_19ultragoal_validator11archive_zip18write_local_header
FN:74,_RNvNtCsOcjJYSb0hf_19ultragoal_validator11archive_zip20write_central_header
FN:41,_RNvNtCsOcjJYSb0hf_19ultragoal_validator11archive_zip5crc32
FN:112,_RNvNtCsOcjJYSb0hf_19ultragoal_validator11archive_zip7pos_u32
FN:119,_RNvNtCsOcjJYSb0hf_19ultragoal_validator11archive_zip9write_u16
FN:124,_RNvNtCsOcjJYSb0hf_19ultragoal_validator11archive_zip9write_u32
FN:19,_RNvNtCsOcjJYSb0hf_19ultragoal_validator11archive_zip9write_zip
FN:172,_RNCNvXs0_NtNtCsOcjJYSb0hf_19ultragoal_validator11archive_zip5testsNtB7_7BadSeekNtNtCsg55jX0GwzBC_3std2io4Seek4seek0Bb_
FN:69,_RNCNvNtCsOcjJYSb0hf_19ultragoal_validator11archive_zip18write_local_header0B5_
FN:71,_RNCNvNtCsOcjJYSb0hf_19ultragoal_validator11archive_zip18write_local_headers_0B5_
FN:93,_RNCNvNtCsOcjJYSb0hf_19ultragoal_validator11archive_zip20write_central_header0B5_
FN:115,_RNCNvNtCsOcjJYSb0hf_19ultragoal_validator11archive_zip7pos_u320B5_
FN:116,_RNCNvNtCsOcjJYSb0hf_19ultragoal_validator11archive_zip7pos_u32s_0B5_
FN:121,_RNCNvNtCsOcjJYSb0hf_19ultragoal_validator11archive_zip9write_u160B5_
FN:126,_RNCNvNtCsOcjJYSb0hf_19ultragoal_validator11archive_zip9write_u320B5_
FN:23,_RNCNvNtCsOcjJYSb0hf_19ultragoal_validator11archive_zip9write_zip0B5_
FNDA:1,_RNvNtCsjFvUV6zAvgn_19ultragoal_validator11archive_zip16write_end_record
FNDA:1,_RNvNtCsjFvUV6zAvgn_19ultragoal_validator11archive_zip16write_zip_stream
FNDA:3931,_RNvNtCsjFvUV6zAvgn_19ultragoal_validator11archive_zip18write_local_header
FNDA:3931,_RNvNtCsjFvUV6zAvgn_19ultragoal_validator11archive_zip20write_central_header
FNDA:3931,_RNvNtCsjFvUV6zAvgn_19ultragoal_validator11archive_zip5crc32
FNDA:3933,_RNvNtCsjFvUV6zAvgn_19ultragoal_validator11archive_zip7pos_u32
FNDA:70763,_RNvNtCsjFvUV6zAvgn_19ultragoal_validator11archive_zip9write_u16
FNDA:39313,_RNvNtCsjFvUV6zAvgn_19ultragoal_validator11archive_zip9write_u32
FNDA:1,_RNvNtCsjFvUV6zAvgn_19ultragoal_validator11archive_zip9write_zip
FNDA:0,_RNCNvNtCsjFvUV6zAvgn_19ultragoal_validator11archive_zip18write_local_header0B5_
FNDA:0,_RNCNvNtCsjFvUV6zAvgn_19ultragoal_validator11archive_zip18write_local_headers_0B5_
FNDA:0,_RNCNvNtCsjFvUV6zAvgn_19ultragoal_validator11archive_zip20write_central_header0B5_
FNDA:0,_RNCNvNtCsjFvUV6zAvgn_19ultragoal_validator11archive_zip7pos_u320B5_
FNDA:0,_RNCNvNtCsjFvUV6zAvgn_19ultragoal_validator11archive_zip7pos_u32s_0B5_
FNDA:0,_RNCNvNtCsjFvUV6zAvgn_19ultragoal_validator11archive_zip9write_u160B5_
FNDA:0,_RNCNvNtCsjFvUV6zAvgn_19ultragoal_validator11archive_zip9write_u320B5_
FNDA:0,_RNCNvNtCsjFvUV6zAvgn_19ultragoal_validator11archive_zip9write_zip0B5_
FNDA:4,_RNvNtNtCsOcjJYSb0hf_19ultragoal_validator11archive_zip5tests5entry
FNDA:1,_RNvNtNtCsOcjJYSb0hf_19ultragoal_validator11archive_zip5testss_47zip_stream_writes_success_and_injected_failures
FNDA:1,_RNvXNtNtCsOcjJYSb0hf_19ultragoal_validator11archive_zip5testsNtB2_9FailAfterNtNtCsg55jX0GwzBC_3std2io5Write5flush
FNDA:43,_RNvXNtNtCsOcjJYSb0hf_19ultragoal_validator11archive_zip5testsNtB2_9FailAfterNtNtCsg55jX0GwzBC_3std2io5Write5write
FNDA:2,_RNvXs0_NtNtCsOcjJYSb0hf_19ultragoal_validator11archive_zip5testsNtB5_7BadSeekNtNtCsg55jX0GwzBC_3std2io4Seek4seek
FNDA:1,_RNvXs_NtNtCsOcjJYSb0hf_19ultragoal_validator11archive_zip5testsNtB4_7BadSeekNtNtCsg55jX0GwzBC_3std2io5Write5flush
FNDA:1,_RNvXs_NtNtCsOcjJYSb0hf_19ultragoal_validator11archive_zip5testsNtB4_7BadSeekNtNtCsg55jX0GwzBC_3std2io5Write5write
FNDA:7,_RNvNtCsOcjJYSb0hf_19ultragoal_validator11archive_zip16write_end_record
FNDA:7,_RNvNtCsOcjJYSb0hf_19ultragoal_validator11archive_zip16write_zip_stream
FNDA:9,_RNvNtCsOcjJYSb0hf_19ultragoal_validator11archive_zip18write_local_header
FNDA:8,_RNvNtCsOcjJYSb0hf_19ultragoal_validator11archive_zip20write_central_header
FNDA:10,_RNvNtCsOcjJYSb0hf_19ultragoal_validator11archive_zip5crc32
FNDA:23,_RNvNtCsOcjJYSb0hf_19ultragoal_validator11archive_zip7pos_u32
FNDA:186,_RNvNtCsOcjJYSb0hf_19ultragoal_validator11archive_zip9write_u16
FNDA:105,_RNvNtCsOcjJYSb0hf_19ultragoal_validator11archive_zip9write_u32
FNDA:6,_RNvNtCsOcjJYSb0hf_19ultragoal_validator11archive_zip9write_zip
FNDA:1,_RNCNvXs0_NtNtCsOcjJYSb0hf_19ultragoal_validator11archive_zip5testsNtB7_7BadSeekNtNtCsg55jX0GwzBC_3std2io4Seek4seek0Bb_
FNDA:1,_RNCNvNtCsOcjJYSb0hf_19ultragoal_validator11archive_zip18write_local_header0B5_
FNDA:1,_RNCNvNtCsOcjJYSb0hf_19ultragoal_validator11archive_zip18write_local_headers_0B5_
FNDA:1,_RNCNvNtCsOcjJYSb0hf_19ultragoal_validator11archive_zip20write_central_header0B5_
FNDA:1,_RNCNvNtCsOcjJYSb0hf_19ultragoal_validator11archive_zip7pos_u320B5_
FNDA:1,_RNCNvNtCsOcjJYSb0hf_19ultragoal_validator11archive_zip7pos_u32s_0B5_
FNDA:0,_RNCNvNtCsOcjJYSb0hf_19ultragoal_validator11archive_zip9write_u160B5_
FNDA:0,_RNCNvNtCsOcjJYSb0hf_19ultragoal_validator11archive_zip9write_u320B5_
FNDA:0,_RNCNvNtCsOcjJYSb0hf_19ultragoal_validator11archive_zip9write_zip0B5_
FNF:25
FNH:22
DA:19,7
DA:20,7
DA:21,7
DA:22,7
DA:23,7
DA:24,7
DA:25,7
DA:26,7
DA:28,8
DA:29,3938
DA:30,3938
DA:31,3938
DA:33,8
DA:34,3938
DA:35,3938
DA:37,8
DA:38,8
DA:39,8
DA:41,3941
DA:42,3941
DA:43,22011698
DA:44,22011698
DA:45,22011698
DA:46,176093584
DA:47,87994247
DA:49,88099337
DA:53,3941
DA:54,3941
DA:56,3940
DA:57,3940
DA:58,3940
DA:59,3940
DA:60,3940
DA:61,3940
DA:62,3940
DA:63,3940
DA:64,3940
DA:65,3940
DA:66,3940
DA:67,3940
DA:68,3940
DA:69,3940
DA:70,3939
DA:71,3939
DA:72,3940
DA:74,3939
DA:75,3939
DA:76,3939
DA:77,3939
DA:78,3939
DA:79,3939
DA:80,3939
DA:81,3939
DA:82,3939
DA:83,3939
DA:84,3939
DA:85,3939
DA:86,3939
DA:87,3939
DA:88,3939
DA:89,3939
DA:90,3939
DA:91,3939
DA:92,3939
DA:93,3939
DA:94,3939
DA:96,8
DA:97,8
DA:98,8
DA:99,8
DA:100,8
DA:101,8
DA:102,8
DA:103,8
DA:104,8
DA:105,8
DA:106,8
DA:107,8
DA:108,8
DA:109,8
DA:110,8
DA:112,3956
DA:113,3956
DA:114,3956
DA:115,3956
DA:116,3955
DA:117,3956
DA:119,70949
DA:120,70949
DA:121,70949
DA:122,70949
DA:124,39418
DA:125,39418
DA:126,39418
DA:127,39418
DA:141,43
DA:142,43
DA:143,3
DA:144,40
DA:145,40
DA:146,40
DA:147,40
DA:148,43
DA:150,1
DA:151,1
DA:152,1
DA:160,1
DA:161,1
DA:162,1
DA:164,1
DA:165,1
DA:166,1
DA:170,2
DA:171,2
DA:172,2
DA:173,2
DA:176,4
DA:177,4
DA:178,4
DA:179,4
DA:180,4
DA:181,4
DA:182,4
DA:183,4
DA:184,4
DA:187,1
DA:188,1
DA:189,1
DA:190,1
DA:191,1
DA:193,1
DA:194,1
DA:195,1
DA:196,1
DA:197,1
DA:200,1
DA:201,1
DA:202,1
DA:203,1
DA:204,1
DA:205,1
DA:206,1
DA:209,1
DA:210,1
DA:211,1
DA:212,1
DA:213,1
DA:216,1
DA:217,1
DA:218,1
DA:219,1
DA:220,1
DA:221,1
DA:222,1
DA:225,1
DA:226,1
DA:227,1
DA:228,1
DA:229,1
DA:230,1
DA:231,1
DA:234,1
DA:235,1
DA:236,1
DA:237,1
DA:238,1
DA:239,1
BRF:0
BRH:0
LF:176
LH:173
end_of_record
SF:/Users/terrynoblin/Projects/harness-ultragoal-plugin-proposal/validator/src/audit/agent/standards/enforcement.rs
FN:74,_RNCNCNvNtNtCsjFvUV6zAvgn_19ultragoal_validator5audit27agent_standards_enforcement20required_id_failures00B9_
FN:145,_RNCNvNtNtCsjFvUV6zAvgn_19ultragoal_validator5audit27agent_standards_enforcement16gate_path_exists0B7_
FN:71,_RNCNvNtNtCsjFvUV6zAvgn_19ultragoal_validator5audit27agent_standards_enforcement20required_id_failures0B7_
FN:76,_RNCNvNtNtCsjFvUV6zAvgn_19ultragoal_validator5audit27agent_standards_enforcement20required_id_failuress_0B7_
FN:80,_RNvNtNtCsjFvUV6zAvgn_19ultragoal_validator5audit27agent_standards_enforcement12row_failures
FN:51,_RNvNtNtCsjFvUV6zAvgn_19ultragoal_validator5audit27agent_standards_enforcement14value_failures
FN:141,_RNvNtNtCsjFvUV6zAvgn_19ultragoal_validator5audit27agent_standards_enforcement16gate_path_exists
FN:21,_RNvNtNtCsjFvUV6zAvgn_19ultragoal_validator5audit27agent_standards_enforcement18failures_for_paths
FN:125,_RNvNtNtCsjFvUV6zAvgn_19ultragoal_validator5audit27agent_standards_enforcement19mechanized_failures
FN:68,_RNvNtNtCsjFvUV6zAvgn_19ultragoal_validator5audit27agent_standards_enforcement20required_id_failures
FN:11,_RNvNtNtCsjFvUV6zAvgn_19ultragoal_validator5audit27agent_standards_enforcement8failures
FN:148,_RNvNtNtCsjFvUV6zAvgn_19ultragoal_validator5audit27agent_standards_enforcement9str_field
FN:74,_RNCNCNvNtNtCsOcjJYSb0hf_19ultragoal_validator5audit27agent_standards_enforcement20required_id_failures00B9_
FN:145,_RNCNvNtNtCsOcjJYSb0hf_19ultragoal_validator5audit27agent_standards_enforcement16gate_path_exists0B7_
FN:71,_RNCNvNtNtCsOcjJYSb0hf_19ultragoal_validator5audit27agent_standards_enforcement20required_id_failures0B7_
FN:76,_RNCNvNtNtCsOcjJYSb0hf_19ultragoal_validator5audit27agent_standards_enforcement20required_id_failuress_0B7_
FN:80,_RNvNtNtCsOcjJYSb0hf_19ultragoal_validator5audit27agent_standards_enforcement12row_failures
FN:51,_RNvNtNtCsOcjJYSb0hf_19ultragoal_validator5audit27agent_standards_enforcement14value_failures
FN:141,_RNvNtNtCsOcjJYSb0hf_19ultragoal_validator5audit27agent_standards_enforcement16gate_path_exists
FN:21,_RNvNtNtCsOcjJYSb0hf_19ultragoal_validator5audit27agent_standards_enforcement18failures_for_paths
FN:125,_RNvNtNtCsOcjJYSb0hf_19ultragoal_validator5audit27agent_standards_enforcement19mechanized_failures
FN:68,_RNvNtNtCsOcjJYSb0hf_19ultragoal_validator5audit27agent_standards_enforcement20required_id_failures
FN:11,_RNvNtNtCsOcjJYSb0hf_19ultragoal_validator5audit27agent_standards_enforcement8failures
FN:148,_RNvNtNtCsOcjJYSb0hf_19ultragoal_validator5audit27agent_standards_enforcement9str_field
FNDA:7967,_RNCNCNvNtNtCsjFvUV6zAvgn_19ultragoal_validator5audit27agent_standards_enforcement20required_id_failures00B9_
FNDA:0,_RNCNvNtNtCsjFvUV6zAvgn_19ultragoal_validator5audit27agent_standards_enforcement16gate_path_exists0B7_
FNDA:222,_RNCNvNtNtCsjFvUV6zAvgn_19ultragoal_validator5audit27agent_standards_enforcement20required_id_failures0B7_
FNDA:94,_RNCNvNtNtCsjFvUV6zAvgn_19ultragoal_validator5audit27agent_standards_enforcement20required_id_failuress_0B7_
FNDA:128,_RNvNtNtCsjFvUV6zAvgn_19ultragoal_validator5audit27agent_standards_enforcement12row_failures
FNDA:2,_RNvNtNtCsjFvUV6zAvgn_19ultragoal_validator5audit27agent_standards_enforcement14value_failures
FNDA:128,_RNvNtNtCsjFvUV6zAvgn_19ultragoal_validator5audit27agent_standards_enforcement16gate_path_exists
FNDA:2,_RNvNtNtCsjFvUV6zAvgn_19ultragoal_validator5audit27agent_standards_enforcement18failures_for_paths
FNDA:128,_RNvNtNtCsjFvUV6zAvgn_19ultragoal_validator5audit27agent_standards_enforcement19mechanized_failures
FNDA:2,_RNvNtNtCsjFvUV6zAvgn_19ultragoal_validator5audit27agent_standards_enforcement20required_id_failures
FNDA:0,_RNvNtNtCsjFvUV6zAvgn_19ultragoal_validator5audit27agent_standards_enforcement8failures
FNDA:1280,_RNvNtNtCsjFvUV6zAvgn_19ultragoal_validator5audit27agent_standards_enforcement9str_field
FNDA:212414,_RNCNCNvNtNtCsOcjJYSb0hf_19ultragoal_validator5audit27agent_standards_enforcement20required_id_failures00B9_
FNDA:2,_RNCNvNtNtCsOcjJYSb0hf_19ultragoal_validator5audit27agent_standards_enforcement16gate_path_exists0B7_
FNDA:7770,_RNCNvNtNtCsOcjJYSb0hf_19ultragoal_validator5audit27agent_standards_enforcement20required_id_failures0B7_
FNDA:4657,_RNCNvNtNtCsOcjJYSb0hf_19ultragoal_validator5audit27agent_standards_enforcement20required_id_failuress_0B7_
FNDA:3125,_RNvNtNtCsOcjJYSb0hf_19ultragoal_validator5audit27agent_standards_enforcement12row_failures
FNDA:72,_RNvNtNtCsOcjJYSb0hf_19ultragoal_validator5audit27agent_standards_enforcement14value_failures
FNDA:3115,_RNvNtNtCsOcjJYSb0hf_19ultragoal_validator5audit27agent_standards_enforcement16gate_path_exists
FNDA:127,_RNvNtNtCsOcjJYSb0hf_19ultragoal_validator5audit27agent_standards_enforcement18failures_for_paths
FNDA:3119,_RNvNtNtCsOcjJYSb0hf_19ultragoal_validator5audit27agent_standards_enforcement19mechanized_failures
FNDA:70,_RNvNtNtCsOcjJYSb0hf_19ultragoal_validator5audit27agent_standards_enforcement20required_id_failures
FNDA:8,_RNvNtNtCsOcjJYSb0hf_19ultragoal_validator5audit27agent_standards_enforcement8failures
FNDA:31240,_RNvNtNtCsOcjJYSb0hf_19ultragoal_validator5audit27agent_standards_enforcement9str_field
FNF:12
FNH:12
DA:11,8
DA:12,8
DA:13,8
DA:14,8
DA:15,8
DA:16,8
DA:17,8
DA:19,8
DA:21,129
DA:22,129
DA:23,129
DA:24,129
DA:25,129
DA:26,129
DA:27,129
DA:28,129
DA:29,516
DA:30,516
DA:31,240
DA:32,276
DA:34,129
DA:35,69
DA:36,60
DA:37,60
DA:38,60
DA:41,69
DA:42,69
DA:43,69
DA:44,69
DA:45,69
DA:46,69
DA:48,69
DA:49,129
DA:51,74
DA:52,74
DA:53,72
DA:54,2
DA:56,72
DA:57,72
DA:58,3253
DA:59,3253
DA:60,3253
DA:61,1
DA:62,3252
DA:63,3253
DA:65,72
DA:66,74
DA:68,72
DA:69,72
DA:70,72
DA:71,7992
DA:72,7992
DA:73,7992
DA:74,220381
DA:75,7992
DA:76,4751
DA:77,72
DA:78,72
DA:80,3253
DA:81,3253
DA:82,3253
DA:83,3253
DA:84,3253
DA:85,1
DA:86,3252
DA:87,13012
DA:88,3253
DA:89,3253
DA:90,3253
DA:91,3253
DA:92,3253
DA:93,13012
DA:94,4
DA:95,13008
DA:97,3253
DA:98,1
DA:99,3252
DA:100,3253
DA:101,3253
DA:102,3253
DA:103,3253
DA:104,1
DA:105,1
DA:106,3252
DA:107,3253
DA:108,3253
DA:109,6
DA:112,4
DA:113,2
DA:114,2
DA:115,2
DA:117,2
DA:118,1
DA:119,1
DA:120,1
DA:122,3253
DA:123,3253
DA:125,3247
DA:126,3247
DA:127,3247
DA:128,3247
DA:129,1
DA:130,1
DA:131,3246
DA:132,3246
DA:133,3245
DA:134,3243
DA:135,52
DA:136,52
DA:137,3193
DA:138,1
DA:139,3247
DA:141,3243
DA:142,3243
DA:143,51
DA:144,51
DA:145,51
DA:146,3243
DA:148,32520
DA:149,32520
DA:150,32520
DA:151,32520
DA:152,32520
DA:153,32520
BRF:0
BRH:0
LF:128
LH:128
end_of_record
SF:/Users/terrynoblin/Projects/harness-ultragoal-plugin-proposal/validator/src/audit/agent/standards/tsv.rs
FN:10,_RNCNvNtNtCsjFvUV6zAvgn_19ultragoal_validator5audit19agent_standards_tsv5parse0B7_
FN:20,_RNCNvNtNtCsjFvUV6zAvgn_19ultragoal_validator5audit19agent_standards_tsv5parses0_0B7_
FN:29,_RNCNvNtNtCsjFvUV6zAvgn_19ultragoal_validator5audit19agent_standards_tsv5parses1_0B7_
FN:14,_RNCNvNtNtCsjFvUV6zAvgn_19ultragoal_validator5audit19agent_standards_tsv5parses_0B7_
FN:36,_RNvNtNtCsjFvUV6zAvgn_19ultragoal_validator5audit19agent_standards_tsv5field
FN:4,_RNvNtNtCsjFvUV6zAvgn_19ultragoal_validator5audit19agent_standards_tsv5parse
FN:36,_RNvNtNtCsOcjJYSb0hf_19ultragoal_validator5audit19agent_standards_tsv5field
FN:4,_RNvNtNtCsOcjJYSb0hf_19ultragoal_validator5audit19agent_standards_tsv5parse
FN:10,_RNCNvNtNtCsOcjJYSb0hf_19ultragoal_validator5audit19agent_standards_tsv5parse0B7_
FN:20,_RNCNvNtNtCsOcjJYSb0hf_19ultragoal_validator5audit19agent_standards_tsv5parses0_0B7_
FN:29,_RNCNvNtNtCsOcjJYSb0hf_19ultragoal_validator5audit19agent_standards_tsv5parses1_0B7_
FN:14,_RNCNvNtNtCsOcjJYSb0hf_19ultragoal_validator5audit19agent_standards_tsv5parses_0B7_
FNDA:0,_RNCNvNtNtCsjFvUV6zAvgn_19ultragoal_validator5audit19agent_standards_tsv5parse0B7_
FNDA:256,_RNCNvNtNtCsjFvUV6zAvgn_19ultragoal_validator5audit19agent_standards_tsv5parses0_0B7_
FNDA:2048,_RNCNvNtNtCsjFvUV6zAvgn_19ultragoal_validator5audit19agent_standards_tsv5parses1_0B7_
FNDA:4,_RNCNvNtNtCsjFvUV6zAvgn_19ultragoal_validator5audit19agent_standards_tsv5parses_0B7_
FNDA:7393,_RNvNtNtCsjFvUV6zAvgn_19ultragoal_validator5audit19agent_standards_tsv5field
FNDA:4,_RNvNtNtCsjFvUV6zAvgn_19ultragoal_validator5audit19agent_standards_tsv5parse
FNDA:162526,_RNvNtNtCsOcjJYSb0hf_19ultragoal_validator5audit19agent_standards_tsv5field
FNDA:145,_RNvNtNtCsOcjJYSb0hf_19ultragoal_validator5audit19agent_standards_tsv5parse
FNDA:2,_RNCNvNtNtCsOcjJYSb0hf_19ultragoal_validator5audit19agent_standards_tsv5parse0B7_
FNDA:6236,_RNCNvNtNtCsOcjJYSb0hf_19ultragoal_validator5audit19agent_standards_tsv5parses0_0B7_
FNDA:49882,_RNCNvNtNtCsOcjJYSb0hf_19ultragoal_validator5audit19agent_standards_tsv5parses1_0B7_
FNDA:143,_RNCNvNtNtCsOcjJYSb0hf_19ultragoal_validator5audit19agent_standards_tsv5parses_0B7_
FNF:6
FNH:6
DA:4,149
DA:5,149
DA:6,149
DA:7,149
DA:8,149
DA:9,149
DA:10,149
DA:11,147
DA:12,147
DA:13,147
DA:14,147
DA:15,147
DA:16,147
DA:17,1
DA:18,146
DA:19,146
DA:20,6492
DA:21,6492
DA:22,6492
DA:23,1
DA:24,6491
DA:25,6491
DA:26,6491
DA:27,6491
DA:28,6491
DA:29,51930
DA:30,6491
DA:33,145
DA:34,149
DA:36,169919
DA:37,169919
DA:38,169919
BRF:0
BRH:0
LF:36
LH:36
end_of_record
SF:/Users/terrynoblin/Projects/harness-ultragoal-plugin-proposal/validator/src/audit/agent/standards/tsv/checks.rs
FN:135,_RNCNvNtNtCsjFvUV6zAvgn_19ultragoal_validator5audit26agent_standards_tsv_checks13evidence_path0B7_
FN:136,_RNCNvNtNtCsjFvUV6zAvgn_19ultragoal_validator5audit26agent_standards_tsv_checks13evidence_paths_0B7_
FN:89,_RNCNvNtNtCsjFvUV6zAvgn_19ultragoal_validator5audit26agent_standards_tsv_checks14audit_failures0B7_
FN:123,_RNCNvNtNtCsjFvUV6zAvgn_19ultragoal_validator5audit26agent_standards_tsv_checks16evidence_invalid0B7_
FN:52,_RNCNvNtNtCsjFvUV6zAvgn_19ultragoal_validator5audit26agent_standards_tsv_checks18audit_row_failures0B7_
FN:67,_RNCNvNtNtCsjFvUV6zAvgn_19ultragoal_validator5audit26agent_standards_tsv_checks18row_drift_failures0B7_
FN:159,_RNCNvNtNtCsjFvUV6zAvgn_19ultragoal_validator5audit26agent_standards_tsv_checks8tsv_refs0B7_
FN:160,_RNCNvNtNtCsjFvUV6zAvgn_19ultragoal_validator5audit26agent_standards_tsv_checks8tsv_refss_0B7_
FN:126,_RNvNtNtCsjFvUV6zAvgn_19ultragoal_validator5audit26agent_standards_tsv_checks13evidence_path
FN:81,_RNvNtNtCsjFvUV6zAvgn_19ultragoal_validator5audit26agent_standards_tsv_checks14audit_failures
FN:139,_RNvNtNtCsjFvUV6zAvgn_19ultragoal_validator5audit26agent_standards_tsv_checks15json_rows_array
FN:115,_RNvNtNtCsjFvUV6zAvgn_19ultragoal_validator5audit26agent_standards_tsv_checks16evidence_invalid
FN:46,_RNvNtNtCsjFvUV6zAvgn_19ultragoal_validator5audit26agent_standards_tsv_checks18audit_row_failures
FN:63,_RNvNtNtCsjFvUV6zAvgn_19ultragoal_validator5audit26agent_standards_tsv_checks18row_drift_failures
FN:164,_RNvNtNtCsjFvUV6zAvgn_19ultragoal_validator5audit26agent_standards_tsv_checks5field
FN:27,_RNvNtNtCsjFvUV6zAvgn_19ultragoal_validator5audit26agent_standards_tsv_checks8failures
FN:157,_RNvNtNtCsjFvUV6zAvgn_19ultragoal_validator5audit26agent_standards_tsv_checks8tsv_refs
FN:147,_RNvNtNtCsjFvUV6zAvgn_19ultragoal_validator5audit26agent_standards_tsv_checks9json_refs
FN:168,_RNvNtNtCsjFvUV6zAvgn_19ultragoal_validator5audit26agent_standards_tsv_checks9str_field
FN:126,_RNvNtNtCsOcjJYSb0hf_19ultragoal_validator5audit26agent_standards_tsv_checks13evidence_path
FN:81,_RNvNtNtCsOcjJYSb0hf_19ultragoal_validator5audit26agent_standards_tsv_checks14audit_failures
FN:139,_RNvNtNtCsOcjJYSb0hf_19ultragoal_validator5audit26agent_standards_tsv_checks15json_rows_array
FN:115,_RNvNtNtCsOcjJYSb0hf_19ultragoal_validator5audit26agent_standards_tsv_checks16evidence_invalid
FN:46,_RNvNtNtCsOcjJYSb0hf_19ultragoal_validator5audit26agent_standards_tsv_checks18audit_row_failures
FN:63,_RNvNtNtCsOcjJYSb0hf_19ultragoal_validator5audit26agent_standards_tsv_checks18row_drift_failures
FN:164,_RNvNtNtCsOcjJYSb0hf_19ultragoal_validator5audit26agent_standards_tsv_checks5field
FN:27,_RNvNtNtCsOcjJYSb0hf_19ultragoal_validator5audit26agent_standards_tsv_checks8failures
FN:157,_RNvNtNtCsOcjJYSb0hf_19ultragoal_validator5audit26agent_standards_tsv_checks8tsv_refs
FN:147,_RNvNtNtCsOcjJYSb0hf_19ultragoal_validator5audit26agent_standards_tsv_checks9json_refs
FN:168,_RNvNtNtCsOcjJYSb0hf_19ultragoal_validator5audit26agent_standards_tsv_checks9str_field
FN:135,_RNCNvNtNtCsOcjJYSb0hf_19ultragoal_validator5audit26agent_standards_tsv_checks13evidence_path0B7_
FN:136,_RNCNvNtNtCsOcjJYSb0hf_19ultragoal_validator5audit26agent_standards_tsv_checks13evidence_paths_0B7_
FN:89,_RNCNvNtNtCsOcjJYSb0hf_19ultragoal_validator5audit26agent_standards_tsv_checks14audit_failures0B7_
FN:123,_RNCNvNtNtCsOcjJYSb0hf_19ultragoal_validator5audit26agent_standards_tsv_checks16evidence_invalid0B7_
FN:52,_RNCNvNtNtCsOcjJYSb0hf_19ultragoal_validator5audit26agent_standards_tsv_checks18audit_row_failures0B7_
FN:67,_RNCNvNtNtCsOcjJYSb0hf_19ultragoal_validator5audit26agent_standards_tsv_checks18row_drift_failures0B7_
FN:159,_RNCNvNtNtCsOcjJYSb0hf_19ultragoal_validator5audit26agent_standards_tsv_checks8tsv_refs0B7_
FN:160,_RNCNvNtNtCsOcjJYSb0hf_19ultragoal_validator5audit26agent_standards_tsv_checks8tsv_refss_0B7_
FNDA:0,_RNCNvNtNtCsjFvUV6zAvgn_19ultragoal_validator5audit26agent_standards_tsv_checks13evidence_path0B7_
FNDA:0,_RNCNvNtNtCsjFvUV6zAvgn_19ultragoal_validator5audit26agent_standards_tsv_checks13evidence_paths_0B7_
FNDA:128,_RNCNvNtNtCsjFvUV6zAvgn_19ultragoal_validator5audit26agent_standards_tsv_checks14audit_failures0B7_
FNDA:128,_RNCNvNtNtCsjFvUV6zAvgn_19ultragoal_validator5audit26agent_standards_tsv_checks16evidence_invalid0B7_
FNDA:0,_RNCNvNtNtCsjFvUV6zAvgn_19ultragoal_validator5audit26agent_standards_tsv_checks18audit_row_failures0B7_
FNDA:128,_RNCNvNtNtCsjFvUV6zAvgn_19ultragoal_validator5audit26agent_standards_tsv_checks18row_drift_failures0B7_
FNDA:6369,_RNCNvNtNtCsjFvUV6zAvgn_19ultragoal_validator5audit26agent_standards_tsv_checks8tsv_refs0B7_
FNDA:128,_RNCNvNtNtCsjFvUV6zAvgn_19ultragoal_validator5audit26agent_standards_tsv_checks8tsv_refss_0B7_
FNDA:128,_RNvNtNtCsjFvUV6zAvgn_19ultragoal_validator5audit26agent_standards_tsv_checks13evidence_path
FNDA:2,_RNvNtNtCsjFvUV6zAvgn_19ultragoal_validator5audit26agent_standards_tsv_checks14audit_failures
FNDA:4,_RNvNtNtCsjFvUV6zAvgn_19ultragoal_validator5audit26agent_standards_tsv_checks15json_rows_array
FNDA:128,_RNvNtNtCsjFvUV6zAvgn_19ultragoal_validator5audit26agent_standards_tsv_checks16evidence_invalid
FNDA:0,_RNvNtNtCsjFvUV6zAvgn_19ultragoal_validator5audit26agent_standards_tsv_checks18audit_row_failures
FNDA:2,_RNvNtNtCsjFvUV6zAvgn_19ultragoal_validator5audit26agent_standards_tsv_checks18row_drift_failures
FNDA:7393,_RNvNtNtCsjFvUV6zAvgn_19ultragoal_validator5audit26agent_standards_tsv_checks5field
FNDA:2,_RNvNtNtCsjFvUV6zAvgn_19ultragoal_validator5audit26agent_standards_tsv_checks8failures
FNDA:128,_RNvNtNtCsjFvUV6zAvgn_19ultragoal_validator5audit26agent_standards_tsv_checks8tsv_refs
FNDA:128,_RNvNtNtCsjFvUV6zAvgn_19ultragoal_validator5audit26agent_standards_tsv_checks9json_refs
FNDA:512,_RNvNtNtCsjFvUV6zAvgn_19ultragoal_validator5audit26agent_standards_tsv_checks9str_field
FNDA:3116,_RNvNtNtCsOcjJYSb0hf_19ultragoal_validator5audit26agent_standards_tsv_checks13evidence_path
FNDA:70,_RNvNtNtCsOcjJYSb0hf_19ultragoal_validator5audit26agent_standards_tsv_checks14audit_failures
FNDA:140,_RNvNtNtCsOcjJYSb0hf_19ultragoal_validator5audit26agent_standards_tsv_checks15json_rows_array
FNDA:3117,_RNvNtNtCsOcjJYSb0hf_19ultragoal_validator5audit26agent_standards_tsv_checks16evidence_invalid
FNDA:5,_RNvNtNtCsOcjJYSb0hf_19ultragoal_validator5audit26agent_standards_tsv_checks18audit_row_failures
FNDA:70,_RNvNtNtCsOcjJYSb0hf_19ultragoal_validator5audit26agent_standards_tsv_checks18row_drift_failures
FNDA:162526,_RNvNtNtCsOcjJYSb0hf_19ultragoal_validator5audit26agent_standards_tsv_checks5field
FNDA:74,_RNvNtNtCsOcjJYSb0hf_19ultragoal_validator5audit26agent_standards_tsv_checks8failures
FNDA:3118,_RNvNtNtCsOcjJYSb0hf_19ultragoal_validator5audit26agent_standards_tsv_checks8tsv_refs
FNDA:3118,_RNvNtNtCsOcjJYSb0hf_19ultragoal_validator5audit26agent_standards_tsv_checks9json_refs
FNDA:12472,_RNvNtNtCsOcjJYSb0hf_19ultragoal_validator5audit26agent_standards_tsv_checks9str_field
FNDA:1,_RNCNvNtNtCsOcjJYSb0hf_19ultragoal_validator5audit26agent_standards_tsv_checks13evidence_path0B7_
FNDA:1,_RNCNvNtNtCsOcjJYSb0hf_19ultragoal_validator5audit26agent_standards_tsv_checks13evidence_paths_0B7_
FNDA:3117,_RNCNvNtNtCsOcjJYSb0hf_19ultragoal_validator5audit26agent_standards_tsv_checks14audit_failures0B7_
FNDA:3114,_RNCNvNtNtCsOcjJYSb0hf_19ultragoal_validator5audit26agent_standards_tsv_checks16evidence_invalid0B7_
FNDA:9,_RNCNvNtNtCsOcjJYSb0hf_19ultragoal_validator5audit26agent_standards_tsv_checks18audit_row_failures0B7_
FNDA:3117,_RNCNvNtNtCsOcjJYSb0hf_19ultragoal_validator5audit26agent_standards_tsv_checks18row_drift_failures0B7_
FNDA:137580,_RNCNvNtNtCsOcjJYSb0hf_19ultragoal_validator5audit26agent_standards_tsv_checks8tsv_refs0B7_
FNDA:3117,_RNCNvNtNtCsOcjJYSb0hf_19ultragoal_validator5audit26agent_standards_tsv_checks8tsv_refss_0B7_
FNF:19
FNH:19
DA:27,76
DA:28,76
DA:29,76
DA:30,76
DA:31,76
DA:32,76
DA:33,76
DA:34,73
DA:35,3
DA:37,73
DA:38,72
DA:39,1
DA:41,72
DA:42,72
DA:43,72
DA:44,76
DA:46,5
DA:47,5
DA:48,1
DA:50,4
DA:51,4
DA:52,9
DA:53,4
DA:54,4
DA:55,2
DA:57,2
DA:59,2
DA:60,2
DA:61,5
DA:63,72
DA:64,72
DA:65,72
DA:66,72
DA:67,3245
DA:68,72
DA:69,3246
DA:70,3246
DA:71,3246
DA:72,2
DA:73,3244
DA:74,3246
DA:75,283
DA:76,2963
DA:78,72
DA:79,72
DA:81,72
DA:82,72
DA:83,72
DA:84,72
DA:85,72
DA:86,72
DA:87,72
DA:88,72
DA:89,3245
DA:90,72
DA:91,3246
DA:92,3246
DA:93,3246
DA:94,3
DA:95,3243
DA:97,3245
DA:98,3245
DA:99,2
DA:100,2
DA:101,2
DA:102,2
DA:103,2
DA:104,3243
DA:105,3245
DA:106,1
DA:107,1
DA:108,1
DA:109,1
DA:110,3244
DA:112,72
DA:113,72
DA:115,3245
DA:116,3245
DA:117,3245
DA:118,1
DA:119,3244
DA:120,3244
DA:121,2
DA:123,3242
DA:124,3245
DA:126,3244
DA:127,3244
DA:128,1
DA:129,3243
DA:130,3243
DA:131,3243
DA:132,3241
DA:133,2
DA:134,2
DA:135,2
DA:136,2
DA:137,3244
DA:139,144
DA:140,144
DA:141,144
DA:142,144
DA:143,144
DA:144,144
DA:145,144
DA:147,3246
DA:148,3246
DA:149,3246
DA:150,3246
DA:151,3246
DA:152,3246
DA:153,3246
DA:154,3246
DA:155,3246
DA:157,3246
DA:158,3246
DA:159,143949
DA:160,3246
DA:161,3246
DA:162,3246
DA:164,169919
DA:165,169919
DA:166,169919
DA:168,12984
DA:169,12984
DA:170,12984
DA:171,12984
DA:172,12984
DA:173,12984
BRF:0
BRH:0
LF:136
LH:136
end_of_record
SF:/Users/terrynoblin/Projects/harness-ultragoal-plugin-proposal/validator/src/audit/artifacts.rs
FN:84,_RNCNCNvNtNtCsjFvUV6zAvgn_19ultragoal_validator5audit9artifacts12safe_red_idss_00B9_
FN:21,_RNCNCNvNtNtCsjFvUV6zAvgn_19ultragoal_validator5audit9artifacts9check_idss0_00B9_
FN:57,_RNCNvNtNtCsjFvUV6zAvgn_19ultragoal_validator5audit9artifacts10digest_map0B7_
FN:74,_RNCNvNtNtCsjFvUV6zAvgn_19ultragoal_validator5audit9artifacts10input_refs0B7_
FN:81,_RNCNvNtNtCsjFvUV6zAvgn_19ultragoal_validator5audit9artifacts12safe_red_ids0B7_
FN:87,_RNCNvNtNtCsjFvUV6zAvgn_19ultragoal_validator5audit9artifacts12safe_red_idss0_0B7_
FN:82,_RNCNvNtNtCsjFvUV6zAvgn_19ultragoal_validator5audit9artifacts12safe_red_idss_0B7_
FN:35,_RNCNvNtNtCsjFvUV6zAvgn_19ultragoal_validator5audit9artifacts19validator_artifacts0B7_
FN:50,_RNCNvNtNtCsjFvUV6zAvgn_19ultragoal_validator5audit9artifacts19validator_artifactss0_0B7_
FN:40,_RNCNvNtNtCsjFvUV6zAvgn_19ultragoal_validator5audit9artifacts19validator_artifactss_0B7_
FN:13,_RNCNvNtNtCsjFvUV6zAvgn_19ultragoal_validator5audit9artifacts9check_ids0B7_
FN:21,_RNCNvNtNtCsjFvUV6zAvgn_19ultragoal_validator5audit9artifacts9check_idss0_0B7_
FN:15,_RNCNvNtNtCsjFvUV6zAvgn_19ultragoal_validator5audit9artifacts9check_idss_0B7_
FN:54,_RNvNtNtCsjFvUV6zAvgn_19ultragoal_validator5audit9artifacts10digest_map
FN:66,_RNvNtNtCsjFvUV6zAvgn_19ultragoal_validator5audit9artifacts10input_refs
FN:90,_RNvNtNtCsjFvUV6zAvgn_19ultragoal_validator5audit9artifacts12artifact_ref
FN:78,_RNvNtNtCsjFvUV6zAvgn_19ultragoal_validator5audit9artifacts12safe_red_ids
FN:24,_RNvNtNtCsjFvUV6zAvgn_19ultragoal_validator5audit9artifacts19validator_artifacts
FN:9,_RNvNtNtCsjFvUV6zAvgn_19ultragoal_validator5audit9artifacts9check_ids
FN:84,_RNCNCNvNtNtCsOcjJYSb0hf_19ultragoal_validator5audit9artifacts12safe_red_idss_00B9_
FN:21,_RNCNCNvNtNtCsOcjJYSb0hf_19ultragoal_validator5audit9artifacts9check_idss0_00B9_
FN:57,_RNCNvNtNtCsOcjJYSb0hf_19ultragoal_validator5audit9artifacts10digest_map0B7_
FN:74,_RNCNvNtNtCsOcjJYSb0hf_19ultragoal_validator5audit9artifacts10input_refs0B7_
FN:81,_RNCNvNtNtCsOcjJYSb0hf_19ultragoal_validator5audit9artifacts12safe_red_ids0B7_
FN:87,_RNCNvNtNtCsOcjJYSb0hf_19ultragoal_validator5audit9artifacts12safe_red_idss0_0B7_
FN:82,_RNCNvNtNtCsOcjJYSb0hf_19ultragoal_validator5audit9artifacts12safe_red_idss_0B7_
FN:35,_RNCNvNtNtCsOcjJYSb0hf_19ultragoal_validator5audit9artifacts19validator_artifacts0B7_
FN:50,_RNCNvNtNtCsOcjJYSb0hf_19ultragoal_validator5audit9artifacts19validator_artifactss0_0B7_
FN:40,_RNCNvNtNtCsOcjJYSb0hf_19ultragoal_validator5audit9artifacts19validator_artifactss_0B7_
FN:13,_RNCNvNtNtCsOcjJYSb0hf_19ultragoal_validator5audit9artifacts9check_ids0B7_
FN:21,_RNCNvNtNtCsOcjJYSb0hf_19ultragoal_validator5audit9artifacts9check_idss0_0B7_
FN:15,_RNCNvNtNtCsOcjJYSb0hf_19ultragoal_validator5audit9artifacts9check_idss_0B7_
FN:54,_RNvNtNtCsOcjJYSb0hf_19ultragoal_validator5audit9artifacts10digest_map
FN:66,_RNvNtNtCsOcjJYSb0hf_19ultragoal_validator5audit9artifacts10input_refs
FN:90,_RNvNtNtCsOcjJYSb0hf_19ultragoal_validator5audit9artifacts12artifact_ref
FN:78,_RNvNtNtCsOcjJYSb0hf_19ultragoal_validator5audit9artifacts12safe_red_ids
FN:24,_RNvNtNtCsOcjJYSb0hf_19ultragoal_validator5audit9artifacts19validator_artifacts
FN:9,_RNvNtNtCsOcjJYSb0hf_19ultragoal_validator5audit9artifacts9check_ids
FNDA:0,_RNCNCNvNtNtCsjFvUV6zAvgn_19ultragoal_validator5audit9artifacts12safe_red_idss_00B9_
FNDA:0,_RNCNCNvNtNtCsjFvUV6zAvgn_19ultragoal_validator5audit9artifacts9check_idss0_00B9_
FNDA:0,_RNCNvNtNtCsjFvUV6zAvgn_19ultragoal_validator5audit9artifacts10digest_map0B7_
FNDA:0,_RNCNvNtNtCsjFvUV6zAvgn_19ultragoal_validator5audit9artifacts10input_refs0B7_
FNDA:0,_RNCNvNtNtCsjFvUV6zAvgn_19ultragoal_validator5audit9artifacts12safe_red_ids0B7_
FNDA:0,_RNCNvNtNtCsjFvUV6zAvgn_19ultragoal_validator5audit9artifacts12safe_red_idss0_0B7_
FNDA:0,_RNCNvNtNtCsjFvUV6zAvgn_19ultragoal_validator5audit9artifacts12safe_red_idss_0B7_
FNDA:532,_RNCNvNtNtCsjFvUV6zAvgn_19ultragoal_validator5audit9artifacts19validator_artifacts0B7_
FNDA:538,_RNCNvNtNtCsjFvUV6zAvgn_19ultragoal_validator5audit9artifacts19validator_artifactss0_0B7_
FNDA:0,_RNCNvNtNtCsjFvUV6zAvgn_19ultragoal_validator5audit9artifacts19validator_artifactss_0B7_
FNDA:0,_RNCNvNtNtCsjFvUV6zAvgn_19ultragoal_validator5audit9artifacts9check_ids0B7_
FNDA:0,_RNCNvNtNtCsjFvUV6zAvgn_19ultragoal_validator5audit9artifacts9check_idss0_0B7_
FNDA:0,_RNCNvNtNtCsjFvUV6zAvgn_19ultragoal_validator5audit9artifacts9check_idss_0B7_
FNDA:0,_RNvNtNtCsjFvUV6zAvgn_19ultragoal_validator5audit9artifacts10digest_map
FNDA:0,_RNvNtNtCsjFvUV6zAvgn_19ultragoal_validator5audit9artifacts10input_refs
FNDA:538,_RNvNtNtCsjFvUV6zAvgn_19ultragoal_validator5audit9artifacts12artifact_ref
FNDA:0,_RNvNtNtCsjFvUV6zAvgn_19ultragoal_validator5audit9artifacts12safe_red_ids
FNDA:2,_RNvNtNtCsjFvUV6zAvgn_19ultragoal_validator5audit9artifacts19validator_artifacts
FNDA:0,_RNvNtNtCsjFvUV6zAvgn_19ultragoal_validator5audit9artifacts9check_ids
FNDA:1,_RNCNCNvNtNtCsOcjJYSb0hf_19ultragoal_validator5audit9artifacts12safe_red_idss_00B9_
FNDA:858,_RNCNCNvNtNtCsOcjJYSb0hf_19ultragoal_validator5audit9artifacts9check_idss0_00B9_
FNDA:15,_RNCNvNtNtCsOcjJYSb0hf_19ultragoal_validator5audit9artifacts10digest_map0B7_
FNDA:56,_RNCNvNtNtCsOcjJYSb0hf_19ultragoal_validator5audit9artifacts10input_refs0B7_
FNDA:7,_RNCNvNtNtCsOcjJYSb0hf_19ultragoal_validator5audit9artifacts12safe_red_ids0B7_
FNDA:2,_RNCNvNtNtCsOcjJYSb0hf_19ultragoal_validator5audit9artifacts12safe_red_idss0_0B7_
FNDA:6,_RNCNvNtNtCsOcjJYSb0hf_19ultragoal_validator5audit9artifacts12safe_red_idss_0B7_
FNDA:0,_RNCNvNtNtCsOcjJYSb0hf_19ultragoal_validator5audit9artifacts19validator_artifacts0B7_
FNDA:17,_RNCNvNtNtCsOcjJYSb0hf_19ultragoal_validator5audit9artifacts19validator_artifactss0_0B7_
FNDA:0,_RNCNvNtNtCsOcjJYSb0hf_19ultragoal_validator5audit9artifacts19validator_artifactss_0B7_
FNDA:1,_RNCNvNtNtCsOcjJYSb0hf_19ultragoal_validator5audit9artifacts9check_ids0B7_
FNDA:6,_RNCNvNtNtCsOcjJYSb0hf_19ultragoal_validator5audit9artifacts9check_idss0_0B7_
FNDA:1,_RNCNvNtNtCsOcjJYSb0hf_19ultragoal_validator5audit9artifacts9check_idss_0B7_
FNDA:5,_RNvNtNtCsOcjJYSb0hf_19ultragoal_validator5audit9artifacts10digest_map
FNDA:14,_RNvNtNtCsOcjJYSb0hf_19ultragoal_validator5audit9artifacts10input_refs
FNDA:73,_RNvNtNtCsOcjJYSb0hf_19ultragoal_validator5audit9artifacts12artifact_ref
FNDA:8,_RNvNtNtCsOcjJYSb0hf_19ultragoal_validator5audit9artifacts12safe_red_ids
FNDA:6,_RNvNtNtCsOcjJYSb0hf_19ultragoal_validator5audit9artifacts19validator_artifacts
FNDA:7,_RNvNtNtCsOcjJYSb0hf_19ultragoal_validator5audit9artifacts9check_ids
FNF:19
FNH:18
DA:9,7
DA:10,7
DA:11,7
DA:12,7
DA:13,7
DA:14,7
DA:15,7
DA:16,1
DA:17,1
DA:18,1
DA:19,1
DA:20,1
DA:21,858
DA:22,7
DA:24,8
DA:25,8
DA:26,8
DA:27,8
DA:28,8
DA:30,551
DA:31,8
DA:32,8
DA:34,551
DA:35,532
DA:37,532
DA:38,532
DA:39,532
DA:40,532
DA:41,532
DA:42,532
DA:43,532
DA:44,19
DA:46,8
DA:47,8
DA:48,8
DA:49,8
DA:50,555
DA:51,8
DA:52,8
DA:54,5
DA:55,5
DA:56,5
DA:57,15
DA:59,15
DA:60,15
DA:62,15
DA:63,5
DA:64,5
DA:66,14
DA:67,14
DA:68,14
DA:69,14
DA:70,14
DA:71,14
DA:72,14
DA:73,14
DA:74,56
DA:75,14
DA:76,14
DA:78,8
DA:79,8
DA:80,8
DA:81,8
DA:82,8
DA:83,6
DA:84,6
DA:85,6
DA:86,6
DA:87,8
DA:88,8
DA:90,611
DA:91,611
DA:92,611
DA:93,587
DA:95,24
DA:97,610
DA:98,611
BRF:0
BRH:0
LF:90
LH:89
end_of_record
SF:/Users/terrynoblin/Projects/harness-ultragoal-plugin-proposal/validator/src/audit/cli/control_plane/authority.rs
FN:29,_RNvNtNtCsjFvUV6zAvgn_19ultragoal_validator5audit27cli_control_plane_authority13require_files
FN:17,_RNvNtNtCsjFvUV6zAvgn_19ultragoal_validator5audit27cli_control_plane_authority16package_failures
FN:71,_RNvNtNtCsjFvUV6zAvgn_19ultragoal_validator5audit27cli_control_plane_authority16require_law_rows
FN:110,_RNvNtNtCsjFvUV6zAvgn_19ultragoal_validator5audit27cli_control_plane_authority16require_receipts
FN:159,_RNvNtNtCsjFvUV6zAvgn_19ultragoal_validator5audit27cli_control_plane_authority17array_contains_id
FN:139,_RNvNtNtCsjFvUV6zAvgn_19ultragoal_validator5audit27cli_control_plane_authority17json_array_has_id
FN:37,_RNvNtNtCsjFvUV6zAvgn_19ultragoal_validator5audit27cli_control_plane_authority18require_cargo_bins
FN:101,_RNvNtNtCsjFvUV6zAvgn_19ultragoal_validator5audit27cli_control_plane_authority19require_red_catalog
FN:149,_RNvNtNtCsjFvUV6zAvgn_19ultragoal_validator5audit27cli_control_plane_authority20trace_has_obligation
FN:57,_RNvNtNtCsjFvUV6zAvgn_19ultragoal_validator5audit27cli_control_plane_authority22require_schema_catalog
FN:47,_RNvNtNtCsjFvUV6zAvgn_19ultragoal_validator5audit27cli_control_plane_authority26require_manifest_resources
FN:135,_RNvNtNtCsjFvUV6zAvgn_19ultragoal_validator5audit27cli_control_plane_authority9read_json
FN:128,_RNvNtNtCsjFvUV6zAvgn_19ultragoal_validator5audit27cli_control_plane_authority9read_text
FN:162,_RNCNCNvNtNtCsjFvUV6zAvgn_19ultragoal_validator5audit27cli_control_plane_authority17array_contains_id00B9_
FN:145,_RNCNCNvNtNtCsjFvUV6zAvgn_19ultragoal_validator5audit27cli_control_plane_authority17json_array_has_id00B9_
FN:155,_RNCNCNvNtNtCsjFvUV6zAvgn_19ultragoal_validator5audit27cli_control_plane_authority20trace_has_obligation00B9_
FN:160,_RNCNvNtNtCsjFvUV6zAvgn_19ultragoal_validator5audit27cli_control_plane_authority17array_contains_id0B7_
FN:143,_RNCNvNtNtCsjFvUV6zAvgn_19ultragoal_validator5audit27cli_control_plane_authority17json_array_has_id0B7_
FN:153,_RNCNvNtNtCsjFvUV6zAvgn_19ultragoal_validator5audit27cli_control_plane_authority20trace_has_obligation0B7_
FN:65,_RNCNvNtNtCsjFvUV6zAvgn_19ultragoal_validator5audit27cli_control_plane_authority22require_schema_catalog0B7_
FN:51,_RNCNvNtNtCsjFvUV6zAvgn_19ultragoal_validator5audit27cli_control_plane_authority26require_manifest_resources0B7_
FN:131,_RNCNvNtNtCsjFvUV6zAvgn_19ultragoal_validator5audit27cli_control_plane_authority9read_text0B7_
FN:162,_RNCNCNvNtNtCsOcjJYSb0hf_19ultragoal_validator5audit27cli_control_plane_authority17array_contains_id00B9_
FN:145,_RNCNCNvNtNtCsOcjJYSb0hf_19ultragoal_validator5audit27cli_control_plane_authority17json_array_has_id00B9_
FN:155,_RNCNCNvNtNtCsOcjJYSb0hf_19ultragoal_validator5audit27cli_control_plane_authority20trace_has_obligation00B9_
FN:160,_RNCNvNtNtCsOcjJYSb0hf_19ultragoal_validator5audit27cli_control_plane_authority17array_contains_id0B7_
FN:143,_RNCNvNtNtCsOcjJYSb0hf_19ultragoal_validator5audit27cli_control_plane_authority17json_array_has_id0B7_
FN:153,_RNCNvNtNtCsOcjJYSb0hf_19ultragoal_validator5audit27cli_control_plane_authority20trace_has_obligation0B7_
FN:65,_RNCNvNtNtCsOcjJYSb0hf_19ultragoal_validator5audit27cli_control_plane_authority22require_schema_catalog0B7_
FN:51,_RNCNvNtNtCsOcjJYSb0hf_19ultragoal_validator5audit27cli_control_plane_authority26require_manifest_resources0B7_
FN:131,_RNCNvNtNtCsOcjJYSb0hf_19ultragoal_validator5audit27cli_control_plane_authority9read_text0B7_
FN:29,_RNvNtNtCsOcjJYSb0hf_19ultragoal_validator5audit27cli_control_plane_authority13require_files
FN:17,_RNvNtNtCsOcjJYSb0hf_19ultragoal_validator5audit27cli_control_plane_authority16package_failures
FN:71,_RNvNtNtCsOcjJYSb0hf_19ultragoal_validator5audit27cli_control_plane_authority16require_law_rows
FN:110,_RNvNtNtCsOcjJYSb0hf_19ultragoal_validator5audit27cli_control_plane_authority16require_receipts
FN:159,_RNvNtNtCsOcjJYSb0hf_19ultragoal_validator5audit27cli_control_plane_authority17array_contains_id
FN:139,_RNvNtNtCsOcjJYSb0hf_19ultragoal_validator5audit27cli_control_plane_authority17json_array_has_id
FN:37,_RNvNtNtCsOcjJYSb0hf_19ultragoal_validator5audit27cli_control_plane_authority18require_cargo_bins
FN:101,_RNvNtNtCsOcjJYSb0hf_19ultragoal_validator5audit27cli_control_plane_authority19require_red_catalog
FN:149,_RNvNtNtCsOcjJYSb0hf_19ultragoal_validator5audit27cli_control_plane_authority20trace_has_obligation
FN:57,_RNvNtNtCsOcjJYSb0hf_19ultragoal_validator5audit27cli_control_plane_authority22require_schema_catalog
FN:47,_RNvNtNtCsOcjJYSb0hf_19ultragoal_validator5audit27cli_control_plane_authority26require_manifest_resources
FN:135,_RNvNtNtCsOcjJYSb0hf_19ultragoal_validator5audit27cli_control_plane_authority9read_json
FN:128,_RNvNtNtCsOcjJYSb0hf_19ultragoal_validator5audit27cli_control_plane_authority9read_text
FNDA:0,_RNvNtNtCsjFvUV6zAvgn_19ultragoal_validator5audit27cli_control_plane_authority13require_files
FNDA:0,_RNvNtNtCsjFvUV6zAvgn_19ultragoal_validator5audit27cli_control_plane_authority16package_failures
FNDA:0,_RNvNtNtCsjFvUV6zAvgn_19ultragoal_validator5audit27cli_control_plane_authority16require_law_rows
FNDA:0,_RNvNtNtCsjFvUV6zAvgn_19ultragoal_validator5audit27cli_control_plane_authority16require_receipts
FNDA:0,_RNvNtNtCsjFvUV6zAvgn_19ultragoal_validator5audit27cli_control_plane_authority17array_contains_id
FNDA:0,_RNvNtNtCsjFvUV6zAvgn_19ultragoal_validator5audit27cli_control_plane_authority17json_array_has_id
FNDA:0,_RNvNtNtCsjFvUV6zAvgn_19ultragoal_validator5audit27cli_control_plane_authority18require_cargo_bins
FNDA:0,_RNvNtNtCsjFvUV6zAvgn_19ultragoal_validator5audit27cli_control_plane_authority19require_red_catalog
FNDA:0,_RNvNtNtCsjFvUV6zAvgn_19ultragoal_validator5audit27cli_control_plane_authority20trace_has_obligation
FNDA:0,_RNvNtNtCsjFvUV6zAvgn_19ultragoal_validator5audit27cli_control_plane_authority22require_schema_catalog
FNDA:0,_RNvNtNtCsjFvUV6zAvgn_19ultragoal_validator5audit27cli_control_plane_authority26require_manifest_resources
FNDA:0,_RNvNtNtCsjFvUV6zAvgn_19ultragoal_validator5audit27cli_control_plane_authority9read_json
FNDA:0,_RNvNtNtCsjFvUV6zAvgn_19ultragoal_validator5audit27cli_control_plane_authority9read_text
FNDA:0,_RNCNCNvNtNtCsjFvUV6zAvgn_19ultragoal_validator5audit27cli_control_plane_authority17array_contains_id00B9_
FNDA:0,_RNCNCNvNtNtCsjFvUV6zAvgn_19ultragoal_validator5audit27cli_control_plane_authority17json_array_has_id00B9_
FNDA:0,_RNCNCNvNtNtCsjFvUV6zAvgn_19ultragoal_validator5audit27cli_control_plane_authority20trace_has_obligation00B9_
FNDA:0,_RNCNvNtNtCsjFvUV6zAvgn_19ultragoal_validator5audit27cli_control_plane_authority17array_contains_id0B7_
FNDA:0,_RNCNvNtNtCsjFvUV6zAvgn_19ultragoal_validator5audit27cli_control_plane_authority17json_array_has_id0B7_
FNDA:0,_RNCNvNtNtCsjFvUV6zAvgn_19ultragoal_validator5audit27cli_control_plane_authority20trace_has_obligation0B7_
FNDA:0,_RNCNvNtNtCsjFvUV6zAvgn_19ultragoal_validator5audit27cli_control_plane_authority22require_schema_catalog0B7_
FNDA:0,_RNCNvNtNtCsjFvUV6zAvgn_19ultragoal_validator5audit27cli_control_plane_authority26require_manifest_resources0B7_
FNDA:0,_RNCNvNtNtCsjFvUV6zAvgn_19ultragoal_validator5audit27cli_control_plane_authority9read_text0B7_
FNDA:12,_RNCNCNvNtNtCsOcjJYSb0hf_19ultragoal_validator5audit27cli_control_plane_authority17array_contains_id00B9_
FNDA:0,_RNCNCNvNtNtCsOcjJYSb0hf_19ultragoal_validator5audit27cli_control_plane_authority17json_array_has_id00B9_
FNDA:0,_RNCNCNvNtNtCsOcjJYSb0hf_19ultragoal_validator5audit27cli_control_plane_authority20trace_has_obligation00B9_
FNDA:42,_RNCNvNtNtCsOcjJYSb0hf_19ultragoal_validator5audit27cli_control_plane_authority17array_contains_id0B7_
FNDA:8,_RNCNvNtNtCsOcjJYSb0hf_19ultragoal_validator5audit27cli_control_plane_authority17json_array_has_id0B7_
FNDA:4,_RNCNvNtNtCsOcjJYSb0hf_19ultragoal_validator5audit27cli_control_plane_authority20trace_has_obligation0B7_
FNDA:2,_RNCNvNtNtCsOcjJYSb0hf_19ultragoal_validator5audit27cli_control_plane_authority22require_schema_catalog0B7_
FNDA:21,_RNCNvNtNtCsOcjJYSb0hf_19ultragoal_validator5audit27cli_control_plane_authority26require_manifest_resources0B7_
FNDA:1,_RNCNvNtNtCsOcjJYSb0hf_19ultragoal_validator5audit27cli_control_plane_authority9read_text0B7_
FNDA:11,_RNvNtNtCsOcjJYSb0hf_19ultragoal_validator5audit27cli_control_plane_authority13require_files
FNDA:11,_RNvNtNtCsOcjJYSb0hf_19ultragoal_validator5audit27cli_control_plane_authority16package_failures
FNDA:11,_RNvNtNtCsOcjJYSb0hf_19ultragoal_validator5audit27cli_control_plane_authority16require_law_rows
FNDA:11,_RNvNtNtCsOcjJYSb0hf_19ultragoal_validator5audit27cli_control_plane_authority16require_receipts
FNDA:66,_RNvNtNtCsOcjJYSb0hf_19ultragoal_validator5audit27cli_control_plane_authority17array_contains_id
FNDA:44,_RNvNtNtCsOcjJYSb0hf_19ultragoal_validator5audit27cli_control_plane_authority17json_array_has_id
FNDA:11,_RNvNtNtCsOcjJYSb0hf_19ultragoal_validator5audit27cli_control_plane_authority18require_cargo_bins
FNDA:11,_RNvNtNtCsOcjJYSb0hf_19ultragoal_validator5audit27cli_control_plane_authority19require_red_catalog
FNDA:22,_RNvNtNtCsOcjJYSb0hf_19ultragoal_validator5audit27cli_control_plane_authority20trace_has_obligation
FNDA:11,_RNvNtNtCsOcjJYSb0hf_19ultragoal_validator5audit27cli_control_plane_authority22require_schema_catalog
FNDA:11,_RNvNtNtCsOcjJYSb0hf_19ultragoal_validator5audit27cli_control_plane_authority26require_manifest_resources
FNDA:99,_RNvNtNtCsOcjJYSb0hf_19ultragoal_validator5audit27cli_control_plane_authority9read_json
FNDA:11,_RNvNtNtCsOcjJYSb0hf_19ultragoal_validator5audit27cli_control_plane_authority9read_text
FNF:22
FNH:20
DA:17,11
DA:18,11
DA:19,11
DA:20,11
DA:21,11
DA:22,11
DA:23,11
DA:24,11
DA:25,11
DA:26,11
DA:27,11
DA:29,11
DA:30,33
DA:31,33
DA:32,30
DA:33,30
DA:35,11
DA:37,11
DA:38,11
DA:39,11
DA:40,10
DA:41,10
DA:42,11
DA:43,10
DA:44,10
DA:45,11
DA:47,11
DA:48,11
DA:49,11
DA:50,33
DA:51,33
DA:52,33
DA:53,33
DA:55,11
DA:57,11
DA:58,11
DA:59,11
DA:60,4
DA:61,4
DA:63,7
DA:64,7
DA:65,7
DA:66,7
DA:67,7
DA:68,7
DA:69,11
DA:71,11
DA:72,22
DA:73,22
DA:74,22
DA:75,22
DA:76,22
DA:77,22
DA:78,22
DA:79,22
DA:80,22
DA:81,22
DA:82,22
DA:83,22
DA:84,22
DA:85,22
DA:86,22
DA:87,22
DA:88,22
DA:89,22
DA:90,22
DA:91,22
DA:92,22
DA:93,22
DA:94,22
DA:95,22
DA:96,22
DA:97,22
DA:99,11
DA:101,11
DA:102,11
DA:103,66
DA:104,66
DA:105,66
DA:106,66
DA:108,11
DA:110,11
DA:111,22
DA:112,11
DA:113,11
DA:114,11
DA:115,22
DA:116,2
DA:117,12
DA:118,12
DA:119,12
DA:121,20
DA:126,11
DA:128,11
DA:129,11
DA:130,11
DA:131,11
DA:132,11
DA:133,11
DA:135,99
DA:136,99
DA:137,99
DA:139,44
DA:140,44
DA:141,44
DA:142,44
DA:143,44
DA:144,8
DA:145,8
DA:146,8
DA:147,44
DA:149,22
DA:150,22
DA:151,22
DA:152,22
DA:153,22
DA:154,4
DA:155,4
DA:156,4
DA:157,22
DA:159,66
DA:160,66
DA:161,42
DA:162,42
DA:163,42
DA:164,66
BRF:0
BRH:0
LF:135
LH:133
end_of_record
SF:/Users/terrynoblin/Projects/harness-ultragoal-plugin-proposal/validator/src/audit/cli/performance.rs
FN:135,_RNCNCNCNvNtNtCsjFvUV6zAvgn_19ultragoal_validator5audit15cli_performance10has_law_id000Bb_
FN:133,_RNCNCNvNtNtCsjFvUV6zAvgn_19ultragoal_validator5audit15cli_performance10has_law_id00B9_
FN:70,_RNCNCNvNtNtCsjFvUV6zAvgn_19ultragoal_validator5audit15cli_performance15require_catalog00B9_
FN:145,_RNCNCNvNtNtCsjFvUV6zAvgn_19ultragoal_validator5audit15cli_performance17array_contains_id00B9_
FN:132,_RNCNvNtNtCsjFvUV6zAvgn_19ultragoal_validator5audit15cli_performance10has_law_id0B7_
FN:68,_RNCNvNtNtCsjFvUV6zAvgn_19ultragoal_validator5audit15cli_performance15require_catalog0B7_
FN:143,_RNCNvNtNtCsjFvUV6zAvgn_19ultragoal_validator5audit15cli_performance17array_contains_id0B7_
FN:57,_RNCNvNtNtCsjFvUV6zAvgn_19ultragoal_validator5audit15cli_performance17require_inventory0B7_
FN:128,_RNvNtNtCsjFvUV6zAvgn_19ultragoal_validator5audit15cli_performance10has_law_id
FN:108,_RNvNtNtCsjFvUV6zAvgn_19ultragoal_validator5audit15cli_performance12require_reds
FN:45,_RNvNtNtCsjFvUV6zAvgn_19ultragoal_validator5audit15cli_performance13require_files
FN:63,_RNvNtNtCsjFvUV6zAvgn_19ultragoal_validator5audit15cli_performance15require_catalog
FN:117,_RNvNtNtCsjFvUV6zAvgn_19ultragoal_validator5audit15cli_performance15require_receipt
FN:34,_RNvNtNtCsjFvUV6zAvgn_19ultragoal_validator5audit15cli_performance16package_failures
FN:77,_RNvNtNtCsjFvUV6zAvgn_19ultragoal_validator5audit15cli_performance16require_law_rows
FN:142,_RNvNtNtCsjFvUV6zAvgn_19ultragoal_validator5audit15cli_performance17array_contains_id
FN:53,_RNvNtNtCsjFvUV6zAvgn_19ultragoal_validator5audit15cli_performance17require_inventory
FN:149,_RNvNtNtCsjFvUV6zAvgn_19ultragoal_validator5audit15cli_performance9read_json
FN:135,_RNCNCNCNvNtNtCsOcjJYSb0hf_19ultragoal_validator5audit15cli_performance10has_law_id000Bb_
FN:133,_RNCNCNvNtNtCsOcjJYSb0hf_19ultragoal_validator5audit15cli_performance10has_law_id00B9_
FN:70,_RNCNCNvNtNtCsOcjJYSb0hf_19ultragoal_validator5audit15cli_performance15require_catalog00B9_
FN:145,_RNCNCNvNtNtCsOcjJYSb0hf_19ultragoal_validator5audit15cli_performance17array_contains_id00B9_
FN:132,_RNCNvNtNtCsOcjJYSb0hf_19ultragoal_validator5audit15cli_performance10has_law_id0B7_
FN:68,_RNCNvNtNtCsOcjJYSb0hf_19ultragoal_validator5audit15cli_performance15require_catalog0B7_
FN:143,_RNCNvNtNtCsOcjJYSb0hf_19ultragoal_validator5audit15cli_performance17array_contains_id0B7_
FN:57,_RNCNvNtNtCsOcjJYSb0hf_19ultragoal_validator5audit15cli_performance17require_inventory0B7_
FN:128,_RNvNtNtCsOcjJYSb0hf_19ultragoal_validator5audit15cli_performance10has_law_id
FN:108,_RNvNtNtCsOcjJYSb0hf_19ultragoal_validator5audit15cli_performance12require_reds
FN:45,_RNvNtNtCsOcjJYSb0hf_19ultragoal_validator5audit15cli_performance13require_files
FN:63,_RNvNtNtCsOcjJYSb0hf_19ultragoal_validator5audit15cli_performance15require_catalog
FN:117,_RNvNtNtCsOcjJYSb0hf_19ultragoal_validator5audit15cli_performance15require_receipt
FN:34,_RNvNtNtCsOcjJYSb0hf_19ultragoal_validator5audit15cli_performance16package_failures
FN:77,_RNvNtNtCsOcjJYSb0hf_19ultragoal_validator5audit15cli_performance16require_law_rows
FN:142,_RNvNtNtCsOcjJYSb0hf_19ultragoal_validator5audit15cli_performance17array_contains_id
FN:53,_RNvNtNtCsOcjJYSb0hf_19ultragoal_validator5audit15cli_performance17require_inventory
FN:149,_RNvNtNtCsOcjJYSb0hf_19ultragoal_validator5audit15cli_performance9read_json
FNDA:0,_RNCNCNCNvNtNtCsjFvUV6zAvgn_19ultragoal_validator5audit15cli_performance10has_law_id000Bb_
FNDA:0,_RNCNCNvNtNtCsjFvUV6zAvgn_19ultragoal_validator5audit15cli_performance10has_law_id00B9_
FNDA:0,_RNCNCNvNtNtCsjFvUV6zAvgn_19ultragoal_validator5audit15cli_performance15require_catalog00B9_
FNDA:0,_RNCNCNvNtNtCsjFvUV6zAvgn_19ultragoal_validator5audit15cli_performance17array_contains_id00B9_
FNDA:0,_RNCNvNtNtCsjFvUV6zAvgn_19ultragoal_validator5audit15cli_performance10has_law_id0B7_
FNDA:0,_RNCNvNtNtCsjFvUV6zAvgn_19ultragoal_validator5audit15cli_performance15require_catalog0B7_
FNDA:0,_RNCNvNtNtCsjFvUV6zAvgn_19ultragoal_validator5audit15cli_performance17array_contains_id0B7_
FNDA:0,_RNCNvNtNtCsjFvUV6zAvgn_19ultragoal_validator5audit15cli_performance17require_inventory0B7_
FNDA:0,_RNvNtNtCsjFvUV6zAvgn_19ultragoal_validator5audit15cli_performance10has_law_id
FNDA:0,_RNvNtNtCsjFvUV6zAvgn_19ultragoal_validator5audit15cli_performance12require_reds
FNDA:0,_RNvNtNtCsjFvUV6zAvgn_19ultragoal_validator5audit15cli_performance13require_files
FNDA:0,_RNvNtNtCsjFvUV6zAvgn_19ultragoal_validator5audit15cli_performance15require_catalog
FNDA:0,_RNvNtNtCsjFvUV6zAvgn_19ultragoal_validator5audit15cli_performance15require_receipt
FNDA:0,_RNvNtNtCsjFvUV6zAvgn_19ultragoal_validator5audit15cli_performance16package_failures
FNDA:0,_RNvNtNtCsjFvUV6zAvgn_19ultragoal_validator5audit15cli_performance16require_law_rows
FNDA:0,_RNvNtNtCsjFvUV6zAvgn_19ultragoal_validator5audit15cli_performance17array_contains_id
FNDA:0,_RNvNtNtCsjFvUV6zAvgn_19ultragoal_validator5audit15cli_performance17require_inventory
FNDA:0,_RNvNtNtCsjFvUV6zAvgn_19ultragoal_validator5audit15cli_performance9read_json
FNDA:2,_RNCNCNCNvNtNtCsOcjJYSb0hf_19ultragoal_validator5audit15cli_performance10has_law_id000Bb_
FNDA:6,_RNCNCNvNtNtCsOcjJYSb0hf_19ultragoal_validator5audit15cli_performance10has_law_id00B9_
FNDA:4,_RNCNCNvNtNtCsOcjJYSb0hf_19ultragoal_validator5audit15cli_performance15require_catalog00B9_
FNDA:44,_RNCNCNvNtNtCsOcjJYSb0hf_19ultragoal_validator5audit15cli_performance17array_contains_id00B9_
FNDA:9,_RNCNvNtNtCsOcjJYSb0hf_19ultragoal_validator5audit15cli_performance10has_law_id0B7_
FNDA:8,_RNCNvNtNtCsOcjJYSb0hf_19ultragoal_validator5audit15cli_performance15require_catalog0B7_
FNDA:176,_RNCNvNtNtCsOcjJYSb0hf_19ultragoal_validator5audit15cli_performance17array_contains_id0B7_
FNDA:48,_RNCNvNtNtCsOcjJYSb0hf_19ultragoal_validator5audit15cli_performance17require_inventory0B7_
FNDA:36,_RNvNtNtCsOcjJYSb0hf_19ultragoal_validator5audit15cli_performance10has_law_id
FNDA:12,_RNvNtNtCsOcjJYSb0hf_19ultragoal_validator5audit15cli_performance12require_reds
FNDA:12,_RNvNtNtCsOcjJYSb0hf_19ultragoal_validator5audit15cli_performance13require_files
FNDA:12,_RNvNtNtCsOcjJYSb0hf_19ultragoal_validator5audit15cli_performance15require_catalog
FNDA:12,_RNvNtNtCsOcjJYSb0hf_19ultragoal_validator5audit15cli_performance15require_receipt
FNDA:12,_RNvNtNtCsOcjJYSb0hf_19ultragoal_validator5audit15cli_performance16package_failures
FNDA:12,_RNvNtNtCsOcjJYSb0hf_19ultragoal_validator5audit15cli_performance16require_law_rows
FNDA:264,_RNvNtNtCsOcjJYSb0hf_19ultragoal_validator5audit15cli_performance17array_contains_id
FNDA:12,_RNvNtNtCsOcjJYSb0hf_19ultragoal_validator5audit15cli_performance17require_inventory
FNDA:72,_RNvNtNtCsOcjJYSb0hf_19ultragoal_validator5audit15cli_performance9read_json
FNF:18
FNH:18
DA:34,12
DA:35,12
DA:36,12
DA:37,12
DA:38,12
DA:39,12
DA:40,12
DA:41,12
DA:42,12
DA:43,12
DA:45,12
DA:46,36
DA:47,36
DA:48,30
DA:49,30
DA:51,12
DA:53,12
DA:54,12
DA:55,12
DA:56,48
DA:57,48
DA:58,40
DA:59,40
DA:61,12
DA:63,12
DA:64,12
DA:65,12
DA:66,12
DA:67,12
DA:68,12
DA:69,8
DA:70,8
DA:71,8
DA:72,12
DA:73,10
DA:74,10
DA:75,12
DA:77,12
DA:78,36
DA:79,12
DA:80,12
DA:81,12
DA:82,12
DA:83,12
DA:84,12
DA:85,12
DA:86,12
DA:87,12
DA:88,12
DA:89,12
DA:90,12
DA:91,12
DA:92,12
DA:93,12
DA:94,12
DA:95,36
DA:96,30
DA:97,30
DA:99,12
DA:100,12
DA:101,12
DA:102,12
DA:103,10
DA:104,10
DA:105,10
DA:106,12
DA:108,12
DA:109,12
DA:110,264
DA:111,264
DA:112,264
DA:113,264
DA:115,12
DA:117,12
DA:118,12
DA:119,1
DA:120,1
DA:122,11
DA:126,12
DA:128,36
DA:129,36
DA:130,36
DA:131,36
DA:132,36
DA:133,9
DA:134,6
DA:135,6
DA:136,6
DA:137,6
DA:138,6
DA:139,9
DA:140,36
DA:142,264
DA:143,264
DA:144,176
DA:145,176
DA:146,176
DA:147,264
DA:149,72
DA:150,72
DA:151,72
BRF:0
BRH:0
LF:109
LH:109
end_of_record
SF:/Users/terrynoblin/Projects/harness-ultragoal-plugin-proposal/validator/src/audit/coverage/scope.rs
FN:11,_RNvNtNtCsjFvUV6zAvgn_19ultragoal_validator5audit14coverage_scope16package_failures
FN:71,_RNvNtNtCsjFvUV6zAvgn_19ultragoal_validator5audit14coverage_scope23policy_section_failures
FN:149,_RNvNtNtCsjFvUV6zAvgn_19ultragoal_validator5audit14coverage_scope24scope_authority_failures
FN:43,_RNvNtNtCsjFvUV6zAvgn_19ultragoal_validator5audit14coverage_scope24value_failures_with_root
FN:194,_RNvNtNtCsjFvUV6zAvgn_19ultragoal_validator5audit14coverage_scope28dimension_authority_failures
FN:236,_RNvNtNtCsjFvUV6zAvgn_19ultragoal_validator5audit14coverage_scope7strings
FN:228,_RNvNtNtCsjFvUV6zAvgn_19ultragoal_validator5audit14coverage_scope9str_field
FN:163,_RNCNvNtNtCsjFvUV6zAvgn_19ultragoal_validator5audit14coverage_scope24scope_authority_failures0B7_
FN:169,_RNCNvNtNtCsjFvUV6zAvgn_19ultragoal_validator5audit14coverage_scope24scope_authority_failuress_0B7_
FN:163,_RNCNvNtNtCsOcjJYSb0hf_19ultragoal_validator5audit14coverage_scope24scope_authority_failures0B7_
FN:169,_RNCNvNtNtCsOcjJYSb0hf_19ultragoal_validator5audit14coverage_scope24scope_authority_failuress_0B7_
FN:11,_RNvNtNtCsOcjJYSb0hf_19ultragoal_validator5audit14coverage_scope16package_failures
FN:71,_RNvNtNtCsOcjJYSb0hf_19ultragoal_validator5audit14coverage_scope23policy_section_failures
FN:149,_RNvNtNtCsOcjJYSb0hf_19ultragoal_validator5audit14coverage_scope24scope_authority_failures
FN:43,_RNvNtNtCsOcjJYSb0hf_19ultragoal_validator5audit14coverage_scope24value_failures_with_root
FN:194,_RNvNtNtCsOcjJYSb0hf_19ultragoal_validator5audit14coverage_scope28dimension_authority_failures
FN:236,_RNvNtNtCsOcjJYSb0hf_19ultragoal_validator5audit14coverage_scope7strings
FN:228,_RNvNtNtCsOcjJYSb0hf_19ultragoal_validator5audit14coverage_scope9str_field
FNDA:0,_RNvNtNtCsjFvUV6zAvgn_19ultragoal_validator5audit14coverage_scope16package_failures
FNDA:0,_RNvNtNtCsjFvUV6zAvgn_19ultragoal_validator5audit14coverage_scope23policy_section_failures
FNDA:0,_RNvNtNtCsjFvUV6zAvgn_19ultragoal_validator5audit14coverage_scope24scope_authority_failures
FNDA:0,_RNvNtNtCsjFvUV6zAvgn_19ultragoal_validator5audit14coverage_scope24value_failures_with_root
FNDA:0,_RNvNtNtCsjFvUV6zAvgn_19ultragoal_validator5audit14coverage_scope28dimension_authority_failures
FNDA:0,_RNvNtNtCsjFvUV6zAvgn_19ultragoal_validator5audit14coverage_scope7strings
FNDA:0,_RNvNtNtCsjFvUV6zAvgn_19ultragoal_validator5audit14coverage_scope9str_field
FNDA:0,_RNCNvNtNtCsjFvUV6zAvgn_19ultragoal_validator5audit14coverage_scope24scope_authority_failures0B7_
FNDA:0,_RNCNvNtNtCsjFvUV6zAvgn_19ultragoal_validator5audit14coverage_scope24scope_authority_failuress_0B7_
FNDA:55,_RNCNvNtNtCsOcjJYSb0hf_19ultragoal_validator5audit14coverage_scope24scope_authority_failures0B7_
FNDA:70,_RNCNvNtNtCsOcjJYSb0hf_19ultragoal_validator5audit14coverage_scope24scope_authority_failuress_0B7_
FNDA:11,_RNvNtNtCsOcjJYSb0hf_19ultragoal_validator5audit14coverage_scope16package_failures
FNDA:7,_RNvNtNtCsOcjJYSb0hf_19ultragoal_validator5audit14coverage_scope23policy_section_failures
FNDA:7,_RNvNtNtCsOcjJYSb0hf_19ultragoal_validator5audit14coverage_scope24scope_authority_failures
FNDA:7,_RNvNtNtCsOcjJYSb0hf_19ultragoal_validator5audit14coverage_scope24value_failures_with_root
FNDA:7,_RNvNtNtCsOcjJYSb0hf_19ultragoal_validator5audit14coverage_scope28dimension_authority_failures
FNDA:21,_RNvNtNtCsOcjJYSb0hf_19ultragoal_validator5audit14coverage_scope7strings
FNDA:29,_RNvNtNtCsOcjJYSb0hf_19ultragoal_validator5audit14coverage_scope9str_field
FNF:9
FNH:9
DA:11,11
DA:12,11
DA:13,55
DA:14,11
DA:15,11
DA:16,11
DA:17,11
DA:18,11
DA:19,11
DA:20,55
DA:21,45
DA:22,45
DA:24,11
DA:25,1
DA:26,10
DA:27,10
DA:28,10
DA:31,1
DA:32,1
DA:33,1
DA:35,1
DA:36,1
DA:37,1
DA:38,1
DA:40,1
DA:41,11
DA:43,7
DA:44,7
DA:45,7
DA:46,2
DA:47,5
DA:48,7
DA:49,2
DA:50,5
DA:51,7
DA:52,7
DA:53,7
DA:54,7
DA:55,2
DA:56,2
DA:57,5
DA:58,7
DA:59,7
DA:60,7
DA:61,7
DA:62,7
DA:63,7
DA:64,2
DA:65,2
DA:66,5
DA:67,7
DA:68,7
DA:69,7
DA:71,7
DA:72,7
DA:73,70
DA:74,7
DA:75,7
DA:76,7
DA:77,7
DA:78,7
DA:79,7
DA:80,7
DA:81,7
DA:82,7
DA:83,7
DA:84,7
DA:85,7
DA:86,7
DA:87,7
DA:88,7
DA:89,7
DA:90,7
DA:91,7
DA:92,7
DA:93,7
DA:94,7
DA:95,7
DA:96,7
DA:97,7
DA:98,7
DA:99,7
DA:100,7
DA:101,7
DA:102,7
DA:103,7
DA:104,7
DA:105,7
DA:106,7
DA:107,7
DA:108,7
DA:109,7
DA:110,7
DA:111,7
DA:112,7
DA:113,7
DA:114,7
DA:115,70
DA:116,25
DA:117,45
DA:119,7
DA:120,2
DA:121,2
DA:122,5
DA:123,56
DA:124,7
DA:125,7
DA:126,7
DA:127,7
DA:128,7
DA:129,7
DA:130,7
DA:131,7
DA:132,7
DA:133,56
DA:134,56
DA:135,56
DA:136,56
DA:137,24
DA:138,24
DA:139,32
DA:141,17
DA:142,17
DA:143,1
DA:144,16
DA:146,7
DA:147,7
DA:149,7
DA:150,7
DA:151,7
DA:152,4
DA:153,4
DA:154,3
DA:156,3
DA:157,3
DA:158,2
DA:159,2
DA:160,2
DA:161,7
DA:162,35
DA:163,55
DA:164,20
DA:165,20
DA:167,7
DA:168,35
DA:169,70
DA:170,13
DA:171,22
DA:173,7
DA:174,2
DA:175,5
DA:176,7
DA:177,7
DA:178,7
DA:179,7
DA:180,7
DA:182,7
DA:183,4
DA:184,2
DA:185,2
DA:187,3
DA:188,2
DA:189,2
DA:190,7
DA:191,7
DA:192,7
DA:194,7
DA:195,7
DA:196,7
DA:197,7
DA:198,7
DA:199,7
DA:200,7
DA:202,21
DA:203,5
DA:204,5
DA:205,5
DA:206,5
DA:207,5
DA:208,21
DA:209,21
DA:210,21
DA:212,7
DA:213,35
DA:214,35
DA:215,14
DA:216,14
DA:217,14
DA:218,11
DA:219,8
DA:221,14
DA:223,21
DA:225,7
DA:226,7
DA:228,29
DA:229,29
DA:230,29
DA:231,29
DA:232,29
DA:233,29
DA:234,29
DA:236,21
DA:237,21
DA:238,21
DA:239,21
DA:240,21
DA:241,21
DA:242,21
DA:243,21
DA:244,21
DA:245,21
BRF:0
BRH:0
LF:213
LH:213
end_of_record
SF:/Users/terrynoblin/Projects/harness-ultragoal-plugin-proposal/validator/src/audit/coverage/scope/changed_files.rs
FN:4,_RNvNtNtCsjFvUV6zAvgn_19ultragoal_validator5audit28coverage_scope_changed_files8failures
FN:4,_RNvNtNtCsOcjJYSb0hf_19ultragoal_validator5audit28coverage_scope_changed_files8failures
FNDA:0,_RNvNtNtCsjFvUV6zAvgn_19ultragoal_validator5audit28coverage_scope_changed_files8failures
FNDA:9,_RNvNtNtCsOcjJYSb0hf_19ultragoal_validator5audit28coverage_scope_changed_files8failures
FNF:1
FNH:1
DA:4,9
DA:5,9
DA:6,3
DA:8,6
DA:9,3
DA:11,3
DA:12,5
DA:13,5
DA:14,1
DA:15,1
DA:17,4
DA:18,1
DA:19,1
DA:20,3
DA:21,3
DA:22,3
DA:23,1
DA:24,2
DA:26,3
DA:27,9
BRF:0
BRH:0
LF:20
LH:20
end_of_record
SF:/Users/terrynoblin/Projects/harness-ultragoal-plugin-proposal/validator/src/audit/coverage/scope/exclusions.rs
FN:35,_RNvNtNtCsjFvUV6zAvgn_19ultragoal_validator5audit25coverage_scope_exclusions15repo_owned_path
FN:3,_RNvNtNtCsjFvUV6zAvgn_19ultragoal_validator5audit25coverage_scope_exclusions8failures
FN:27,_RNvNtNtCsjFvUV6zAvgn_19ultragoal_validator5audit25coverage_scope_exclusions9str_field
FN:38,_RNCNvNtNtCsjFvUV6zAvgn_19ultragoal_validator5audit25coverage_scope_exclusions15repo_owned_path0B7_
FN:35,_RNvNtNtCsOcjJYSb0hf_19ultragoal_validator5audit25coverage_scope_exclusions15repo_owned_path
FN:3,_RNvNtNtCsOcjJYSb0hf_19ultragoal_validator5audit25coverage_scope_exclusions8failures
FN:27,_RNvNtNtCsOcjJYSb0hf_19ultragoal_validator5audit25coverage_scope_exclusions9str_field
FN:38,_RNCNvNtNtCsOcjJYSb0hf_19ultragoal_validator5audit25coverage_scope_exclusions15repo_owned_path0B7_
FNDA:0,_RNvNtNtCsjFvUV6zAvgn_19ultragoal_validator5audit25coverage_scope_exclusions15repo_owned_path
FNDA:0,_RNvNtNtCsjFvUV6zAvgn_19ultragoal_validator5audit25coverage_scope_exclusions8failures
FNDA:0,_RNvNtNtCsjFvUV6zAvgn_19ultragoal_validator5audit25coverage_scope_exclusions9str_field
FNDA:0,_RNCNvNtNtCsjFvUV6zAvgn_19ultragoal_validator5audit25coverage_scope_exclusions15repo_owned_path0B7_
FNDA:4,_RNvNtNtCsOcjJYSb0hf_19ultragoal_validator5audit25coverage_scope_exclusions15repo_owned_path
FNDA:10,_RNvNtNtCsOcjJYSb0hf_19ultragoal_validator5audit25coverage_scope_exclusions8failures
FNDA:8,_RNvNtNtCsOcjJYSb0hf_19ultragoal_validator5audit25coverage_scope_exclusions9str_field
FNDA:16,_RNCNvNtNtCsOcjJYSb0hf_19ultragoal_validator5audit25coverage_scope_exclusions15repo_owned_path0B7_
FNF:4
FNH:4
DA:3,10
DA:4,10
DA:5,10
DA:6,10
DA:7,10
DA:8,10
DA:9,10
DA:11,4
DA:12,4
DA:13,4
DA:14,4
DA:15,4
DA:16,4
DA:17,4
DA:18,3
DA:19,3
DA:20,4
DA:21,2
DA:22,2
DA:24,10
DA:25,10
DA:27,8
DA:28,8
DA:29,8
DA:30,8
DA:31,8
DA:32,8
DA:33,8
DA:35,4
DA:36,4
DA:37,4
DA:38,16
DA:39,4
BRF:0
BRH:0
LF:34
LH:34
end_of_record
SF:/Users/terrynoblin/Projects/harness-ultragoal-plugin-proposal/validator/src/audit/coverage/scope/scripts.rs
FN:23,_RNCNvNtNtCsjFvUV6zAvgn_19ultragoal_validator5audit22coverage_scope_scripts23required_token_failures0B7_
FN:24,_RNCNvNtNtCsjFvUV6zAvgn_19ultragoal_validator5audit22coverage_scope_scripts23required_token_failuress_0B7_
FN:28,_RNvNtNtCsjFvUV6zAvgn_19ultragoal_validator5audit22coverage_scope_scripts15required_tokens
FN:20,_RNvNtNtCsjFvUV6zAvgn_19ultragoal_validator5audit22coverage_scope_scripts23required_token_failures
FN:3,_RNvNtNtCsjFvUV6zAvgn_19ultragoal_validator5audit22coverage_scope_scripts8failures
FN:28,_RNvNtNtCsOcjJYSb0hf_19ultragoal_validator5audit22coverage_scope_scripts15required_tokens
FN:20,_RNvNtNtCsOcjJYSb0hf_19ultragoal_validator5audit22coverage_scope_scripts23required_token_failures
FN:3,_RNvNtNtCsOcjJYSb0hf_19ultragoal_validator5audit22coverage_scope_scripts8failures
FN:23,_RNCNvNtNtCsOcjJYSb0hf_19ultragoal_validator5audit22coverage_scope_scripts23required_token_failures0B7_
FN:24,_RNCNvNtNtCsOcjJYSb0hf_19ultragoal_validator5audit22coverage_scope_scripts23required_token_failuress_0B7_
FNDA:0,_RNCNvNtNtCsjFvUV6zAvgn_19ultragoal_validator5audit22coverage_scope_scripts23required_token_failures0B7_
FNDA:0,_RNCNvNtNtCsjFvUV6zAvgn_19ultragoal_validator5audit22coverage_scope_scripts23required_token_failuress_0B7_
FNDA:0,_RNvNtNtCsjFvUV6zAvgn_19ultragoal_validator5audit22coverage_scope_scripts15required_tokens
FNDA:0,_RNvNtNtCsjFvUV6zAvgn_19ultragoal_validator5audit22coverage_scope_scripts23required_token_failures
FNDA:0,_RNvNtNtCsjFvUV6zAvgn_19ultragoal_validator5audit22coverage_scope_scripts8failures
FNDA:5,_RNvNtNtCsOcjJYSb0hf_19ultragoal_validator5audit22coverage_scope_scripts15required_tokens
FNDA:5,_RNvNtNtCsOcjJYSb0hf_19ultragoal_validator5audit22coverage_scope_scripts23required_token_failures
FNDA:6,_RNvNtNtCsOcjJYSb0hf_19ultragoal_validator5audit22coverage_scope_scripts8failures
FNDA:105,_RNCNvNtNtCsOcjJYSb0hf_19ultragoal_validator5audit22coverage_scope_scripts23required_token_failures0B7_
FNDA:105,_RNCNvNtNtCsOcjJYSb0hf_19ultragoal_validator5audit22coverage_scope_scripts23required_token_failuress_0B7_
FNF:5
FNH:5
DA:3,6
DA:4,6
DA:5,1
DA:7,5
DA:8,5
DA:9,2
DA:10,3
DA:11,5
DA:12,1
DA:13,4
DA:14,5
DA:15,2
DA:16,3
DA:17,5
DA:18,6
DA:20,5
DA:21,5
DA:22,5
DA:23,105
DA:24,105
DA:25,5
DA:26,5
DA:28,5
DA:29,5
DA:30,5
DA:31,5
DA:32,5
DA:33,5
DA:34,5
DA:35,5
DA:36,5
DA:37,5
DA:38,5
DA:39,5
DA:40,5
DA:41,5
DA:42,5
DA:43,5
DA:44,5
DA:45,5
DA:46,5
DA:47,5
DA:48,5
DA:49,5
DA:50,5
DA:51,5
DA:52,5
BRF:0
BRH:0
LF:49
LH:49
end_of_record
SF:/Users/terrynoblin/Projects/harness-ultragoal-plugin-proposal/validator/src/audit/fit_repo_receipt.rs
FN:25,_RNvNtNtCsjFvUV6zAvgn_19ultragoal_validator5audit16fit_repo_receipt13base_failures
FN:136,_RNvNtNtCsjFvUV6zAvgn_19ultragoal_validator5audit16fit_repo_receipt16artifact_failure
FN:146,_RNvNtNtCsjFvUV6zAvgn_19ultragoal_validator5audit16fit_repo_receipt16blocker_failures
FN:14,_RNvNtNtCsjFvUV6zAvgn_19ultragoal_validator5audit16fit_repo_receipt16canonical_digest
FN:60,_RNvNtNtCsjFvUV6zAvgn_19ultragoal_validator5audit16fit_repo_receipt16version_failures
FN:77,_RNvNtNtCsjFvUV6zAvgn_19ultragoal_validator5audit16fit_repo_receipt18authority_failures
FN:121,_RNvNtNtCsjFvUV6zAvgn_19ultragoal_validator5audit16fit_repo_receipt23check_artifact_failures
FN:93,_RNvNtNtCsjFvUV6zAvgn_19ultragoal_validator5audit16fit_repo_receipt23classification_failures
FN:6,_RNvNtNtCsjFvUV6zAvgn_19ultragoal_validator5audit16fit_repo_receipt8failures
FN:157,_RNvNtNtCsjFvUV6zAvgn_19ultragoal_validator5audit16fit_repo_receipt9str_field
FN:130,_RNCNCNvNtNtCsjFvUV6zAvgn_19ultragoal_validator5audit16fit_repo_receipt23check_artifact_failures00B9_
FN:143,_RNCNvNtNtCsjFvUV6zAvgn_19ultragoal_validator5audit16fit_repo_receipt16artifact_failure0B7_
FN:152,_RNCNvNtNtCsjFvUV6zAvgn_19ultragoal_validator5audit16fit_repo_receipt16blocker_failures0B7_
FN:153,_RNCNvNtNtCsjFvUV6zAvgn_19ultragoal_validator5audit16fit_repo_receipt16blocker_failuress_0B7_
FN:127,_RNCNvNtNtCsjFvUV6zAvgn_19ultragoal_validator5audit16fit_repo_receipt23check_artifact_failures0B7_
FN:132,_RNCNvNtNtCsjFvUV6zAvgn_19ultragoal_validator5audit16fit_repo_receipt23check_artifact_failuress_0B7_
FN:25,_RNvNtNtCsOcjJYSb0hf_19ultragoal_validator5audit16fit_repo_receipt13base_failures
FN:136,_RNvNtNtCsOcjJYSb0hf_19ultragoal_validator5audit16fit_repo_receipt16artifact_failure
FN:146,_RNvNtNtCsOcjJYSb0hf_19ultragoal_validator5audit16fit_repo_receipt16blocker_failures
FN:14,_RNvNtNtCsOcjJYSb0hf_19ultragoal_validator5audit16fit_repo_receipt16canonical_digest
FN:60,_RNvNtNtCsOcjJYSb0hf_19ultragoal_validator5audit16fit_repo_receipt16version_failures
FN:77,_RNvNtNtCsOcjJYSb0hf_19ultragoal_validator5audit16fit_repo_receipt18authority_failures
FN:121,_RNvNtNtCsOcjJYSb0hf_19ultragoal_validator5audit16fit_repo_receipt23check_artifact_failures
FN:93,_RNvNtNtCsOcjJYSb0hf_19ultragoal_validator5audit16fit_repo_receipt23classification_failures
FN:6,_RNvNtNtCsOcjJYSb0hf_19ultragoal_validator5audit16fit_repo_receipt8failures
FN:157,_RNvNtNtCsOcjJYSb0hf_19ultragoal_validator5audit16fit_repo_receipt9str_field
FN:130,_RNCNCNvNtNtCsOcjJYSb0hf_19ultragoal_validator5audit16fit_repo_receipt23check_artifact_failures00B9_
FN:143,_RNCNvNtNtCsOcjJYSb0hf_19ultragoal_validator5audit16fit_repo_receipt16artifact_failure0B7_
FN:152,_RNCNvNtNtCsOcjJYSb0hf_19ultragoal_validator5audit16fit_repo_receipt16blocker_failures0B7_
FN:153,_RNCNvNtNtCsOcjJYSb0hf_19ultragoal_validator5audit16fit_repo_receipt16blocker_failuress_0B7_
FN:127,_RNCNvNtNtCsOcjJYSb0hf_19ultragoal_validator5audit16fit_repo_receipt23check_artifact_failures0B7_
FN:132,_RNCNvNtNtCsOcjJYSb0hf_19ultragoal_validator5audit16fit_repo_receipt23check_artifact_failuress_0B7_
FNDA:0,_RNvNtNtCsjFvUV6zAvgn_19ultragoal_validator5audit16fit_repo_receipt13base_failures
FNDA:0,_RNvNtNtCsjFvUV6zAvgn_19ultragoal_validator5audit16fit_repo_receipt16artifact_failure
FNDA:0,_RNvNtNtCsjFvUV6zAvgn_19ultragoal_validator5audit16fit_repo_receipt16blocker_failures
FNDA:0,_RNvNtNtCsjFvUV6zAvgn_19ultragoal_validator5audit16fit_repo_receipt16canonical_digest
FNDA:0,_RNvNtNtCsjFvUV6zAvgn_19ultragoal_validator5audit16fit_repo_receipt16version_failures
FNDA:0,_RNvNtNtCsjFvUV6zAvgn_19ultragoal_validator5audit16fit_repo_receipt18authority_failures
FNDA:0,_RNvNtNtCsjFvUV6zAvgn_19ultragoal_validator5audit16fit_repo_receipt23check_artifact_failures
FNDA:0,_RNvNtNtCsjFvUV6zAvgn_19ultragoal_validator5audit16fit_repo_receipt23classification_failures
FNDA:0,_RNvNtNtCsjFvUV6zAvgn_19ultragoal_validator5audit16fit_repo_receipt8failures
FNDA:0,_RNvNtNtCsjFvUV6zAvgn_19ultragoal_validator5audit16fit_repo_receipt9str_field
FNDA:0,_RNCNCNvNtNtCsjFvUV6zAvgn_19ultragoal_validator5audit16fit_repo_receipt23check_artifact_failures00B9_
FNDA:0,_RNCNvNtNtCsjFvUV6zAvgn_19ultragoal_validator5audit16fit_repo_receipt16artifact_failure0B7_
FNDA:0,_RNCNvNtNtCsjFvUV6zAvgn_19ultragoal_validator5audit16fit_repo_receipt16blocker_failures0B7_
FNDA:0,_RNCNvNtNtCsjFvUV6zAvgn_19ultragoal_validator5audit16fit_repo_receipt16blocker_failuress_0B7_
FNDA:0,_RNCNvNtNtCsjFvUV6zAvgn_19ultragoal_validator5audit16fit_repo_receipt23check_artifact_failures0B7_
FNDA:0,_RNCNvNtNtCsjFvUV6zAvgn_19ultragoal_validator5audit16fit_repo_receipt23check_artifact_failuress_0B7_
FNDA:7,_RNvNtNtCsOcjJYSb0hf_19ultragoal_validator5audit16fit_repo_receipt13base_failures
FNDA:6,_RNvNtNtCsOcjJYSb0hf_19ultragoal_validator5audit16fit_repo_receipt16artifact_failure
FNDA:7,_RNvNtNtCsOcjJYSb0hf_19ultragoal_validator5audit16fit_repo_receipt16blocker_failures
FNDA:11,_RNvNtNtCsOcjJYSb0hf_19ultragoal_validator5audit16fit_repo_receipt16canonical_digest
FNDA:7,_RNvNtNtCsOcjJYSb0hf_19ultragoal_validator5audit16fit_repo_receipt16version_failures
FNDA:7,_RNvNtNtCsOcjJYSb0hf_19ultragoal_validator5audit16fit_repo_receipt18authority_failures
FNDA:7,_RNvNtNtCsOcjJYSb0hf_19ultragoal_validator5audit16fit_repo_receipt23check_artifact_failures
FNDA:7,_RNvNtNtCsOcjJYSb0hf_19ultragoal_validator5audit16fit_repo_receipt23classification_failures
FNDA:7,_RNvNtNtCsOcjJYSb0hf_19ultragoal_validator5audit16fit_repo_receipt8failures
FNDA:114,_RNvNtNtCsOcjJYSb0hf_19ultragoal_validator5audit16fit_repo_receipt9str_field
FNDA:6,_RNCNCNvNtNtCsOcjJYSb0hf_19ultragoal_validator5audit16fit_repo_receipt23check_artifact_failures00B9_
FNDA:2,_RNCNvNtNtCsOcjJYSb0hf_19ultragoal_validator5audit16fit_repo_receipt16artifact_failure0B7_
FNDA:2,_RNCNvNtNtCsOcjJYSb0hf_19ultragoal_validator5audit16fit_repo_receipt16blocker_failures0B7_
FNDA:2,_RNCNvNtNtCsOcjJYSb0hf_19ultragoal_validator5audit16fit_repo_receipt16blocker_failuress_0B7_
FNDA:3,_RNCNvNtNtCsOcjJYSb0hf_19ultragoal_validator5audit16fit_repo_receipt23check_artifact_failures0B7_
FNDA:6,_RNCNvNtNtCsOcjJYSb0hf_19ultragoal_validator5audit16fit_repo_receipt23check_artifact_failuress_0B7_
FNF:16
FNH:16
DA:6,7
DA:7,7
DA:8,7
DA:9,7
DA:10,7
DA:11,7
DA:12,7
DA:14,11
DA:15,11
DA:16,11
DA:17,10
DA:18,10
DA:19,10
DA:20,10
DA:21,10
DA:22,11
DA:23,11
DA:25,7
DA:26,7
DA:27,7
DA:28,4
DA:29,4
DA:30,7
DA:31,7
DA:32,7
DA:33,7
DA:34,4
DA:35,4
DA:36,4
DA:37,7
DA:38,1
DA:39,6
DA:40,6
DA:41,6
DA:42,6
DA:43,5
DA:44,1
DA:46,21
DA:47,7
DA:48,7
DA:49,7
DA:50,7
DA:51,21
DA:52,12
DA:53,12
DA:55,7
DA:56,7
DA:57,7
DA:58,7
DA:60,7
DA:61,7
DA:63,1
DA:65,6
DA:66,6
DA:67,6
DA:68,4
[...]
FN:69,_RNvNtNtCsOcjJYSb0hf_19ultragoal_validator11target_repo7receipt14overall_status
FN:19,_RNvNtNtCsOcjJYSb0hf_19ultragoal_validator11target_repo7receipt14target_receipt
FN:43,_RNvNtNtCsOcjJYSb0hf_19ultragoal_validator11target_repo7receipt21canonical_fingerprint
FN:52,_RNvNtNtCsOcjJYSb0hf_19ultragoal_validator11target_repo7receipt3row
FN:56,_RNvNtNtCsOcjJYSb0hf_19ultragoal_validator11target_repo7receipt8artifact
FNDA:2,_RNvNtNtCsjFvUV6zAvgn_19ultragoal_validator11target_repo7receipt14overall_status
FNDA:2,_RNvNtNtCsjFvUV6zAvgn_19ultragoal_validator11target_repo7receipt14target_receipt
FNDA:4,_RNvNtNtCsjFvUV6zAvgn_19ultragoal_validator11target_repo7receipt21canonical_fingerprint
FNDA:90,_RNvNtNtCsjFvUV6zAvgn_19ultragoal_validator11target_repo7receipt3row
FNDA:90,_RNvNtNtCsjFvUV6zAvgn_19ultragoal_validator11target_repo7receipt8artifact
FNDA:90,_RNCNvNtNtCsjFvUV6zAvgn_19ultragoal_validator11target_repo7receipt14overall_status0B7_
FNDA:41,_RNCNvNtNtCsjFvUV6zAvgn_19ultragoal_validator11target_repo7receipt14overall_statuss_0B7_
FNDA:0,_RNCNvNtNtCsjFvUV6zAvgn_19ultragoal_validator11target_repo7receipt21canonical_fingerprint0B7_
FNDA:2760,_RNCNvNtNtCsOcjJYSb0hf_19ultragoal_validator11target_repo7receipt14overall_status0B7_
FNDA:225,_RNCNvNtNtCsOcjJYSb0hf_19ultragoal_validator11target_repo7receipt14overall_statuss_0B7_
FNDA:0,_RNCNvNtNtCsOcjJYSb0hf_19ultragoal_validator11target_repo7receipt21canonical_fingerprint0B7_
FNDA:119,_RNvNtNtCsOcjJYSb0hf_19ultragoal_validator11target_repo7receipt14overall_status
FNDA:119,_RNvNtNtCsOcjJYSb0hf_19ultragoal_validator11target_repo7receipt14target_receipt
FNDA:168,_RNvNtNtCsOcjJYSb0hf_19ultragoal_validator11target_repo7receipt21canonical_fingerprint
FNDA:5355,_RNvNtNtCsOcjJYSb0hf_19ultragoal_validator11target_repo7receipt3row
FNDA:5355,_RNvNtNtCsOcjJYSb0hf_19ultragoal_validator11target_repo7receipt8artifact
FNF:8
FNH:7
DA:19,121
DA:20,121
DA:21,121
DA:22,121
DA:23,121
DA:24,121
DA:25,121
DA:26,121
DA:27,121
DA:28,121
DA:29,121
DA:31,121
DA:32,121
DA:33,121
DA:34,121
DA:35,121
DA:36,121
DA:38,121
DA:39,121
DA:40,121
DA:41,121
DA:43,172
DA:44,172
DA:45,172
DA:46,172
DA:47,172
DA:48,172
DA:49,172
DA:50,172
DA:52,5445
DA:53,5445
DA:54,5445
DA:56,5445
DA:57,5445
DA:58,664
DA:60,4781
DA:61,2199
DA:62,2582
DA:63,2582
DA:64,597
DA:65,1985
DA:66,1985
DA:67,5445
DA:69,121
DA:70,121
DA:71,121
DA:72,2850
DA:74,115
DA:75,6
DA:76,6
DA:77,266
DA:79,1
DA:81,5
DA:83,121
BRF:0
BRH:0
LF:57
LH:55
end_of_record
SF:/Users/terrynoblin/Projects/harness-ultragoal-plugin-proposal/validator/src/target_repo/safe_fs.rs
FN:33,_RNvNtNtCsjFvUV6zAvgn_19ultragoal_validator11target_repo7safe_fs12regular_path
FN:27,_RNvNtNtCsjFvUV6zAvgn_19ultragoal_validator11target_repo7safe_fs13file_metadata
FN:16,_RNvNtNtCsjFvUV6zAvgn_19ultragoal_validator11target_repo7safe_fs14read_to_string
FN:4,_RNvNtNtCsjFvUV6zAvgn_19ultragoal_validator11target_repo7safe_fs15is_regular_file
FN:86,_RNvNtNtCsjFvUV6zAvgn_19ultragoal_validator11target_repo7safe_fs16ensure_contained
FN:8,_RNvNtNtCsjFvUV6zAvgn_19ultragoal_validator11target_repo7safe_fs16is_nonempty_file
FN:72,_RNvNtNtCsjFvUV6zAvgn_19ultragoal_validator11target_repo7safe_fs25reject_symlink_components
FN:22,_RNvNtNtCsjFvUV6zAvgn_19ultragoal_validator11target_repo7safe_fs4read
FN:12,_RNvNtNtCsjFvUV6zAvgn_19ultragoal_validator11target_repo7safe_fs6is_dir
FN:43,_RNvNtNtCsjFvUV6zAvgn_19ultragoal_validator11target_repo7safe_fs8dir_path
FN:55,_RNvNtNtCsjFvUV6zAvgn_19ultragoal_validator11target_repo7safe_fs9contained
FN:29,_RNCNCNvNtNtCsjFvUV6zAvgn_19ultragoal_validator11target_repo7safe_fs13file_metadata00B9_
FN:36,_RNCNvNtNtCsjFvUV6zAvgn_19ultragoal_validator11target_repo7safe_fs12regular_path0B7_
FN:28,_RNCNvNtNtCsjFvUV6zAvgn_19ultragoal_validator11target_repo7safe_fs13file_metadata0B7_
FN:19,_RNCNvNtNtCsjFvUV6zAvgn_19ultragoal_validator11target_repo7safe_fs14read_to_string0B7_
FN:9,_RNCNvNtNtCsjFvUV6zAvgn_19ultragoal_validator11target_repo7safe_fs16is_nonempty_file0B7_
FN:46,_RNCNvNtNtCsjFvUV6zAvgn_19ultragoal_validator11target_repo7safe_fs8dir_path0B7_
FN:60,_RNCNvNtNtCsjFvUV6zAvgn_19ultragoal_validator11target_repo7safe_fs9contained0B7_
FN:64,_RNCNvNtNtCsjFvUV6zAvgn_19ultragoal_validator11target_repo7safe_fs9containeds_0B7_
FN:33,_RNvNtNtCsOcjJYSb0hf_19ultragoal_validator11target_repo7safe_fs12regular_path
FN:27,_RNvNtNtCsOcjJYSb0hf_19ultragoal_validator11target_repo7safe_fs13file_metadata
FN:16,_RNvNtNtCsOcjJYSb0hf_19ultragoal_validator11target_repo7safe_fs14read_to_string
FN:4,_RNvNtNtCsOcjJYSb0hf_19ultragoal_validator11target_repo7safe_fs15is_regular_file
FN:86,_RNvNtNtCsOcjJYSb0hf_19ultragoal_validator11target_repo7safe_fs16ensure_contained
FN:8,_RNvNtNtCsOcjJYSb0hf_19ultragoal_validator11target_repo7safe_fs16is_nonempty_file
FN:72,_RNvNtNtCsOcjJYSb0hf_19ultragoal_validator11target_repo7safe_fs25reject_symlink_components
FN:22,_RNvNtNtCsOcjJYSb0hf_19ultragoal_validator11target_repo7safe_fs4read
FN:12,_RNvNtNtCsOcjJYSb0hf_19ultragoal_validator11target_repo7safe_fs6is_dir
FN:43,_RNvNtNtCsOcjJYSb0hf_19ultragoal_validator11target_repo7safe_fs8dir_path
FN:55,_RNvNtNtCsOcjJYSb0hf_19ultragoal_validator11target_repo7safe_fs9contained
FN:98,_RNvNtNtNtCsOcjJYSb0hf_19ultragoal_validator11target_repo7safe_fs5testss_43contained_guard_reports_outside_target_repo
FN:29,_RNCNCNvNtNtCsOcjJYSb0hf_19ultragoal_validator11target_repo7safe_fs13file_metadata00B9_
FN:36,_RNCNvNtNtCsOcjJYSb0hf_19ultragoal_validator11target_repo7safe_fs12regular_path0B7_
FN:28,_RNCNvNtNtCsOcjJYSb0hf_19ultragoal_validator11target_repo7safe_fs13file_metadata0B7_
FN:19,_RNCNvNtNtCsOcjJYSb0hf_19ultragoal_validator11target_repo7safe_fs14read_to_string0B7_
FN:9,_RNCNvNtNtCsOcjJYSb0hf_19ultragoal_validator11target_repo7safe_fs16is_nonempty_file0B7_
FN:46,_RNCNvNtNtCsOcjJYSb0hf_19ultragoal_validator11target_repo7safe_fs8dir_path0B7_
FN:60,_RNCNvNtNtCsOcjJYSb0hf_19ultragoal_validator11target_repo7safe_fs9contained0B7_
FN:64,_RNCNvNtNtCsOcjJYSb0hf_19ultragoal_validator11target_repo7safe_fs9containeds_0B7_
FNDA:213,_RNvNtNtCsjFvUV6zAvgn_19ultragoal_validator11target_repo7safe_fs12regular_path
FNDA:15,_RNvNtNtCsjFvUV6zAvgn_19ultragoal_validator11target_repo7safe_fs13file_metadata
FNDA:62,_RNvNtNtCsjFvUV6zAvgn_19ultragoal_validator11target_repo7safe_fs14read_to_string
FNDA:54,_RNvNtNtCsjFvUV6zAvgn_19ultragoal_validator11target_repo7safe_fs15is_regular_file
FNDA:260,_RNvNtNtCsjFvUV6zAvgn_19ultragoal_validator11target_repo7safe_fs16ensure_contained
FNDA:15,_RNvNtNtCsjFvUV6zAvgn_19ultragoal_validator11target_repo7safe_fs16is_nonempty_file
FNDA:260,_RNvNtNtCsjFvUV6zAvgn_19ultragoal_validator11target_repo7safe_fs25reject_symlink_components
FNDA:82,_RNvNtNtCsjFvUV6zAvgn_19ultragoal_validator11target_repo7safe_fs4read
FNDA:30,_RNvNtNtCsjFvUV6zAvgn_19ultragoal_validator11target_repo7safe_fs6is_dir
FNDA:47,_RNvNtNtCsjFvUV6zAvgn_19ultragoal_validator11target_repo7safe_fs8dir_path
FNDA:260,_RNvNtNtCsjFvUV6zAvgn_19ultragoal_validator11target_repo7safe_fs9contained
FNDA:0,_RNCNCNvNtNtCsjFvUV6zAvgn_19ultragoal_validator11target_repo7safe_fs13file_metadata00B9_
FNDA:11,_RNCNvNtNtCsjFvUV6zAvgn_19ultragoal_validator11target_repo7safe_fs12regular_path0B7_
FNDA:4,_RNCNvNtNtCsjFvUV6zAvgn_19ultragoal_validator11target_repo7safe_fs13file_metadata0B7_
FNDA:0,_RNCNvNtNtCsjFvUV6zAvgn_19ultragoal_validator11target_repo7safe_fs14read_to_string0B7_
FNDA:4,_RNCNvNtNtCsjFvUV6zAvgn_19ultragoal_validator11target_repo7safe_fs16is_nonempty_file0B7_
FNDA:0,_RNCNvNtNtCsjFvUV6zAvgn_19ultragoal_validator11target_repo7safe_fs8dir_path0B7_
FNDA:0,_RNCNvNtNtCsjFvUV6zAvgn_19ultragoal_validator11target_repo7safe_fs9contained0B7_
FNDA:0,_RNCNvNtNtCsjFvUV6zAvgn_19ultragoal_validator11target_repo7safe_fs9containeds_0B7_
FNDA:11009,_RNvNtNtCsOcjJYSb0hf_19ultragoal_validator11target_repo7safe_fs12regular_path
FNDA:895,_RNvNtNtCsOcjJYSb0hf_19ultragoal_validator11target_repo7safe_fs13file_metadata
FNDA:3662,_RNvNtNtCsOcjJYSb0hf_19ultragoal_validator11target_repo7safe_fs14read_to_string
FNDA:1722,_RNvNtNtCsOcjJYSb0hf_19ultragoal_validator11target_repo7safe_fs15is_regular_file
FNDA:14992,_RNvNtNtCsOcjJYSb0hf_19ultragoal_validator11target_repo7safe_fs16ensure_contained
FNDA:895,_RNvNtNtCsOcjJYSb0hf_19ultragoal_validator11target_repo7safe_fs16is_nonempty_file
FNDA:14992,_RNvNtNtCsOcjJYSb0hf_19ultragoal_validator11target_repo7safe_fs25reject_symlink_components
FNDA:4728,_RNvNtNtCsOcjJYSb0hf_19ultragoal_validator11target_repo7safe_fs4read
FNDA:1419,_RNvNtNtCsOcjJYSb0hf_19ultragoal_validator11target_repo7safe_fs6is_dir
FNDA:3984,_RNvNtNtCsOcjJYSb0hf_19ultragoal_validator11target_repo7safe_fs8dir_path
FNDA:14993,_RNvNtNtCsOcjJYSb0hf_19ultragoal_validator11target_repo7safe_fs9contained
FNDA:1,_RNvNtNtNtCsOcjJYSb0hf_19ultragoal_validator11target_repo7safe_fs5testss_43contained_guard_reports_outside_target_repo
FNDA:0,_RNCNCNvNtNtCsOcjJYSb0hf_19ultragoal_validator11target_repo7safe_fs13file_metadata00B9_
FNDA:4348,_RNCNvNtNtCsOcjJYSb0hf_19ultragoal_validator11target_repo7safe_fs12regular_path0B7_
FNDA:211,_RNCNvNtNtCsOcjJYSb0hf_19ultragoal_validator11target_repo7safe_fs13file_metadata0B7_
FNDA:3,_RNCNvNtNtCsOcjJYSb0hf_19ultragoal_validator11target_repo7safe_fs14read_to_string0B7_
FNDA:211,_RNCNvNtNtCsOcjJYSb0hf_19ultragoal_validator11target_repo7safe_fs16is_nonempty_file0B7_
FNDA:2453,_RNCNvNtNtCsOcjJYSb0hf_19ultragoal_validator11target_repo7safe_fs8dir_path0B7_
FNDA:1,_RNCNvNtNtCsOcjJYSb0hf_19ultragoal_validator11target_repo7safe_fs9contained0B7_
FNDA:6076,_RNCNvNtNtCsOcjJYSb0hf_19ultragoal_validator11target_repo7safe_fs9containeds_0B7_
FNF:20
FNH:19
DA:4,1776
DA:5,1776
DA:6,1776
DA:8,910
DA:9,910
DA:10,910
DA:12,1449
DA:13,1449
DA:14,1449
DA:16,3724
DA:17,3724
DA:18,2155
DA:19,2155
DA:20,3724
DA:22,4810
DA:23,4810
DA:24,2228
DA:25,4810
DA:27,910
DA:28,910
DA:29,215
DA:30,215
DA:31,910
DA:33,11222
DA:34,11222
DA:35,11219
DA:36,11219
DA:37,6860
DA:38,598
DA:39,6262
DA:40,6262
DA:41,11222
DA:43,4031
DA:44,4031
DA:45,4031
DA:46,4031
DA:47,1578
DA:48,1
DA:49,1
DA:50,1
DA:51,1577
DA:52,1577
DA:53,4031
DA:55,15253
DA:56,15253
DA:57,15253
DA:58,15253
DA:59,15253
DA:60,29965
DA:62,1
DA:63,15252
DA:64,15252
DA:65,15252
DA:66,15252
DA:67,15250
DA:68,15250
DA:69,15250
DA:70,15253
DA:72,15252
DA:73,15252
DA:74,29964
DA:75,29964
DA:76,29964
DA:77,13060
DA:79,16904
DA:80,2
DA:81,16902
DA:83,15250
DA:84,15252
DA:86,15252
DA:87,15252
DA:88,1
DA:89,15251
DA:90,15251
DA:91,15252
DA:98,1
DA:99,1
DA:100,1
DA:101,1
DA:102,1
DA:103,1
DA:104,1
DA:106,1
BRF:0
BRH:0
LF:91
LH:90
end_of_record
SF:/Users/terrynoblin/Projects/harness-ultragoal-plugin-proposal/validator/src/target_repo/worktree_env_contract.rs
FN:88,_RNCNCNvNtNtCsjFvUV6zAvgn_19ultragoal_validator11target_repo21worktree_env_contract15action_sections00B9_
FN:21,_RNCNvNtNtCsjFvUV6zAvgn_19ultragoal_validator11target_repo21worktree_env_contract12action_count0B7_
FN:71,_RNCNvNtNtCsjFvUV6zAvgn_19ultragoal_validator11target_repo21worktree_env_contract13section_after0B7_
FN:76,_RNCNvNtNtCsjFvUV6zAvgn_19ultragoal_validator11target_repo21worktree_env_contract13section_afters_0B7_
FN:84,_RNCNvNtNtCsjFvUV6zAvgn_19ultragoal_validator11target_repo21worktree_env_contract15action_sections0B7_
FN:57,_RNCNvNtNtCsjFvUV6zAvgn_19ultragoal_validator11target_repo21worktree_env_contract20fast_check_action_ok0B7_
FN:16,_RNCNvNtNtCsjFvUV6zAvgn_19ultragoal_validator11target_repo21worktree_env_contract21meaningful_toml_lines0B7_
FN:27,_RNCNvNtNtCsjFvUV6zAvgn_19ultragoal_validator11target_repo21worktree_env_contract24autogenerated_comment_ok0B7_
FN:31,_RNCNvNtNtCsjFvUV6zAvgn_19ultragoal_validator11target_repo21worktree_env_contract9header_ok0B7_
FN:32,_RNCNvNtNtCsjFvUV6zAvgn_19ultragoal_validator11target_repo21worktree_env_contract9header_oks_0B7_
FN:20,_RNvNtNtCsjFvUV6zAvgn_19ultragoal_validator11target_repo21worktree_env_contract12action_count
FN:66,_RNvNtNtCsjFvUV6zAvgn_19ultragoal_validator11target_repo21worktree_env_contract13section_after
FN:82,_RNvNtNtCsjFvUV6zAvgn_19ultragoal_validator11target_repo21worktree_env_contract15action_sections
FN:35,_RNvNtNtCsjFvUV6zAvgn_19ultragoal_validator11target_repo21worktree_env_contract15setup_script_ok
FN:44,_RNvNtNtCsjFvUV6zAvgn_19ultragoal_validator11target_repo21worktree_env_contract17cleanup_script_ok
FN:56,_RNvNtNtCsjFvUV6zAvgn_19ultragoal_validator11target_repo21worktree_env_contract20fast_check_action_ok
FN:13,_RNvNtNtCsjFvUV6zAvgn_19ultragoal_validator11target_repo21worktree_env_contract21meaningful_toml_lines
FN:24,_RNvNtNtCsjFvUV6zAvgn_19ultragoal_validator11target_repo21worktree_env_contract24autogenerated_comment_ok
FN:1,_RNvNtNtCsjFvUV6zAvgn_19ultragoal_validator11target_repo21worktree_env_contract7text_ok
FN:30,_RNvNtNtCsjFvUV6zAvgn_19ultragoal_validator11target_repo21worktree_env_contract9header_ok
FN:20,_RNvNtNtCsOcjJYSb0hf_19ultragoal_validator11target_repo21worktree_env_contract12action_count
FN:66,_RNvNtNtCsOcjJYSb0hf_19ultragoal_validator11target_repo21worktree_env_contract13section_after
FN:82,_RNvNtNtCsOcjJYSb0hf_19ultragoal_validator11target_repo21worktree_env_contract15action_sections
FN:35,_RNvNtNtCsOcjJYSb0hf_19ultragoal_validator11target_repo21worktree_env_contract15setup_script_ok
FN:44,_RNvNtNtCsOcjJYSb0hf_19ultragoal_validator11target_repo21worktree_env_contract17cleanup_script_ok
FN:56,_RNvNtNtCsOcjJYSb0hf_19ultragoal_validator11target_repo21worktree_env_contract20fast_check_action_ok
FN:13,_RNvNtNtCsOcjJYSb0hf_19ultragoal_validator11target_repo21worktree_env_contract21meaningful_toml_lines
FN:24,_RNvNtNtCsOcjJYSb0hf_19ultragoal_validator11target_repo21worktree_env_contract24autogenerated_comment_ok
FN:1,_RNvNtNtCsOcjJYSb0hf_19ultragoal_validator11target_repo21worktree_env_contract7text_ok
FN:30,_RNvNtNtCsOcjJYSb0hf_19ultragoal_validator11target_repo21worktree_env_contract9header_ok
FN:88,_RNCNCNvNtNtCsOcjJYSb0hf_19ultragoal_validator11target_repo21worktree_env_contract15action_sections00B9_
FN:21,_RNCNvNtNtCsOcjJYSb0hf_19ultragoal_validator11target_repo21worktree_env_contract12action_count0B7_
FN:71,_RNCNvNtNtCsOcjJYSb0hf_19ultragoal_validator11target_repo21worktree_env_contract13section_after0B7_
FN:76,_RNCNvNtNtCsOcjJYSb0hf_19ultragoal_validator11target_repo21worktree_env_contract13section_afters_0B7_
FN:84,_RNCNvNtNtCsOcjJYSb0hf_19ultragoal_validator11target_repo21worktree_env_contract15action_sections0B7_
FN:57,_RNCNvNtNtCsOcjJYSb0hf_19ultragoal_validator11target_repo21worktree_env_contract20fast_check_action_ok0B7_
FN:16,_RNCNvNtNtCsOcjJYSb0hf_19ultragoal_validator11target_repo21worktree_env_contract21meaningful_toml_lines0B7_
FN:27,_RNCNvNtNtCsOcjJYSb0hf_19ultragoal_validator11target_repo21worktree_env_contract24autogenerated_comment_ok0B7_
FN:31,_RNCNvNtNtCsOcjJYSb0hf_19ultragoal_validator11target_repo21worktree_env_contract9header_ok0B7_
FN:32,_RNCNvNtNtCsOcjJYSb0hf_19ultragoal_validator11target_repo21worktree_env_contract9header_oks_0B7_
FNDA:6,_RNCNCNvNtNtCsjFvUV6zAvgn_19ultragoal_validator11target_repo21worktree_env_contract15action_sections00B9_
FNDA:118,_RNCNvNtNtCsjFvUV6zAvgn_19ultragoal_validator11target_repo21worktree_env_contract12action_count0B7_
FNDA:42,_RNCNvNtNtCsjFvUV6zAvgn_19ultragoal_validator11target_repo21worktree_env_contract13section_after0B7_
FNDA:42,_RNCNvNtNtCsjFvUV6zAvgn_19ultragoal_validator11target_repo21worktree_env_contract13section_afters_0B7_
FNDA:8,_RNCNvNtNtCsjFvUV6zAvgn_19ultragoal_validator11target_repo21worktree_env_contract15action_sections0B7_
FNDA:6,_RNCNvNtNtCsjFvUV6zAvgn_19ultragoal_validator11target_repo21worktree_env_contract20fast_check_action_ok0B7_
FNDA:132,_RNCNvNtNtCsjFvUV6zAvgn_19ultragoal_validator11target_repo21worktree_env_contract21meaningful_toml_lines0B7_
FNDA:2,_RNCNvNtNtCsjFvUV6zAvgn_19ultragoal_validator11target_repo21worktree_env_contract24autogenerated_comment_ok0B7_
FNDA:2,_RNCNvNtNtCsjFvUV6zAvgn_19ultragoal_validator11target_repo21worktree_env_contract9header_ok0B7_
FNDA:4,_RNCNvNtNtCsjFvUV6zAvgn_19ultragoal_validator11target_repo21worktree_env_contract9header_oks_0B7_
FNDA:2,_RNvNtNtCsjFvUV6zAvgn_19ultragoal_validator11target_repo21worktree_env_contract12action_count
FNDA:4,_RNvNtNtCsjFvUV6zAvgn_19ultragoal_validator11target_repo21worktree_env_contract13section_after
FNDA:2,_RNvNtNtCsjFvUV6zAvgn_19ultragoal_validator11target_repo21worktree_env_contract15action_sections
FNDA:2,_RNvNtNtCsjFvUV6zAvgn_19ultragoal_validator11target_repo21worktree_env_contract15setup_script_ok
FNDA:2,_RNvNtNtCsjFvUV6zAvgn_19ultragoal_validator11target_repo21worktree_env_contract17cleanup_script_ok
FNDA:2,_RNvNtNtCsjFvUV6zAvgn_19ultragoal_validator11target_repo21worktree_env_contract20fast_check_action_ok
FNDA:2,_RNvNtNtCsjFvUV6zAvgn_19ultragoal_validator11target_repo21worktree_env_contract21meaningful_toml_lines
FNDA:2,_RNvNtNtCsjFvUV6zAvgn_19ultragoal_validator11target_repo21worktree_env_contract24autogenerated_comment_ok
FNDA:2,_RNvNtNtCsjFvUV6zAvgn_19ultragoal_validator11target_repo21worktree_env_contract7text_ok
FNDA:2,_RNvNtNtCsjFvUV6zAvgn_19ultragoal_validator11target_repo21worktree_env_contract9header_ok
FNDA:69,_RNvNtNtCsOcjJYSb0hf_19ultragoal_validator11target_repo21worktree_env_contract12action_count
FNDA:133,_RNvNtNtCsOcjJYSb0hf_19ultragoal_validator11target_repo21worktree_env_contract13section_after
FNDA:65,_RNvNtNtCsOcjJYSb0hf_19ultragoal_validator11target_repo21worktree_env_contract15action_sections
FNDA:67,_RNvNtNtCsOcjJYSb0hf_19ultragoal_validator11target_repo21worktree_env_contract15setup_script_ok
FNDA:66,_RNvNtNtCsOcjJYSb0hf_19ultragoal_validator11target_repo21worktree_env_contract17cleanup_script_ok
FNDA:65,_RNvNtNtCsOcjJYSb0hf_19ultragoal_validator11target_repo21worktree_env_contract20fast_check_action_ok
FNDA:71,_RNvNtNtCsOcjJYSb0hf_19ultragoal_validator11target_repo21worktree_env_contract21meaningful_toml_lines
FNDA:71,_RNvNtNtCsOcjJYSb0hf_19ultragoal_validator11target_repo21worktree_env_contract24autogenerated_comment_ok
FNDA:71,_RNvNtNtCsOcjJYSb0hf_19ultragoal_validator11target_repo21worktree_env_contract7text_ok
FNDA:69,_RNvNtNtCsOcjJYSb0hf_19ultragoal_validator11target_repo21worktree_env_contract9header_ok
FNDA:195,_RNCNCNvNtNtCsOcjJYSb0hf_19ultragoal_validator11target_repo21worktree_env_contract15action_sections00B9_
FNDA:3881,_RNCNvNtNtCsOcjJYSb0hf_19ultragoal_validator11target_repo21worktree_env_contract12action_count0B7_
FNDA:1368,_RNCNvNtNtCsOcjJYSb0hf_19ultragoal_validator11target_repo21worktree_env_contract13section_after0B7_
FNDA:1368,_RNCNvNtNtCsOcjJYSb0hf_19ultragoal_validator11target_repo21worktree_env_contract13section_afters_0B7_
FNDA:260,_RNCNvNtNtCsOcjJYSb0hf_19ultragoal_validator11target_repo21worktree_env_contract15action_sections0B7_
FNDA:195,_RNCNvNtNtCsOcjJYSb0hf_19ultragoal_validator11target_repo21worktree_env_contract20fast_check_action_ok0B7_
FNDA:4370,_RNCNvNtNtCsOcjJYSb0hf_19ultragoal_validator11target_repo21worktree_env_contract21meaningful_toml_lines0B7_
FNDA:71,_RNCNvNtNtCsOcjJYSb0hf_19ultragoal_validator11target_repo21worktree_env_contract24autogenerated_comment_ok0B7_
FNDA:69,_RNCNvNtNtCsOcjJYSb0hf_19ultragoal_validator11target_repo21worktree_env_contract9header_ok0B7_
FNDA:138,_RNCNvNtNtCsOcjJYSb0hf_19ultragoal_validator11target_repo21worktree_env_contract9header_oks_0B7_
FNF:20
FNH:20
DA:1,73
DA:2,73
DA:3,73
DA:4,71
DA:5,71
DA:6,69
DA:7,68
DA:8,67
DA:9,67
DA:10,67
DA:11,73
DA:13,73
DA:14,73
DA:15,73
DA:16,4502
DA:17,73
DA:18,73
DA:20,71
DA:21,3999
DA:22,71
DA:24,73
DA:25,73
DA:26,73
DA:27,73
DA:28,73
DA:30,71
DA:31,71
DA:32,142
DA:33,71
DA:35,69
DA:36,69
DA:37,1
DA:39,68
DA:40,68
DA:41,68
DA:42,69
DA:44,68
DA:45,68
DA:46,1
DA:48,67
DA:49,67
DA:50,67
DA:51,67
DA:52,67
DA:53,67
DA:54,68
DA:56,67
DA:57,201
DA:58,201
DA:59,67
DA:60,67
DA:61,67
DA:62,67
DA:63,201
DA:64,67
DA:66,137
DA:67,137
DA:68,135
DA:69,135
DA:70,135
DA:71,1410
DA:72,1410
DA:73,1410
DA:74,1410
DA:75,1410
DA:76,1410
DA:77,135
DA:78,135
DA:79,135
DA:80,137
DA:82,67
DA:83,67
DA:84,268
DA:85,268
DA:86,268
DA:87,268
DA:88,268
DA:89,268
DA:90,268
DA:91,268
DA:92,67
DA:93,67
BRF:0
BRH:0
LF:92
LH:92
end_of_record